#
# A fatal error has been detected by the Java Runtime Environment:
#
#  EXCEPTION_ACCESS_VIOLATION (0xc0000005) at pc=0x00007ff9ceea72a6, pid=10404, tid=0x00000000000010e4
#
# JRE version: Java(TM) SE Runtime Environment (8.0_181-b13) (build 1.8.0_181-b13)
# Java VM: Java HotSpot(TM) 64-Bit Server VM (25.181-b13 mixed mode windows-amd64 compressed oops)
# Problematic frame:
# C  [ntdll.dll+0x72a6]
#
# Failed to write core dump. Minidumps are not enabled by default on client versions of Windows
#
# If you would like to submit a bug report, please visit:
#   http://bugreport.java.com/bugreport/crash.jsp
# The crash happened outside the Java Virtual Machine in native code.
# See problematic frame for where to report the bug.
#

---------------  T H R E A D  ---------------

Current thread (0x000000002373d000):  JavaThread "Thread-43" daemon [_thread_in_native, id=4324, stack(0x000000002e780000,0x000000002e880000)]

siginfo: ExceptionCode=0xc0000005, writing address 0x0000000000000024

Registers:
RAX=0x0000000000000000, RBX=0x0000000001221218, RCX=0x0000000001221218, RDX=0x00000000fffffffa
RSP=0x000000002e87ee60, RBP=0x0000000000000000, RSI=0x0000000000000000, RDI=0x0000000000000000
R8 =0x0000000000000000, R9 =0x0000000001221200, R10=0x0000000000000000, R11=0x0000000000000246
R12=0x0000000000000000, R13=0x0000000000eec000, R14=0x0000000000000001, R15=0x0000000000000000
RIP=0x00007ff9ceea72a6, EFLAGS=0x0000000000010213

Top of Stack: (sp=0x000000002e87ee60)
0x000000002e87ee60:   ffffffffffffffff 0000000001221218
0x000000002e87ee70:   0000000000000000 00007ff975641adc
0x000000002e87ee80:   0000000027ce87c0 0000000022fc9a00
0x000000002e87ee90:   000000002373d000 000000002f1a3640
0x000000002e87eea0:   0000000029439e00 00000000fffffffa
0x000000002e87eeb0:   0000000000eec000 0000000000000000
0x000000002e87eec0:   8000000000000000 0000000000005a6e
0x000000002e87eed0:   0000000000000000 0000000000000000
0x000000002e87eee0:   0000000000000000 00007ff9756435c8
0x000000002e87eef0:   0000064076edc301 0000000027d1ff00
0x000000002e87ef00:   000000002373d000 0000000000000001
0x000000002e87ef10:   0000000000000001 0000000000000001
0x000000002e87ef20:   0000000000000000 0000000001221218
0x000000002e87ef30:   0000000000000000 00007ff9ceebb576
0x000000002e87ef40:   0000000000000000 0000000000000000
0x000000002e87ef50:   00000000fffffffa ffffffffff676980 

Instructions: (pc=0x00007ff9ceea72a6)
0x00007ff9ceea7286:   48 39 73 18 0f 84 d1 00 00 00 48 8b 03 48 83 f8
0x00007ff9ceea7296:   ff 0f 84 d1 00 00 00 44 8b fe 48 83 f8 ff 74 03
0x00007ff9ceea72a6:   ff 40 24 4c 8b 73 18 4c 8d 2d 44 82 15 00 bd 22
0x00007ff9ceea72b6:   17 00 00 e8 c2 94 03 00 85 c0 0f 85 9e 18 0a 00 


Register to memory mapping:

RAX=0x0000000000000000 is an unknown value
RBX=0x0000000001221218 is an unknown value
RCX=0x0000000001221218 is an unknown value
RDX=0x00000000fffffffa is an unknown value
RSP=0x000000002e87ee60 is pointing into the stack for thread: 0x000000002373d000
RBP=0x0000000000000000 is an unknown value
RSI=0x0000000000000000 is an unknown value
RDI=0x0000000000000000 is an unknown value
R8 =0x0000000000000000 is an unknown value
R9 =0x0000000001221200 is an unknown value
R10=0x0000000000000000 is an unknown value
R11=0x0000000000000246 is an unknown value
R12=0x0000000000000000 is an unknown value
R13=0x0000000000eec000 is an unknown value
R14=0x0000000000000001 is an unknown value
R15=0x0000000000000000 is an unknown value


Stack: [0x000000002e780000,0x000000002e880000],  sp=0x000000002e87ee60,  free space=1019k
Native frames: (J=compiled Java code, j=interpreted, Vv=VM code, C=native code)

Java frames: (J=compiled Java code, j=interpreted, Vv=VM code)
J 5228  org.bytedeco.javacpp.opencv_videoio$VideoCapture.retrieve(Lorg/bytedeco/javacpp/opencv_core$Mat;)Z (0 bytes) @ 0x000000000426484f [0x0000000004264800+0x4f]
J 5227 C1 org.bytedeco.javacv.OpenCVFrameGrabber.grab()Lorg/bytedeco/javacv/Frame; (255 bytes) @ 0x0000000004264d7c [0x0000000004264d20+0x5c]
j  cn.macswelle.campusecurity.nvrlistener.controller.CameraController.lambda$startUpStream$0([Lorg/bytedeco/javacv/Frame;Lorg/bytedeco/javacv/CanvasFrame;[Lorg/bytedeco/javacpp/opencv_core$IplImage;Lorg/bytedeco/javacv/OpenCVFrameConverter$ToIplImage;[JLorg/bytedeco/javacv/FrameRecorder;)V+6
j  cn.macswelle.campusecurity.nvrlistener.controller.CameraController$$Lambda$469.run()V+28
j  java.lang.Thread.run()V+11
v  ~StubRoutines::call_stub

---------------  P R O C E S S  ---------------

Java Threads: ( => current thread )
  0x0000000023736000 JavaThread "Thread-36" [_thread_blocked, id=19808, stack(0x000000003a330000,0x000000003a430000)]
=>0x000000002373d000 JavaThread "Thread-43" daemon [_thread_in_native, id=4324, stack(0x000000002e780000,0x000000002e880000)]
  0x000000002373a800 JavaThread "AWT-EventQueue-0" [_thread_blocked, id=10560, stack(0x000000002e680000,0x000000002e780000)]
  0x0000000023734800 JavaThread "AWT-Shutdown" [_thread_blocked, id=19112, stack(0x000000002d2a0000,0x000000002d3a0000)]
  0x0000000023735800 JavaThread "Java2D Disposer" daemon [_thread_blocked, id=20240, stack(0x000000002d1a0000,0x000000002d2a0000)]
  0x000000002373b800 JavaThread "DiscoveryClient-CacheRefreshExecutor-0" daemon [_thread_blocked, id=20456, stack(0x0000000027620000,0x0000000027720000)]
  0x000000002373a000 JavaThread "DiscoveryClient-HeartbeatExecutor-0" daemon [_thread_blocked, id=18464, stack(0x0000000027520000,0x0000000027620000)]
  0x0000000023737800 JavaThread "RMI TCP Connection(idle)" daemon [_thread_blocked, id=10956, stack(0x0000000027420000,0x0000000027520000)]
  0x00000000235ed800 JavaThread "DestroyJavaVM" [_thread_blocked, id=13652, stack(0x0000000003320000,0x0000000003420000)]
  0x00000000235ea000 JavaThread "http-nio-8764-AsyncTimeout" daemon [_thread_blocked, id=12148, stack(0x0000000027320000,0x0000000027420000)]
  0x00000000235ed000 JavaThread "http-nio-8764-Acceptor-0" daemon [_thread_in_native, id=4876, stack(0x0000000027220000,0x0000000027320000)]
  0x00000000235ee800 JavaThread "http-nio-8764-ClientPoller-1" daemon [_thread_in_native, id=8072, stack(0x0000000027120000,0x0000000027220000)]
  0x00000000235ec000 JavaThread "http-nio-8764-ClientPoller-0" daemon [_thread_in_native, id=17824, stack(0x0000000027020000,0x0000000027120000)]
  0x00000000235e9000 JavaThread "http-nio-8764-exec-10" daemon [_thread_blocked, id=11844, stack(0x0000000026f20000,0x0000000027020000)]
  0x00000000235ea800 JavaThread "http-nio-8764-exec-9" daemon [_thread_blocked, id=17688, stack(0x0000000026e20000,0x0000000026f20000)]
  0x00000000235eb800 JavaThread "http-nio-8764-exec-8" daemon [_thread_blocked, id=14520, stack(0x0000000026d20000,0x0000000026e20000)]
  0x00000000235e1800 JavaThread "http-nio-8764-exec-7" daemon [_thread_blocked, id=20048, stack(0x0000000026c20000,0x0000000026d20000)]
  0x00000000235e8800 JavaThread "http-nio-8764-exec-6" daemon [_thread_blocked, id=3916, stack(0x0000000026b20000,0x0000000026c20000)]
  0x00000000235e7800 JavaThread "http-nio-8764-exec-5" daemon [_thread_blocked, id=19960, stack(0x0000000026a20000,0x0000000026b20000)]
  0x00000000235e3000 JavaThread "http-nio-8764-exec-4" daemon [_thread_blocked, id=4520, stack(0x0000000026920000,0x0000000026a20000)]
  0x00000000235e4000 JavaThread "http-nio-8764-exec-3" daemon [_thread_blocked, id=20036, stack(0x0000000026820000,0x0000000026920000)]
  0x00000000235e7000 JavaThread "http-nio-8764-exec-2" daemon [_thread_blocked, id=10264, stack(0x0000000026720000,0x0000000026820000)]
  0x00000000235df800 JavaThread "http-nio-8764-exec-1" daemon [_thread_blocked, id=824, stack(0x0000000026620000,0x0000000026720000)]
  0x00000000235e5800 JavaThread "NioBlockingSelector.BlockPoller-1" daemon [_thread_in_native, id=6924, stack(0x0000000026520000,0x0000000026620000)]
  0x00000000235e1000 JavaThread "DiscoveryClient-InstanceInfoReplicator-0" daemon [_thread_blocked, id=11512, stack(0x0000000026420000,0x0000000026520000)]
  0x00000000235e0000 JavaThread "DiscoveryClient-1" daemon [_thread_blocked, id=11296, stack(0x0000000026320000,0x0000000026420000)]
  0x00000000235e2800 JavaThread "DiscoveryClient-0" daemon [_thread_blocked, id=5344, stack(0x0000000026220000,0x0000000026320000)]
  0x00000000235e4800 JavaThread "AsyncResolver-bootstrap-0" daemon [_thread_blocked, id=9748, stack(0x0000000024480000,0x0000000024580000)]
  0x00000000235e6000 JavaThread "Eureka-JerseyClient-Conn-Cleaner2" daemon [_thread_blocked, id=16532, stack(0x0000000022eb0000,0x0000000022fb0000)]
  0x00000000232ca800 JavaThread "RMI TCP Connection(idle)" daemon [_thread_blocked, id=18080, stack(0x0000000022ab0000,0x0000000022bb0000)]
  0x00000000232cb800 JavaThread "JavaCPP Deallocator" daemon [_thread_blocked, id=1144, stack(0x0000000024a80000,0x0000000024b80000)]
  0x00000000232cc000 JavaThread "container-0" [_thread_blocked, id=18728, stack(0x0000000024980000,0x0000000024a80000)]
  0x00000000232ca000 JavaThread "ContainerBackgroundProcessor[StandardEngine[Tomcat]]" daemon [_thread_blocked, id=4576, stack(0x0000000024880000,0x0000000024980000)]
  0x0000000020c47800 JavaThread "RMI Scheduler(0)" daemon [_thread_blocked, id=3292, stack(0x00000000223b0000,0x00000000224b0000)]
  0x0000000020b96800 JavaThread "RMI TCP Connection(idle)" daemon [_thread_blocked, id=15684, stack(0x00000000220b0000,0x00000000221b0000)]
  0x0000000020806800 JavaThread "RMI TCP Accept-0" daemon [_thread_in_native, id=20220, stack(0x0000000021600000,0x0000000021700000)]
  0x000000001ff97800 JavaThread "Service Thread" daemon [_thread_blocked, id=5064, stack(0x0000000020530000,0x0000000020630000)]
  0x000000001fefa000 JavaThread "C1 CompilerThread3" daemon [_thread_blocked, id=8184, stack(0x0000000020430000,0x0000000020530000)]
  0x000000001fef7800 JavaThread "C2 CompilerThread2" daemon [_thread_blocked, id=19608, stack(0x0000000020330000,0x0000000020430000)]
  0x000000001fef4800 JavaThread "C2 CompilerThread1" daemon [_thread_blocked, id=17416, stack(0x0000000020230000,0x0000000020330000)]
  0x000000001fef2000 JavaThread "C2 CompilerThread0" daemon [_thread_blocked, id=15328, stack(0x0000000020130000,0x0000000020230000)]
  0x000000001feb8800 JavaThread "Monitor Ctrl-Break" daemon [_thread_in_native, id=20228, stack(0x0000000020030000,0x0000000020130000)]
  0x000000001f174000 JavaThread "Attach Listener" daemon [_thread_blocked, id=19452, stack(0x000000001f730000,0x000000001f830000)]
  0x000000001f173000 JavaThread "Signal Dispatcher" daemon [_thread_blocked, id=18488, stack(0x000000001f630000,0x000000001f730000)]
  0x000000001f150800 JavaThread "Finalizer" daemon [_thread_blocked, id=5960, stack(0x000000001f530000,0x000000001f630000)]
  0x000000001d254800 JavaThread "Reference Handler" daemon [_thread_blocked, id=4824, stack(0x000000001f030000,0x000000001f130000)]

Other Threads:
  0x000000001d24c000 VMThread [stack: 0x000000001ef30000,0x000000001f030000] [id=8884]
  0x0000000020808800 WatcherThread [stack: 0x0000000021700000,0x0000000021800000] [id=12260]

VM state:not at safepoint (normal execution)

VM Mutex/Monitor currently owned by a thread: None

Heap:
 PSYoungGen      total 314880K, used 131032K [0x000000076b300000, 0x0000000783e80000, 0x00000007c0000000)
  eden space 301056K, 39% used [0x000000076b300000,0x0000000772746b30,0x000000077d900000)
  from space 13824K, 86% used [0x000000077d900000,0x000000077e4af598,0x000000077e680000)
  to   space 14848K, 0% used [0x0000000783000000,0x0000000783000000,0x0000000783e80000)
 ParOldGen       total 147456K, used 30026K [0x00000006c1800000, 0x00000006ca800000, 0x000000076b300000)
  object space 147456K, 20% used [0x00000006c1800000,0x00000006c35529e0,0x00000006ca800000)
 Metaspace       used 55108K, capacity 57136K, committed 57472K, reserved 1099776K
  class space    used 7349K, capacity 7747K, committed 7808K, reserved 1048576K

Card table byte_map: [0x0000000012bd0000,0x00000000133d0000] byte_map_base: 0x000000000f5c4000

Marking Bits: (ParMarkBitMap*) 0x0000000062d72d00
 Begin Bits: [0x0000000014120000, 0x00000000180c0000)
 End Bits:   [0x00000000180c0000, 0x000000001c060000)

Polling page: 0x00000000011a0000

CodeCache: size=245760Kb used=10785Kb max_used=10785Kb free=234975Kb
 bounds [0x0000000003810000, 0x00000000042a0000, 0x0000000012810000]
 total_blobs=6009 nmethods=5241 adapters=679
 compilation: enabled

Compilation events (10 events):
Event: 68.944 Thread 0x000000001fefa000 5353       1       org.springframework.util.LinkedCaseInsensitiveMap::getLocale (5 bytes)
Event: 68.944 Thread 0x000000001fefa000 nmethod 5353 0x0000000004297990 code [0x0000000004297ae0, 0x0000000004297bf0]
Event: 68.945 Thread 0x000000001fefa000 5354       1       org.springframework.util.MimeType::getParameters (5 bytes)
Event: 68.945 Thread 0x000000001fefa000 nmethod 5354 0x0000000004297c50 code [0x0000000004297da0, 0x0000000004297eb0]
Event: 68.960 Thread 0x000000001fefa000 5355       1       org.apache.http.util.CharArrayBuffer::append (158 bytes)
Event: 68.961 Thread 0x000000001fefa000 nmethod 5355 0x0000000004297f10 code [0x0000000004298100, 0x00000000042987e8]
Event: 68.961 Thread 0x000000001fefa000 5356       1       org.apache.http.util.CharArrayBuffer::substringTrimmed (191 bytes)
Event: 68.963 Thread 0x000000001fefa000 nmethod 5356 0x0000000004298d90 code [0x0000000004299020, 0x0000000004299ae8]
Event: 68.963 Thread 0x000000001fefa000 5357       1       java.util.GregorianCalendar::getWeekNumber (89 bytes)
Event: 68.964 Thread 0x000000001fefa000 nmethod 5357 0x000000000429a390 code [0x000000000429a500, 0x000000000429a890]

GC Heap History (10 events):
Event: 8.663 GC heap before
{Heap before GC invocations=11 (full 2):
 PSYoungGen      total 183808K, used 10226K [0x000000076b300000, 0x000000077bd80000, 0x00000007c0000000)
  eden space 170496K, 0% used [0x000000076b300000,0x000000076b300000,0x0000000775980000)
  from space 13312K, 76% used [0x0000000775980000,0x000000077637c808,0x0000000776680000)
  to   space 13824K, 0% used [0x000000077b000000,0x000000077b000000,0x000000077bd80000)
 ParOldGen       total 100864K, used 14845K [0x00000006c1800000, 0x00000006c7a80000, 0x000000076b300000)
  object space 100864K, 14% used [0x00000006c1800000,0x00000006c267f6a0,0x00000006c7a80000)
 Metaspace       used 33899K, capacity 35300K, committed 35496K, reserved 1079296K
  class space    used 4511K, capacity 4776K, committed 4864K, reserved 1048576K
Event: 8.703 GC heap after
Heap after GC invocations=11 (full 2):
 PSYoungGen      total 183808K, used 0K [0x000000076b300000, 0x000000077bd80000, 0x00000007c0000000)
  eden space 170496K, 0% used [0x000000076b300000,0x000000076b300000,0x0000000775980000)
  from space 13312K, 0% used [0x0000000775980000,0x0000000775980000,0x0000000776680000)
  to   space 13824K, 0% used [0x000000077b000000,0x000000077b000000,0x000000077bd80000)
 ParOldGen       total 147456K, used 20209K [0x00000006c1800000, 0x00000006ca800000, 0x000000076b300000)
  object space 147456K, 13% used [0x00000006c1800000,0x00000006c2bbc6f8,0x00000006ca800000)
 Metaspace       used 33899K, capacity 35300K, committed 35496K, reserved 1079296K
  class space    used 4511K, capacity 4776K, committed 4864K, reserved 1048576K
}
Event: 10.222 GC heap before
{Heap before GC invocations=12 (full 2):
 PSYoungGen      total 183808K, used 170496K [0x000000076b300000, 0x000000077bd80000, 0x00000007c0000000)
  eden space 170496K, 100% used [0x000000076b300000,0x0000000775980000,0x0000000775980000)
  from space 13312K, 0% used [0x0000000775980000,0x0000000775980000,0x0000000776680000)
  to   space 13824K, 0% used [0x000000077b000000,0x000000077b000000,0x000000077bd80000)
 ParOldGen       total 147456K, used 20209K [0x00000006c1800000, 0x00000006ca800000, 0x000000076b300000)
  object space 147456K, 13% used [0x00000006c1800000,0x00000006c2bbc6f8,0x00000006ca800000)
 Metaspace       used 35412K, capacity 36860K, committed 37248K, reserved 1081344K
  class space    used 4697K, capacity 4972K, committed 4992K, reserved 1048576K
Event: 10.224 GC heap after
Heap after GC invocations=12 (full 2):
 PSYoungGen      total 232448K, used 1174K [0x000000076b300000, 0x000000077b180000, 0x00000007c0000000)
  eden space 230912K, 0% used [0x000000076b300000,0x000000076b300000,0x0000000779480000)
  from space 1536K, 76% used [0x000000077b000000,0x000000077b1259c0,0x000000077b180000)
  to   space 14336K, 0% used [0x0000000779580000,0x0000000779580000,0x000000077a380000)
 ParOldGen       total 147456K, used 20217K [0x00000006c1800000, 0x00000006ca800000, 0x000000076b300000)
  object space 147456K, 13% used [0x00000006c1800000,0x00000006c2bbe6f8,0x00000006ca800000)
 Metaspace       used 35412K, capacity 36860K, committed 37248K, reserved 1081344K
  class space    used 4697K, capacity 4972K, committed 4992K, reserved 1048576K
}
Event: 11.926 GC heap before
{Heap before GC invocations=13 (full 2):
 PSYoungGen      total 232448K, used 232086K [0x000000076b300000, 0x000000077b180000, 0x00000007c0000000)
  eden space 230912K, 100% used [0x000000076b300000,0x0000000779480000,0x0000000779480000)
  from space 1536K, 76% used [0x000000077b000000,0x000000077b1259c0,0x000000077b180000)
  to   space 14336K, 0% used [0x0000000779580000,0x0000000779580000,0x000000077a380000)
 ParOldGen       total 147456K, used 20217K [0x00000006c1800000, 0x00000006ca800000, 0x000000076b300000)
  object space 147456K, 13% used [0x00000006c1800000,0x00000006c2bbe6f8,0x00000006ca800000)
 Metaspace       used 37872K, capacity 39596K, committed 39680K, reserved 1083392K
  class space    used 5033K, capacity 5370K, committed 5376K, reserved 1048576K
Event: 11.931 GC heap after
Heap after GC invocations=13 (full 2):
 PSYoungGen      total 246272K, used 6881K [0x000000076b300000, 0x000000077f900000, 0x00000007c0000000)
  eden space 231936K, 0% used [0x000000076b300000,0x000000076b300000,0x0000000779580000)
  from space 14336K, 47% used [0x0000000779580000,0x0000000779c38508,0x000000077a380000)
  to   space 13824K, 0% used [0x000000077eb80000,0x000000077eb80000,0x000000077f900000)
 ParOldGen       total 147456K, used 20433K [0x00000006c1800000, 0x00000006ca800000, 0x000000076b300000)
  object space 147456K, 13% used [0x00000006c1800000,0x00000006c2bf46f8,0x00000006ca800000)
 Metaspace       used 37872K, capacity 39596K, committed 39680K, reserved 1083392K
  class space    used 5033K, capacity 5370K, committed 5376K, reserved 1048576K
}
Event: 19.000 GC heap before
{Heap before GC invocations=14 (full 2):
 PSYoungGen      total 246272K, used 238817K [0x000000076b300000, 0x000000077f900000, 0x00000007c0000000)
  eden space 231936K, 100% used [0x000000076b300000,0x0000000779580000,0x0000000779580000)
  from space 14336K, 47% used [0x0000000779580000,0x0000000779c38508,0x000000077a380000)
  to   space 13824K, 0% used [0x000000077eb80000,0x000000077eb80000,0x000000077f900000)
 ParOldGen       total 147456K, used 20433K [0x00000006c1800000, 0x00000006ca800000, 0x000000076b300000)
  object space 147456K, 13% used [0x00000006c1800000,0x00000006c2bf46f8,0x00000006ca800000)
 Metaspace       used 42552K, capacity 44386K, committed 44416K, reserved 1087488K
  class space    used 5656K, capacity 6006K, committed 6016K, reserved 1048576K
Event: 19.013 GC heap after
Heap after GC invocations=14 (full 2):
 PSYoungGen      total 308224K, used 8610K [0x000000076b300000, 0x000000077f400000, 0x00000007c0000000)
  eden space 299520K, 0% used [0x000000076b300000,0x000000076b300000,0x000000077d780000)
  from space 8704K, 98% used [0x000000077eb80000,0x000000077f3e8838,0x000000077f400000)
  to   space 13824K, 0% used [0x000000077d900000,0x000000077d900000,0x000000077e680000)
 ParOldGen       total 147456K, used 25177K [0x00000006c1800000, 0x00000006ca800000, 0x000000076b300000)
  object space 147456K, 17% used [0x00000006c1800000,0x00000006c30966f8,0x00000006ca800000)
 Metaspace       used 42552K, capacity 44386K, committed 44416K, reserved 1087488K
  class space    used 5656K, capacity 6006K, committed 6016K, reserved 1048576K
}
Event: 41.085 GC heap before
{Heap before GC invocations=15 (full 2):
 PSYoungGen      total 308224K, used 308130K [0x000000076b300000, 0x000000077f400000, 0x00000007c0000000)
  eden space 299520K, 100% used [0x000000076b300000,0x000000077d780000,0x000000077d780000)
  from space 8704K, 98% used [0x000000077eb80000,0x000000077f3e8838,0x000000077f400000)
  to   space 13824K, 0% used [0x000000077d900000,0x000000077d900000,0x000000077e680000)
 ParOldGen       total 147456K, used 25177K [0x00000006c1800000, 0x00000006ca800000, 0x000000076b300000)
  object space 147456K, 17% used [0x00000006c1800000,0x00000006c30966f8,0x00000006ca800000)
 Metaspace       used 50710K, capacity 52658K, committed 52736K, reserved 1095680K
  class space    used 6768K, capacity 7114K, committed 7168K, reserved 1048576K
Event: 41.097 GC heap after
Heap after GC invocations=15 (full 2):
 PSYoungGen      total 314880K, used 11965K [0x000000076b300000, 0x0000000783e80000, 0x00000007c0000000)
  eden space 301056K, 0% used [0x000000076b300000,0x000000076b300000,0x000000077d900000)
  from space 13824K, 86% used [0x000000077d900000,0x000000077e4af598,0x000000077e680000)
  to   space 14848K, 0% used [0x0000000783000000,0x0000000783000000,0x0000000783e80000)
 ParOldGen       total 147456K, used 30026K [0x00000006c1800000, 0x00000006ca800000, 0x000000076b300000)
  object space 147456K, 20% used [0x00000006c1800000,0x00000006c35529e0,0x00000006ca800000)
 Metaspace       used 50710K, capacity 52658K, committed 52736K, reserved 1095680K
  class space    used 6768K, capacity 7114K, committed 7168K, reserved 1048576K
}

Deoptimization events (0 events):
No events

Classes redefined (0 events):
No events

Internal exceptions (10 events):
Event: 48.173 Thread 0x000000002373a000 Exception <a 'java/net/SocketTimeoutException': Read timed out> (0x0000000772096640) thrown at [C:\re\workspace\8-2-build-windows-amd64-cygwin\jdk8u181\11358\hotspot\src\share\vm\prims\jni.cpp, line 735]
Event: 52.161 Thread 0x000000002373b800 Exception <a 'java/net/SocketTimeoutException': Read timed out> (0x0000000771fa2120) thrown at [C:\re\workspace\8-2-build-windows-amd64-cygwin\jdk8u181\11358\hotspot\src\share\vm\prims\jni.cpp, line 735]
Event: 52.177 Thread 0x000000002373a000 Exception <a 'java/net/SocketTimeoutException': Read timed out> (0x00000007720a03f0) thrown at [C:\re\workspace\8-2-build-windows-amd64-cygwin\jdk8u181\11358\hotspot\src\share\vm\prims\jni.cpp, line 735]
Event: 56.180 Thread 0x000000002373a000 Exception <a 'java/net/SocketTimeoutException': Read timed out> (0x00000007720aa1a0) thrown at [C:\re\workspace\8-2-build-windows-amd64-cygwin\jdk8u181\11358\hotspot\src\share\vm\prims\jni.cpp, line 735]
Event: 60.166 Thread 0x000000002373b800 Exception <a 'java/net/SocketTimeoutException': Read timed out> (0x0000000771fb3470) thrown at [C:\re\workspace\8-2-build-windows-amd64-cygwin\jdk8u181\11358\hotspot\src\share\vm\prims\jni.cpp, line 735]
Event: 60.189 Thread 0x000000002373a000 Exception <a 'java/net/SocketTimeoutException': Read timed out> (0x00000007720b3f50) thrown at [C:\re\workspace\8-2-build-windows-amd64-cygwin\jdk8u181\11358\hotspot\src\share\vm\prims\jni.cpp, line 735]
Event: 64.195 Thread 0x000000002373a000 Exception <a 'java/net/SocketTimeoutException': Read timed out> (0x00000007720bdd00) thrown at [C:\re\workspace\8-2-build-windows-amd64-cygwin\jdk8u181\11358\hotspot\src\share\vm\prims\jni.cpp, line 735]
Event: 68.171 Thread 0x000000002373b800 Exception <a 'java/net/SocketTimeoutException': Read timed out> (0x0000000771fcb2b8) thrown at [C:\re\workspace\8-2-build-windows-amd64-cygwin\jdk8u181\11358\hotspot\src\share\vm\prims\jni.cpp, line 735]
Event: 68.200 Thread 0x000000002373a000 Exception <a 'java/net/SocketTimeoutException': Read timed out> (0x00000007720c7ab0) thrown at [C:\re\workspace\8-2-build-windows-amd64-cygwin\jdk8u181\11358\hotspot\src\share\vm\prims\jni.cpp, line 735]
Event: 68.935 Thread 0x00000000235e1000 Exception <a 'java/net/SocketTimeoutException': Read timed out> (0x00000007724c8d20) thrown at [C:\re\workspace\8-2-build-windows-amd64-cygwin\jdk8u181\11358\hotspot\src\share\vm\prims\jni.cpp, line 735]

Events (10 events):
Event: 68.941 loading class org/apache/catalina/webresources/AbstractSingleArchiveResourceSet
Event: 68.941 loading class org/apache/catalina/webresources/AbstractSingleArchiveResourceSet done
Event: 68.942 loading class org/apache/catalina/webresources/AbstractArchiveResourceSet
Event: 68.942 loading class org/apache/catalina/webresources/AbstractArchiveResourceSet done
Event: 68.948 Executing VM operation: RevokeBias
Event: 68.948 Executing VM operation: RevokeBias done
Event: 68.953 Executing VM operation: RevokeBias
Event: 68.953 Executing VM operation: RevokeBias done
Event: 68.953 Thread 0x000000002373c000 Thread exited: 0x000000002373c000
Event: 69.035 Thread 0x0000000023738800 Thread exited: 0x0000000023738800


Dynamic libraries:
0x00007ff79d5d0000 - 0x00007ff79d607000 	C:\Program Files\Java\jdk1.8.0_181\bin\java.exe
0x00007ff9ceea0000 - 0x00007ff9cf090000 	C:\WINDOWS\SYSTEM32\ntdll.dll
0x00007ff9ceb60000 - 0x00007ff9cec12000 	C:\WINDOWS\System32\KERNEL32.DLL
0x00007ff9cbec0000 - 0x00007ff9cc165000 	C:\WINDOWS\System32\KERNELBASE.dll
0x00007ff9cd040000 - 0x00007ff9cd0e3000 	C:\WINDOWS\System32\ADVAPI32.dll
0x00007ff9ccfa0000 - 0x00007ff9cd03e000 	C:\WINDOWS\System32\msvcrt.dll
0x00007ff9cecd0000 - 0x00007ff9ced67000 	C:\WINDOWS\System32\sechost.dll
0x00007ff9cea40000 - 0x00007ff9ceb5f000 	C:\WINDOWS\System32\RPCRT4.dll
0x00007ff9cd650000 - 0x00007ff9cd7e4000 	C:\WINDOWS\System32\USER32.dll
0x00007ff9ccad0000 - 0x00007ff9ccaf1000 	C:\WINDOWS\System32\win32u.dll
0x00007ff9cd560000 - 0x00007ff9cd586000 	C:\WINDOWS\System32\GDI32.dll
0x00007ff9ccb00000 - 0x00007ff9ccc98000 	C:\WINDOWS\System32\gdi32full.dll
0x00007ff9ccca0000 - 0x00007ff9ccd3e000 	C:\WINDOWS\System32\msvcp_win.dll
0x00007ff9cc9a0000 - 0x00007ff9cca9a000 	C:\WINDOWS\System32\ucrtbase.dll
0x00007ff9b6180000 - 0x00007ff9b6404000 	C:\WINDOWS\WinSxS\amd64_microsoft.windows.common-controls_6595b64144ccf1df_6.0.18362.1440_none_9e7dbfb9e45e8e67\COMCTL32.dll
0x00007ff9ce6f0000 - 0x00007ff9cea26000 	C:\WINDOWS\System32\combase.dll
0x00007ff9cbe10000 - 0x00007ff9cbe91000 	C:\WINDOWS\System32\bcryptPrimitives.dll
0x00007ff9ccf50000 - 0x00007ff9ccf7e000 	C:\WINDOWS\System32\IMM32.DLL
0x00000000632f0000 - 0x00000000633c2000 	C:\Program Files\Java\jdk1.8.0_181\jre\bin\msvcr100.dll
0x0000000062550000 - 0x0000000062df2000 	C:\Program Files\Java\jdk1.8.0_181\jre\bin\server\jvm.dll
0x00007ff9ccf80000 - 0x00007ff9ccf88000 	C:\WINDOWS\System32\PSAPI.DLL
0x00007ff9b2ad0000 - 0x00007ff9b2ad9000 	C:\WINDOWS\SYSTEM32\WSOCK32.dll
0x00007ff9c4240000 - 0x00007ff9c4264000 	C:\WINDOWS\SYSTEM32\WINMM.dll
0x00007ff9ced70000 - 0x00007ff9ceddf000 	C:\WINDOWS\System32\WS2_32.dll
0x00007ff9c3960000 - 0x00007ff9c396a000 	C:\WINDOWS\SYSTEM32\VERSION.dll
0x00007ff9c4210000 - 0x00007ff9c423d000 	C:\WINDOWS\SYSTEM32\winmmbase.dll
0x00007ff9cc8f0000 - 0x00007ff9cc93a000 	C:\WINDOWS\System32\cfgmgr32.dll
0x00000000632e0000 - 0x00000000632ef000 	C:\Program Files\Java\jdk1.8.0_181\jre\bin\verify.dll
0x00000000632b0000 - 0x00000000632d9000 	C:\Program Files\Java\jdk1.8.0_181\jre\bin\java.dll
0x0000000063260000 - 0x0000000063283000 	C:\Program Files\Java\jdk1.8.0_181\jre\bin\instrument.dll
0x0000000063290000 - 0x00000000632a6000 	C:\Program Files\Java\jdk1.8.0_181\jre\bin\zip.dll
0x00007ff9cd810000 - 0x00007ff9cdef8000 	C:\WINDOWS\System32\SHELL32.dll
0x00007ff9ce640000 - 0x00007ff9ce6e7000 	C:\WINDOWS\System32\shcore.dll
0x00007ff9cc170000 - 0x00007ff9cc8eb000 	C:\WINDOWS\System32\windows.storage.dll
0x00007ff9cbdd0000 - 0x00007ff9cbdee000 	C:\WINDOWS\System32\profapi.dll
0x00007ff9cbd80000 - 0x00007ff9cbdca000 	C:\WINDOWS\System32\powrprof.dll
0x00007ff9cbd50000 - 0x00007ff9cbd60000 	C:\WINDOWS\System32\UMPDC.dll
0x00007ff9cd5f0000 - 0x00007ff9cd642000 	C:\WINDOWS\System32\shlwapi.dll
0x00007ff9cbd60000 - 0x00007ff9cbd71000 	C:\WINDOWS\System32\kernel.appcore.dll
0x00007ff9cbea0000 - 0x00007ff9cbeb7000 	C:\WINDOWS\System32\cryptsp.dll
0x00007ff9c0030000 - 0x00007ff9c004a000 	E:\Program Files\JetBrains\IntelliJ IDEA 2020.1.2\bin\breakgen64.dll
0x0000000063240000 - 0x000000006325a000 	C:\Program Files\Java\jdk1.8.0_181\jre\bin\net.dll
0x00007ff9cb590000 - 0x00007ff9cb5f7000 	C:\WINDOWS\system32\mswsock.dll
0x00007ff9cb2e0000 - 0x00007ff9cb3ab000 	C:\WINDOWS\SYSTEM32\DNSAPI.dll
0x00007ff9cea30000 - 0x00007ff9cea38000 	C:\WINDOWS\System32\NSI.dll
0x00007ff9cb2a0000 - 0x00007ff9cb2da000 	C:\WINDOWS\SYSTEM32\IPHLPAPI.DLL
0x0000000062e00000 - 0x0000000062e26000 	C:\Program Files\Bonjour\mdnsNSP.dll
0x00007ff9beed0000 - 0x00007ff9beeda000 	C:\Windows\System32\rasadhlp.dll
0x00007ff9bf650000 - 0x00007ff9bf6c7000 	C:\WINDOWS\System32\fwpuclnt.dll
0x00007ff9ccaa0000 - 0x00007ff9ccac6000 	C:\WINDOWS\System32\bcrypt.dll
0x0000000063230000 - 0x000000006323d000 	C:\Program Files\Java\jdk1.8.0_181\jre\bin\management.dll
0x0000000063210000 - 0x0000000063221000 	C:\Program Files\Java\jdk1.8.0_181\jre\bin\nio.dll
0x00007ff9cb110000 - 0x00007ff9cb143000 	C:\WINDOWS\system32\rsaenh.dll
0x00007ff9cbc70000 - 0x00007ff9cbc95000 	C:\WINDOWS\SYSTEM32\USERENV.dll
0x00007ff9cb760000 - 0x00007ff9cb76c000 	C:\WINDOWS\SYSTEM32\CRYPTBASE.dll
0x00007ff9bff90000 - 0x00007ff9bffa6000 	C:\WINDOWS\SYSTEM32\dhcpcsvc6.DLL
0x00007ff9bff70000 - 0x00007ff9bff8c000 	C:\WINDOWS\SYSTEM32\dhcpcsvc.DLL
0x00007ff9ac060000 - 0x00007ff9ac076000 	C:\WINDOWS\system32\napinsp.dll
0x00007ff9ac040000 - 0x00007ff9ac05a000 	C:\WINDOWS\system32\pnrpnsp.dll
0x00007ff9ac030000 - 0x00007ff9ac03e000 	C:\WINDOWS\System32\winrnr.dll
0x00007ff9c4fb0000 - 0x00007ff9c4fcc000 	C:\WINDOWS\system32\NLAapi.dll
0x00007ff9c4380000 - 0x00007ff9c4395000 	C:\WINDOWS\system32\wshbth.dll
0x00007ff9b7b40000 - 0x00007ff9b7b91000 	C:\Users\DELL\.javacpp\cache\libfreenect2-0.2.0-1.4.1-windows-x86_64.jar\org\bytedeco\javacpp\windows-x86_64\concrt140.dll
0x00007ff9b5730000 - 0x00007ff9b574a000 	C:\WINDOWS\SYSTEM32\VCRUNTIME140.dll
0x00007ff9b4fc0000 - 0x00007ff9b504d000 	C:\WINDOWS\SYSTEM32\MSVCP140.dll
0x00007ff9b5720000 - 0x00007ff9b572c000 	C:\WINDOWS\SYSTEM32\VCRUNTIME140_1.dll
0x00007ff9b6da0000 - 0x00007ff9b6e3d000 	C:\Users\DELL\.javacpp\cache\libfreenect2-0.2.0-1.4.1-windows-x86_64.jar\org\bytedeco\javacpp\windows-x86_64\msvcp140.dll
0x00007ff9b8680000 - 0x00007ff9b8697000 	C:\Users\DELL\.javacpp\cache\libfreenect2-0.2.0-1.4.1-windows-x86_64.jar\org\bytedeco\javacpp\windows-x86_64\vcruntime140.dll
0x0000000001710000 - 0x0000000001713000 	C:\Users\DELL\.javacpp\cache\libfreenect2-0.2.0-1.4.1-windows-x86_64.jar\org\bytedeco\javacpp\windows-x86_64\api-ms-win-crt-locale-l1-1-0.dll
0x00000000034d0000 - 0x00000000034d4000 	C:\Users\DELL\.javacpp\cache\libfreenect2-0.2.0-1.4.1-windows-x86_64.jar\org\bytedeco\javacpp\windows-x86_64\api-ms-win-crt-string-l1-1-0.dll
0x00000000034f0000 - 0x00000000034f4000 	C:\Users\DELL\.javacpp\cache\libfreenect2-0.2.0-1.4.1-windows-x86_64.jar\org\bytedeco\javacpp\windows-x86_64\api-ms-win-crt-stdio-l1-1-0.dll
0x0000000003670000 - 0x0000000003675000 	C:\Users\DELL\.javacpp\cache\libfreenect2-0.2.0-1.4.1-windows-x86_64.jar\org\bytedeco\javacpp\windows-x86_64\api-ms-win-crt-math-l1-1-0.dll
0x0000000003680000 - 0x0000000003683000 	C:\Users\DELL\.javacpp\cache\libfreenect2-0.2.0-1.4.1-windows-x86_64.jar\org\bytedeco\javacpp\windows-x86_64\api-ms-win-crt-heap-l1-1-0.dll
0x0000000003690000 - 0x0000000003694000 	C:\Users\DELL\.javacpp\cache\libfreenect2-0.2.0-1.4.1-windows-x86_64.jar\org\bytedeco\javacpp\windows-x86_64\api-ms-win-crt-runtime-l1-1-0.dll
0x00000000036a0000 - 0x00000000036a4000 	C:\Users\DELL\.javacpp\cache\libfreenect2-0.2.0-1.4.1-windows-x86_64.jar\org\bytedeco\javacpp\windows-x86_64\api-ms-win-crt-convert-l1-1-0.dll
0x00000000036b0000 - 0x00000000036b3000 	C:\Users\DELL\.javacpp\cache\libfreenect2-0.2.0-1.4.1-windows-x86_64.jar\org\bytedeco\javacpp\windows-x86_64\api-ms-win-crt-environment-l1-1-0.dll
0x00000000036c0000 - 0x00000000036c3000 	C:\Users\DELL\.javacpp\cache\libfreenect2-0.2.0-1.4.1-windows-x86_64.jar\org\bytedeco\javacpp\windows-x86_64\api-ms-win-crt-time-l1-1-0.dll
0x00000000036d0000 - 0x00000000036d3000 	C:\Users\DELL\.javacpp\cache\libfreenect2-0.2.0-1.4.1-windows-x86_64.jar\org\bytedeco\javacpp\windows-x86_64\api-ms-win-crt-filesystem-l1-1-0.dll
0x00000000036e0000 - 0x00000000036e3000 	C:\Users\DELL\.javacpp\cache\libfreenect2-0.2.0-1.4.1-windows-x86_64.jar\org\bytedeco\javacpp\windows-x86_64\api-ms-win-crt-utility-l1-1-0.dll
0x00000000036f0000 - 0x00000000036f5000 	C:\Users\DELL\.javacpp\cache\libfreenect2-0.2.0-1.4.1-windows-x86_64.jar\org\bytedeco\javacpp\windows-x86_64\api-ms-win-crt-multibyte-l1-1-0.dll
0x00007ff97c660000 - 0x00007ff97c964000 	C:\Users\DELL\.javacpp\cache\opencv-3.4.1-1.4.1-windows-x86_64.jar\org\bytedeco\javacpp\windows-x86_64\opencv_core341.dll
0x00007ff97c250000 - 0x00007ff97c655000 	C:\Users\DELL\.javacpp\cache\opencv-3.4.1-1.4.1-windows-x86_64.jar\org\bytedeco\javacpp\windows-x86_64\opencv_imgproc341.dll
0x00007ff975a70000 - 0x00007ff975dfe000 	C:\Users\DELL\.javacpp\cache\opencv-3.4.1-1.4.1-windows-x86_64.jar\org\bytedeco\javacpp\windows-x86_64\jniopencv_core.dll
0x00007ff9b66a0000 - 0x00007ff9b67f6000 	C:\Users\DELL\.javacpp\cache\opencv-3.4.1-1.4.1-windows-x86_64.jar\org\bytedeco\javacpp\windows-x86_64\jniopencv_imgproc.dll
0x00007ff977970000 - 0x00007ff977c3f000 	C:\Users\DELL\.javacpp\cache\opencv-3.4.1-1.4.1-windows-x86_64.jar\org\bytedeco\javacpp\windows-x86_64\opencv_imgcodecs341.dll
0x00007ff9b7b00000 - 0x00007ff9b7b34000 	C:\Users\DELL\.javacpp\cache\opencv-3.4.1-1.4.1-windows-x86_64.jar\org\bytedeco\javacpp\windows-x86_64\jniopencv_imgcodecs.dll
0x00007ff9b7a30000 - 0x00007ff9b7a81000 	C:\Users\DELL\.javacpp\cache\opencv-3.4.1-1.4.1-windows-x86_64.jar\org\bytedeco\javacpp\windows-x86_64\opencv_videoio341.dll
0x00007ff9ce030000 - 0x00007ff9ce187000 	C:\WINDOWS\System32\ole32.dll
0x00007ff9ce3b0000 - 0x00007ff9ce475000 	C:\WINDOWS\System32\OLEAUT32.dll
0x00007ff9b78b0000 - 0x00007ff9b78c8000 	C:\WINDOWS\SYSTEM32\AVICAP32.dll
0x00007ff9b7a10000 - 0x00007ff9b7a30000 	C:\WINDOWS\SYSTEM32\AVIFIL32.dll
0x00007ff9b74d0000 - 0x00007ff9b74f9000 	C:\WINDOWS\SYSTEM32\MSVFW32.dll
0x00007ff9c42e0000 - 0x00007ff9c42fc000 	C:\WINDOWS\SYSTEM32\MSACM32.dll
0x00007ff9b74b0000 - 0x00007ff9b74cf000 	C:\Users\DELL\.javacpp\cache\opencv-3.4.1-1.4.1-windows-x86_64.jar\org\bytedeco\javacpp\windows-x86_64\jniopencv_videoio.dll
0x00007ff9c60b0000 - 0x00007ff9c6149000 	C:\WINDOWS\system32\uxtheme.dll
0x00007ff9cec20000 - 0x00007ff9cecc2000 	C:\WINDOWS\System32\clbcatq.dll
0x00007ff9b5530000 - 0x00007ff9b5548000 	C:\Windows\System32\devenum.dll
0x00007ff9cd0f0000 - 0x00007ff9cd560000 	C:\WINDOWS\System32\setupapi.dll
0x00007ff9cad70000 - 0x00007ff9cada1000 	C:\WINDOWS\SYSTEM32\ntmarta.dll
0x00007ff9cbb30000 - 0x00007ff9cbb5a000 	C:\WINDOWS\SYSTEM32\DEVOBJ.dll
0x00007ff9cc940000 - 0x00007ff9cc99c000 	C:\WINDOWS\System32\WINTRUST.dll
0x00007ff9cbdf0000 - 0x00007ff9cbe02000 	C:\WINDOWS\System32\MSASN1.dll
0x00007ff9ccd40000 - 0x00007ff9cce91000 	C:\WINDOWS\System32\CRYPT32.dll
0x00007ff9c1830000 - 0x00007ff9c183b000 	C:\WINDOWS\SYSTEM32\msdmo.dll
0x00007ff9b7470000 - 0x00007ff9b74a4000 	C:\Windows\System32\qcap.dll
0x00007ff98f940000 - 0x00007ff98fb04000 	C:\Windows\System32\quartz.dll
0x00007ff9ce480000 - 0x00007ff9ce5b5000 	C:\WINDOWS\System32\MSCTF.dll
0x00007ff9b71e0000 - 0x00007ff9b722c000 	C:\Windows\System32\mfksproxy.dll
0x00007ff9b0760000 - 0x00007ff9b077c000 	C:\Windows\System32\ATL.DLL
0x00007ff9c2470000 - 0x00007ff9c266a000 	C:\Windows\System32\MFPlat.DLL
0x00007ff9c1e00000 - 0x00007ff9c1e2f000 	C:\Windows\System32\RTWorkQ.DLL
0x00007ff9b6d40000 - 0x00007ff9b6d9c000 	C:\Windows\System32\MFSENSORGROUP.dll
0x00007ff9b6a70000 - 0x00007ff9b6abd000 	C:\Windows\System32\ksproxy.ax
0x00007ff9c2d20000 - 0x00007ff9c2d29000 	C:\Windows\System32\ksuser.dll
0x00007ff9b33f0000 - 0x00007ff9b35b7000 	C:\Windows\System32\d3d9.dll
0x00007ff9c6570000 - 0x00007ff9c659d000 	C:\Windows\System32\dwmapi.dll
0x00007ff9ca970000 - 0x00007ff9ca990000 	C:\WINDOWS\SYSTEM32\dxcore.dll
0x00007ff9c4bd0000 - 0x00007ff9c4c59000 	C:\WINDOWS\SYSTEM32\policymanager.dll
0x00007ff9c4ae0000 - 0x00007ff9c4b6a000 	C:\Windows\System32\msvcp110_win.dll
0x00007ff9c0020000 - 0x00007ff9c002d000 	C:\Windows\System32\vidcap.ax
0x00007ff9b71b0000 - 0x00007ff9b71d6000 	C:\Windows\System32\kswdmcap.ax
0x00007ff990c10000 - 0x00007ff990d72000 	C:\Windows\System32\MFC42.dll
0x00007ff9b65f0000 - 0x00007ff9b6691000 	C:\Windows\System32\qedit.dll
0x00007ff9cdf60000 - 0x00007ff9ce030000 	C:\WINDOWS\System32\COMDLG32.dll
0x00007ff9b5f00000 - 0x00007ff9b60a6000 	C:\WINDOWS\WinSxS\amd64_microsoft.windows.gdiplus_6595b64144ccf1df_1.1.18362.1440_none_cf68b29f3ef10835\gdiplus.dll
0x00007ff9a2e50000 - 0x00007ff9a2f47000 	C:\Windows\System32\DDRAW.dll
0x00007ff9caa00000 - 0x00007ff9caaeb000 	C:\Windows\System32\dxgi.dll
0x00007ff9c3470000 - 0x00007ff9c3478000 	C:\Windows\System32\DCIMAN32.dll

VM Arguments:
jvm_args: -Djava.awt.headless=false -XX:TieredStopAtLevel=1 -Xverify:none -Dspring.output.ansi.enabled=always -Dcom.sun.management.jmxremote -Dspring.jmx.enabled=true -Dspring.liveBeansView.mbeanDomain -Dspring.application.admin.enabled=true -javaagent:E:\Program Files\JetBrains\IntelliJ IDEA 2020.1.2\lib\idea_rt.jar=11311:E:\Program Files\JetBrains\IntelliJ IDEA 2020.1.2\bin -Dfile.encoding=UTF-8 
java_command: cn.macswelle.campusecurity.nvrlistener.NvrlistenerApplication
java_class_path (initial): C:\Program Files\Java\jdk1.8.0_181\jre\lib\charsets.jar;C:\Program Files\Java\jdk1.8.0_181\jre\lib\deploy.jar;C:\Program Files\Java\jdk1.8.0_181\jre\lib\ext\access-bridge-64.jar;C:\Program Files\Java\jdk1.8.0_181\jre\lib\ext\cldrdata.jar;C:\Program Files\Java\jdk1.8.0_181\jre\lib\ext\dnsns.jar;C:\Program Files\Java\jdk1.8.0_181\jre\lib\ext\jaccess.jar;C:\Program Files\Java\jdk1.8.0_181\jre\lib\ext\jfxrt.jar;C:\Program Files\Java\jdk1.8.0_181\jre\lib\ext\localedata.jar;C:\Program Files\Java\jdk1.8.0_181\jre\lib\ext\nashorn.jar;C:\Program Files\Java\jdk1.8.0_181\jre\lib\ext\sunec.jar;C:\Program Files\Java\jdk1.8.0_181\jre\lib\ext\sunjce_provider.jar;C:\Program Files\Java\jdk1.8.0_181\jre\lib\ext\sunmscapi.jar;C:\Program Files\Java\jdk1.8.0_181\jre\lib\ext\sunpkcs11.jar;C:\Program Files\Java\jdk1.8.0_181\jre\lib\ext\zipfs.jar;C:\Program Files\Java\jdk1.8.0_181\jre\lib\javaws.jar;C:\Program Files\Java\jdk1.8.0_181\jre\lib\jce.jar;C:\Program Files\Java\jdk1.8.0_181\jre\lib\jfr.jar;C:\Program Files\Java\jdk1.8.0_181\jre\lib\jfxswt.jar;C:\Program Files\Java\jdk1.8.0_181\jre\lib\jsse.jar;C:\Program Files\Java\jdk1.8.0_181\jre\lib\management-agent.jar;C:\Program Files\Java\jdk1.8.0_181\jre\lib\plugin.jar;C:\Program Files\Java\jdk1.8.0_181\jre\lib\resources.jar;C:\Program Files\Java\jdk1.8.0_181\jre\lib\rt.jar;E:\code\J2EE\campusecurity\nvrlistener\target\classes;E:\code\J2EE\campusecurity\common\target\classes;F:\maven\repository\io\jsonwebtoken\jjwt\0.9.1\jjwt-0.9.1.jar;F:\maven\repository\cn\hutool\hutool-all\5.3.10\hutool-all-5.3.10.jar;F:\maven\repository\com\auth0\java-jwt\3.10.0\java-jwt-3.10.0.jar;F:\maven\repository\commons-codec\commons-codec\1.11\commons-codec-1.11.jar;E:\code\J2EE\campusecurity\feign-api\target\classes;F:\maven\repository\org\springframework\cloud\spring-cloud-starter-openfeign\2.0.4.RELEASE\spring-cloud-starter-openfeign-2.0.4.RELEASE.jar;F:\maven\repository\org\springframework\cloud\spring-cloud-openfeign-core\2.0.4.
Launcher Type: SUN_STANDARD

Environment Variables:
JAVA_HOME=C:\Program Files\Java\jdk1.8.0_181
CLASSPATH=.;C:\Program Files\Java\jdk1.8.0_181\lib;C:\Program Files\Java\jdk1.8.0_181\lib\tools.jar;C:\Program Files\Java\jdk1.8.0_181\lib\comm.jar;C:\Program Files (x86)\Java\jdk1.8.0_211\lib;C:\Program Files (x86)\Java\jdk1.8.0_211\lib\tools.jar;C:\Program Files (x86)\Java\jdk1.8.0_211\lib\comm.jar
USERNAME=DELL
OS=Windows_NT
PROCESSOR_IDENTIFIER=Intel64 Family 6 Model 142 Stepping 10, GenuineIntel



---------------  S Y S T E M  ---------------

OS: Windows 10.0 , 64 bit Build 18362 (10.0.18362.1350)

CPU:total 8 (initial active 8) (4 cores per cpu, 2 threads per core) family 6 model 142 stepping 10, cmov, cx8, fxsr, mmx, sse, sse2, sse3, ssse3, sse4.1, sse4.2, popcnt, avx, avx2, aes, clmul, erms, 3dnowpref, lzcnt, ht, tsc, tscinvbit, bmi1, bmi2, adx

Memory: 4k page, physical 16671976k(6150892k free), swap 21403160k(2812652k free)

vm_info: Java HotSpot(TM) 64-Bit Server VM (25.181-b13) for windows-amd64 JRE (1.8.0_181-b13), built on Jul  7 2018 04:01:33 by "java_re" with MS VC++ 10.0 (VS2010)

time: Mon Apr 12 21:14:27 2021
elapsed time: 69 seconds (0d 0h 1m 9s)

