#
# A fatal error has been detected by the Java Runtime Environment:
#
#  EXCEPTION_ACCESS_VIOLATION (0xc0000005) at pc=0x00007ff9ceea72a6, pid=20032, tid=0x0000000000004f4c
#
# JRE version: Java(TM) SE Runtime Environment (8.0_181-b13) (build 1.8.0_181-b13)
# Java VM: Java HotSpot(TM) 64-Bit Server VM (25.181-b13 mixed mode windows-amd64 compressed oops)
# Problematic frame:
# C  [ntdll.dll+0x72a6]
#
# Failed to write core dump. Minidumps are not enabled by default on client versions of Windows
#
# If you would like to submit a bug report, please visit:
#   http://bugreport.java.com/bugreport/crash.jsp
# The crash happened outside the Java Virtual Machine in native code.
# See problematic frame for where to report the bug.
#

---------------  T H R E A D  ---------------

Current thread (0x0000000022dbc800):  JavaThread "http-nio-8764-exec-5" daemon [_thread_in_native, id=20300, stack(0x0000000026140000,0x0000000026240000)]

siginfo: ExceptionCode=0xc0000005, writing address 0x0000000000000024

Registers:
RAX=0x0000000000000000, RBX=0x0000000000b3b888, RCX=0x0000000000b3b888, RDX=0x00000000fffffffa
RSP=0x000000002623c9a0, RBP=0x0000000000000000, RSI=0x0000000000000000, RDI=0x0000000000000000
R8 =0x0000000000000000, R9 =0x0000000000b3b800, R10=0x0000000000000000, R11=0x0000000000000246
R12=0x0000000000000000, R13=0x0000000000672000, R14=0x0000000000000001, R15=0x0000000000000000
RIP=0x00007ff9ceea72a6, EFLAGS=0x0000000000010213

Top of Stack: (sp=0x000000002623c9a0)
0x000000002623c9a0:   ffffffffffffffff 0000000000b3b888
0x000000002623c9b0:   0000000022dbc800 00000000345fde20
0x000000002623c9c0:   0000000022769720 0000000022769720
0x000000002623c9d0:   000000000000059d 0000000000000000
0x000000002623c9e0:   8000000000000000 00000000fffffffa
0x000000002623c9f0:   0000000000672000 0000000000000000
0x000000002623ca00:   0000000000000000 00007ff9756435c8
0x000000002623ca10:   0000001b00000005 000000002723fa00
0x000000002623ca20:   00000000000002e5 0000000000000000
0x000000002623ca30:   000046f5b667e052 0000000027248880
0x000000002623ca40:   0000000022dbc800 0000000000000001
0x000000002623ca50:   0000000000000001 0000000000000001
0x000000002623ca60:   0000000000000000 0000000000b3b888
0x000000002623ca70:   0000000000000000 00007ff9ceebb576
0x000000002623ca80:   00000000227647e0 00000000000090ba
0x000000002623ca90:   00000000fffffffa ffffffffff676980 

Instructions: (pc=0x00007ff9ceea72a6)
0x00007ff9ceea7286:   48 39 73 18 0f 84 d1 00 00 00 48 8b 03 48 83 f8
0x00007ff9ceea7296:   ff 0f 84 d1 00 00 00 44 8b fe 48 83 f8 ff 74 03
0x00007ff9ceea72a6:   ff 40 24 4c 8b 73 18 4c 8d 2d 44 82 15 00 bd 22
0x00007ff9ceea72b6:   17 00 00 e8 c2 94 03 00 85 c0 0f 85 9e 18 0a 00 


Register to memory mapping:

RAX=0x0000000000000000 is an unknown value
RBX=0x0000000000b3b888 is an unknown value
RCX=0x0000000000b3b888 is an unknown value
RDX=0x00000000fffffffa is an unknown value
RSP=0x000000002623c9a0 is pointing into the stack for thread: 0x0000000022dbc800
RBP=0x0000000000000000 is an unknown value
RSI=0x0000000000000000 is an unknown value
RDI=0x0000000000000000 is an unknown value
R8 =0x0000000000000000 is an unknown value
R9 =0x0000000000b3b800 is an unknown value
R10=0x0000000000000000 is an unknown value
R11=0x0000000000000246 is an unknown value
R12=0x0000000000000000 is an unknown value
R13=0x0000000000672000 is an unknown value
R14=0x0000000000000001 is an unknown value
R15=0x0000000000000000 is an unknown value


Stack: [0x0000000026140000,0x0000000026240000],  sp=0x000000002623c9a0,  free space=1010k
Native frames: (J=compiled Java code, j=interpreted, Vv=VM code, C=native code)

Java frames: (J=compiled Java code, j=interpreted, Vv=VM code)
J 5209  org.bytedeco.javacpp.opencv_videoio$VideoCapture.retrieve(Lorg/bytedeco/javacpp/opencv_core$Mat;)Z (0 bytes) @ 0x00000000038b86cf [0x00000000038b8680+0x4f]
J 5208 C1 org.bytedeco.javacv.OpenCVFrameGrabber.grab()Lorg/bytedeco/javacv/Frame; (255 bytes) @ 0x00000000038b8bfc [0x00000000038b8ba0+0x5c]
j  cn.macswelle.campusecurity.nvrlistener.controller.CameraController.startUpStream()V+108
v  ~StubRoutines::call_stub
J 1702  sun.reflect.NativeMethodAccessorImpl.invoke0(Ljava/lang/reflect/Method;Ljava/lang/Object;[Ljava/lang/Object;)Ljava/lang/Object; (0 bytes) @ 0x000000000322c63f [0x000000000322c5c0+0x7f]
J 1701 C1 sun.reflect.NativeMethodAccessorImpl.invoke(Ljava/lang/Object;[Ljava/lang/Object;)Ljava/lang/Object; (104 bytes) @ 0x000000000322cde4 [0x000000000322ca20+0x3c4]
J 1032 C1 sun.reflect.DelegatingMethodAccessorImpl.invoke(Ljava/lang/Object;[Ljava/lang/Object;)Ljava/lang/Object; (10 bytes) @ 0x0000000003102224 [0x00000000031021e0+0x44]
J 980 C1 java.lang.reflect.Method.invoke(Ljava/lang/Object;[Ljava/lang/Object;)Ljava/lang/Object; (62 bytes) @ 0x00000000030ee364 [0x00000000030ee260+0x104]
j  org.springframework.web.method.support.InvocableHandlerMethod.doInvoke([Ljava/lang/Object;)Ljava/lang/Object;+16
j  org.springframework.web.method.support.InvocableHandlerMethod.invokeForRequest(Lorg/springframework/web/context/request/NativeWebRequest;Lorg/springframework/web/method/support/ModelAndViewContainer;[Ljava/lang/Object;)Ljava/lang/Object;+75
j  org.springframework.web.servlet.mvc.method.annotation.ServletInvocableHandlerMethod.invokeAndHandle(Lorg/springframework/web/context/request/ServletWebRequest;Lorg/springframework/web/method/support/ModelAndViewContainer;[Ljava/lang/Object;)V+4
j  org.springframework.web.servlet.mvc.method.annotation.RequestMappingHandlerAdapter.invokeHandlerMethod(Ljavax/servlet/http/HttpServletRequest;Ljavax/servlet/http/HttpServletResponse;Lorg/springframework/web/method/HandlerMethod;)Lorg/springframework/web/servlet/ModelAndView;+276
j  org.springframework.web.servlet.mvc.method.annotation.RequestMappingHandlerAdapter.handleInternal(Ljavax/servlet/http/HttpServletRequest;Ljavax/servlet/http/HttpServletResponse;Lorg/springframework/web/method/HandlerMethod;)Lorg/springframework/web/servlet/ModelAndView;+81
j  org.springframework.web.servlet.mvc.method.AbstractHandlerMethodAdapter.handle(Ljavax/servlet/http/HttpServletRequest;Ljavax/servlet/http/HttpServletResponse;Ljava/lang/Object;)Lorg/springframework/web/servlet/ModelAndView;+7
j  org.springframework.web.servlet.DispatcherServlet.doDispatch(Ljavax/servlet/http/HttpServletRequest;Ljavax/servlet/http/HttpServletResponse;)V+310
j  org.springframework.web.servlet.DispatcherServlet.doService(Ljavax/servlet/http/HttpServletRequest;Ljavax/servlet/http/HttpServletResponse;)V+308
j  org.springframework.web.servlet.FrameworkServlet.processRequest(Ljavax/servlet/http/HttpServletRequest;Ljavax/servlet/http/HttpServletResponse;)V+71
j  org.springframework.web.servlet.FrameworkServlet.doPost(Ljavax/servlet/http/HttpServletRequest;Ljavax/servlet/http/HttpServletResponse;)V+3
j  javax.servlet.http.HttpServlet.service(Ljavax/servlet/http/HttpServletRequest;Ljavax/servlet/http/HttpServletResponse;)V+149
j  org.springframework.web.servlet.FrameworkServlet.service(Ljavax/servlet/http/HttpServletRequest;Ljavax/servlet/http/HttpServletResponse;)V+33
j  javax.servlet.http.HttpServlet.service(Ljavax/servlet/ServletRequest;Ljavax/servlet/ServletResponse;)V+30
j  org.apache.catalina.core.ApplicationFilterChain.internalDoFilter(Ljavax/servlet/ServletRequest;Ljavax/servlet/ServletResponse;)V+304
j  org.apache.catalina.core.ApplicationFilterChain.doFilter(Ljavax/servlet/ServletRequest;Ljavax/servlet/ServletResponse;)V+101
j  org.apache.tomcat.websocket.server.WsFilter.doFilter(Ljavax/servlet/ServletRequest;Ljavax/servlet/ServletResponse;Ljavax/servlet/FilterChain;)V+21
j  org.apache.catalina.core.ApplicationFilterChain.internalDoFilter(Ljavax/servlet/ServletRequest;Ljavax/servlet/ServletResponse;)V+135
j  org.apache.catalina.core.ApplicationFilterChain.doFilter(Ljavax/servlet/ServletRequest;Ljavax/servlet/ServletResponse;)V+101
j  org.springframework.web.filter.RequestContextFilter.doFilterInternal(Ljavax/servlet/http/HttpServletRequest;Ljavax/servlet/http/HttpServletResponse;Ljavax/servlet/FilterChain;)V+21
j  org.springframework.web.filter.OncePerRequestFilter.doFilter(Ljavax/servlet/ServletRequest;Ljavax/servlet/ServletResponse;Ljavax/servlet/FilterChain;)V+111
j  org.apache.catalina.core.ApplicationFilterChain.internalDoFilter(Ljavax/servlet/ServletRequest;Ljavax/servlet/ServletResponse;)V+135
j  org.apache.catalina.core.ApplicationFilterChain.doFilter(Ljavax/servlet/ServletRequest;Ljavax/servlet/ServletResponse;)V+101
j  org.springframework.web.filter.HttpPutFormContentFilter.doFilterInternal(Ljavax/servlet/http/HttpServletRequest;Ljavax/servlet/http/HttpServletResponse;Ljavax/servlet/FilterChain;)V+95
j  org.springframework.web.filter.OncePerRequestFilter.doFilter(Ljavax/servlet/ServletRequest;Ljavax/servlet/ServletResponse;Ljavax/servlet/FilterChain;)V+111
j  org.apache.catalina.core.ApplicationFilterChain.internalDoFilter(Ljavax/servlet/ServletRequest;Ljavax/servlet/ServletResponse;)V+135
j  org.apache.catalina.core.ApplicationFilterChain.doFilter(Ljavax/servlet/ServletRequest;Ljavax/servlet/ServletResponse;)V+101
j  org.springframework.web.filter.HiddenHttpMethodFilter.doFilterInternal(Ljavax/servlet/http/HttpServletRequest;Ljavax/servlet/http/HttpServletResponse;Ljavax/servlet/FilterChain;)V+87
j  org.springframework.web.filter.OncePerRequestFilter.doFilter(Ljavax/servlet/ServletRequest;Ljavax/servlet/ServletResponse;Ljavax/servlet/FilterChain;)V+111
j  org.apache.catalina.core.ApplicationFilterChain.internalDoFilter(Ljavax/servlet/ServletRequest;Ljavax/servlet/ServletResponse;)V+135
j  org.apache.catalina.core.ApplicationFilterChain.doFilter(Ljavax/servlet/ServletRequest;Ljavax/servlet/ServletResponse;)V+101
j  org.springframework.web.filter.CharacterEncodingFilter.doFilterInternal(Ljavax/servlet/http/HttpServletRequest;Ljavax/servlet/http/HttpServletResponse;Ljavax/servlet/FilterChain;)V+53
j  org.springframework.web.filter.OncePerRequestFilter.doFilter(Ljavax/servlet/ServletRequest;Ljavax/servlet/ServletResponse;Ljavax/servlet/FilterChain;)V+111
j  org.apache.catalina.core.ApplicationFilterChain.internalDoFilter(Ljavax/servlet/ServletRequest;Ljavax/servlet/ServletResponse;)V+135
j  org.apache.catalina.core.ApplicationFilterChain.doFilter(Ljavax/servlet/ServletRequest;Ljavax/servlet/ServletResponse;)V+101
j  org.apache.catalina.core.StandardWrapperValve.invoke(Lorg/apache/catalina/connector/Request;Lorg/apache/catalina/connector/Response;)V+688
j  org.apache.catalina.core.StandardContextValve.invoke(Lorg/apache/catalina/connector/Request;Lorg/apache/catalina/connector/Response;)V+166
j  org.apache.catalina.authenticator.AuthenticatorBase.invoke(Lorg/apache/catalina/connector/Request;Lorg/apache/catalina/connector/Response;)V+260
j  org.apache.catalina.core.StandardHostValve.invoke(Lorg/apache/catalina/connector/Request;Lorg/apache/catalina/connector/Response;)V+138
j  org.apache.catalina.valves.ErrorReportValve.invoke(Lorg/apache/catalina/connector/Request;Lorg/apache/catalina/connector/Response;)V+6
j  org.apache.catalina.core.StandardEngineValve.invoke(Lorg/apache/catalina/connector/Request;Lorg/apache/catalina/connector/Response;)V+71
j  org.apache.catalina.connector.CoyoteAdapter.service(Lorg/apache/coyote/Request;Lorg/apache/coyote/Response;)V+199
j  org.apache.coyote.http11.Http11Processor.service(Lorg/apache/tomcat/util/net/SocketWrapperBase;)Lorg/apache/tomcat/util/net/AbstractEndpoint$Handler$SocketState;+806
j  org.apache.coyote.AbstractProcessorLight.process(Lorg/apache/tomcat/util/net/SocketWrapperBase;Lorg/apache/tomcat/util/net/SocketEvent;)Lorg/apache/tomcat/util/net/AbstractEndpoint$Handler$SocketState;+113
j  org.apache.coyote.AbstractProtocol$ConnectionHandler.process(Lorg/apache/tomcat/util/net/SocketWrapperBase;Lorg/apache/tomcat/util/net/SocketEvent;)Lorg/apache/tomcat/util/net/AbstractEndpoint$Handler$SocketState;+414
j  org.apache.tomcat.util.net.NioEndpoint$SocketProcessor.doRun()V+191
j  org.apache.tomcat.util.net.SocketProcessorBase.run()V+21
j  java.util.concurrent.ThreadPoolExecutor.runWorker(Ljava/util/concurrent/ThreadPoolExecutor$Worker;)V+95
j  java.util.concurrent.ThreadPoolExecutor$Worker.run()V+5
j  org.apache.tomcat.util.threads.TaskThread$WrappingRunnable.run()V+4
j  java.lang.Thread.run()V+11
v  ~StubRoutines::call_stub

---------------  P R O C E S S  ---------------

Java Threads: ( => current thread )
  0x0000000023226800 JavaThread "Thread-37" [_thread_blocked, id=17140, stack(0x000000002f770000,0x000000002f870000)]
  0x0000000023225800 JavaThread "AWT-EventQueue-0" [_thread_blocked, id=20292, stack(0x000000002dd60000,0x000000002de60000)]
  0x0000000022dc2000 JavaThread "AWT-Shutdown" [_thread_blocked, id=20080, stack(0x000000002c980000,0x000000002ca80000)]
  0x0000000022dc2800 JavaThread "Java2D Disposer" daemon [_thread_blocked, id=6428, stack(0x000000002c880000,0x000000002c980000)]
  0x0000000022dc3800 JavaThread "DiscoveryClient-CacheRefreshExecutor-0" daemon [_thread_blocked, id=4432, stack(0x0000000026b40000,0x0000000026c40000)]
  0x0000000022dbf800 JavaThread "DiscoveryClient-HeartbeatExecutor-0" daemon [_thread_blocked, id=16204, stack(0x0000000023c20000,0x0000000023d20000)]
  0x0000000022dbf000 JavaThread "RMI TCP Connection(idle)" daemon [_thread_blocked, id=17468, stack(0x0000000022650000,0x0000000022750000)]
  0x0000000022dc0800 JavaThread "DestroyJavaVM" [_thread_blocked, id=9996, stack(0x0000000002b60000,0x0000000002c60000)]
  0x0000000022dbe000 JavaThread "http-nio-8764-AsyncTimeout" daemon [_thread_blocked, id=18392, stack(0x0000000026a40000,0x0000000026b40000)]
  0x0000000022dc1000 JavaThread "http-nio-8764-Acceptor-0" daemon [_thread_in_native, id=19668, stack(0x0000000026940000,0x0000000026a40000)]
  0x0000000022dbd800 JavaThread "http-nio-8764-ClientPoller-1" daemon [_thread_in_native, id=14204, stack(0x0000000026840000,0x0000000026940000)]
  0x0000000022db6800 JavaThread "http-nio-8764-ClientPoller-0" daemon [_thread_in_native, id=19036, stack(0x0000000026740000,0x0000000026840000)]
  0x0000000022db6000 JavaThread "http-nio-8764-exec-10" daemon [_thread_blocked, id=13676, stack(0x0000000026640000,0x0000000026740000)]
  0x0000000022dbb000 JavaThread "http-nio-8764-exec-9" daemon [_thread_blocked, id=18296, stack(0x0000000026540000,0x0000000026640000)]
  0x0000000022db9800 JavaThread "http-nio-8764-exec-8" daemon [_thread_blocked, id=12128, stack(0x0000000026440000,0x0000000026540000)]
  0x0000000022db9000 JavaThread "http-nio-8764-exec-7" daemon [_thread_blocked, id=18016, stack(0x0000000026340000,0x0000000026440000)]
  0x0000000022db7800 JavaThread "http-nio-8764-exec-6" daemon [_thread_blocked, id=3900, stack(0x0000000026240000,0x0000000026340000)]
=>0x0000000022dbc800 JavaThread "http-nio-8764-exec-5" daemon [_thread_in_native, id=20300, stack(0x0000000026140000,0x0000000026240000)]
  0x0000000022db8000 JavaThread "http-nio-8764-exec-4" daemon [_thread_blocked, id=19832, stack(0x0000000026040000,0x0000000026140000)]
  0x0000000022db5000 JavaThread "http-nio-8764-exec-3" daemon [_thread_blocked, id=3996, stack(0x0000000025f40000,0x0000000026040000)]
  0x0000000022dba800 JavaThread "http-nio-8764-exec-2" daemon [_thread_blocked, id=6004, stack(0x0000000025e40000,0x0000000025f40000)]
  0x0000000022dbc000 JavaThread "http-nio-8764-exec-1" daemon [_thread_blocked, id=368, stack(0x0000000025d40000,0x0000000025e40000)]
  0x0000000022a96000 JavaThread "NioBlockingSelector.BlockPoller-1" daemon [_thread_in_native, id=9200, stack(0x0000000025c40000,0x0000000025d40000)]
  0x0000000022a95800 JavaThread "DiscoveryClient-InstanceInfoReplicator-0" daemon [_thread_blocked, id=11680, stack(0x0000000025940000,0x0000000025a40000)]
  0x0000000022a92800 JavaThread "DiscoveryClient-1" daemon [_thread_blocked, id=12692, stack(0x0000000025840000,0x0000000025940000)]
  0x0000000022a94800 JavaThread "DiscoveryClient-0" daemon [_thread_blocked, id=19904, stack(0x0000000025740000,0x0000000025840000)]
  0x0000000022a99000 JavaThread "AsyncResolver-bootstrap-0" daemon [_thread_blocked, id=16744, stack(0x0000000025540000,0x0000000025640000)]
  0x0000000022a94000 JavaThread "Eureka-JerseyClient-Conn-Cleaner2" daemon [_thread_blocked, id=17368, stack(0x0000000022250000,0x0000000022350000)]
  0x0000000022a98800 JavaThread "JavaCPP Deallocator" daemon [_thread_blocked, id=13548, stack(0x0000000024220000,0x0000000024320000)]
  0x0000000022a97000 JavaThread "container-0" [_thread_blocked, id=7100, stack(0x0000000024120000,0x0000000024220000)]
  0x0000000022a97800 JavaThread "ContainerBackgroundProcessor[StandardEngine[Tomcat]]" daemon [_thread_blocked, id=10316, stack(0x0000000024020000,0x0000000024120000)]
  0x000000002034c800 JavaThread "RMI Scheduler(0)" daemon [_thread_blocked, id=19780, stack(0x0000000021b50000,0x0000000021c50000)]
  0x0000000020283800 JavaThread "RMI TCP Connection(idle)" daemon [_thread_blocked, id=4488, stack(0x0000000021850000,0x0000000021950000)]
  0x000000001ff27800 JavaThread "RMI TCP Accept-0" daemon [_thread_in_native, id=17660, stack(0x0000000020d80000,0x0000000020e80000)]
  0x000000001f6c0000 JavaThread "Service Thread" daemon [_thread_blocked, id=4576, stack(0x000000001fc50000,0x000000001fd50000)]
  0x000000001f62b800 JavaThread "C1 CompilerThread3" daemon [_thread_blocked, id=5460, stack(0x000000001fb50000,0x000000001fc50000)]
  0x000000001f61e800 JavaThread "C2 CompilerThread2" daemon [_thread_blocked, id=18688, stack(0x000000001fa50000,0x000000001fb50000)]
  0x000000001f61c000 JavaThread "C2 CompilerThread1" daemon [_thread_blocked, id=13936, stack(0x000000001f950000,0x000000001fa50000)]
  0x000000001f5df800 JavaThread "C2 CompilerThread0" daemon [_thread_blocked, id=4484, stack(0x000000001f850000,0x000000001f950000)]
  0x000000001f5f1000 JavaThread "Monitor Ctrl-Break" daemon [_thread_in_native, id=19260, stack(0x000000001f750000,0x000000001f850000)]
  0x000000001e88e800 JavaThread "Attach Listener" daemon [_thread_blocked, id=2020, stack(0x000000001ee50000,0x000000001ef50000)]
  0x000000001e88e000 JavaThread "Signal Dispatcher" daemon [_thread_blocked, id=13480, stack(0x000000001ed50000,0x000000001ee50000)]
  0x000000001e810800 JavaThread "Finalizer" daemon [_thread_blocked, id=8740, stack(0x000000001ebf0000,0x000000001ecf0000)]
  0x000000001c8f5800 JavaThread "Reference Handler" daemon [_thread_blocked, id=18556, stack(0x000000001e6f0000,0x000000001e7f0000)]

Other Threads:
  0x000000001c8ed800 VMThread [stack: 0x000000001e5f0000,0x000000001e6f0000] [id=19492]
  0x000000001ff34000 WatcherThread [stack: 0x0000000020ea0000,0x0000000020fa0000] [id=16216]

VM state:not at safepoint (normal execution)

VM Mutex/Monitor currently owned by a thread: None

Heap:
 PSYoungGen      total 292352K, used 193500K [0x000000076b300000, 0x0000000782600000, 0x00000007c0000000)
  eden space 276992K, 64% used [0x000000076b300000,0x00000007760f9068,0x000000077c180000)
  from space 15360K, 99% used [0x000000077c180000,0x000000077d07e328,0x000000077d080000)
  to   space 18944K, 0% used [0x0000000781380000,0x0000000781380000,0x0000000782600000)
 ParOldGen       total 155648K, used 25120K [0x00000006c1800000, 0x00000006cb000000, 0x000000076b300000)
  object space 155648K, 16% used [0x00000006c1800000,0x00000006c3088088,0x00000006cb000000)
 Metaspace       used 55125K, capacity 57134K, committed 57472K, reserved 1099776K
  class space    used 7342K, capacity 7744K, committed 7808K, reserved 1048576K

Card table byte_map: [0x0000000012220000,0x0000000012a20000] byte_map_base: 0x000000000ec14000

Marking Bits: (ParMarkBitMap*) 0x0000000062d72d00
 Begin Bits: [0x0000000013770000, 0x0000000017710000)
 End Bits:   [0x0000000017710000, 0x000000001b6b0000)

Polling page: 0x00000000005f0000

CodeCache: size=245760Kb used=10836Kb max_used=10836Kb free=234923Kb
 bounds [0x0000000002e60000, 0x0000000003900000, 0x0000000011e60000]
 total_blobs=6028 nmethods=5265 adapters=675
 compilation: enabled

Compilation events (10 events):
Event: 71.719 Thread 0x000000001f62b800 5376       1       sun.util.calendar.AbstractCalendar::getDayOfWeekDateOnOrBefore (31 bytes)
Event: 71.719 Thread 0x000000001f62b800 nmethod 5376 0x00000000038f61d0 code [0x00000000038f6320, 0x00000000038f6550]
Event: 71.724 Thread 0x000000001f62b800 5377       1       org.apache.coyote.Request::method (5 bytes)
Event: 71.724 Thread 0x000000001f62b800 nmethod 5377 0x00000000038f6690 code [0x00000000038f67e0, 0x00000000038f68f0]
Event: 71.725 Thread 0x000000001f62b800 5378       1       java.util.GregorianCalendar::getWeekNumber (89 bytes)
Event: 71.725 Thread 0x000000001f62b800 nmethod 5378 0x00000000038f6950 code [0x00000000038f6ac0, 0x00000000038f6e50]
Event: 71.725 Thread 0x000000001f62b800 5379       1       org.apache.tomcat.util.buf.ByteChunk::getBuffer (5 bytes)
Event: 71.725 Thread 0x000000001f62b800 nmethod 5379 0x00000000038f7090 code [0x00000000038f71e0, 0x00000000038f72f0]
Event: 71.725 Thread 0x000000001f62b800 5380       1       org.apache.tomcat.util.buf.MessageBytes::getByteChunk (5 bytes)
Event: 71.725 Thread 0x000000001f62b800 nmethod 5380 0x00000000038f7350 code [0x00000000038f74a0, 0x00000000038f75b0]

GC Heap History (10 events):
Event: 8.380 GC heap before
{Heap before GC invocations=11 (full 2):
 PSYoungGen      total 174592K, used 11477K [0x000000076b300000, 0x000000077ad80000, 0x00000007c0000000)
  eden space 161280K, 0% used [0x000000076b300000,0x000000076b300000,0x0000000775080000)
  from space 13312K, 86% used [0x0000000775080000,0x0000000775bb55d8,0x0000000775d80000)
  to   space 14336K, 0% used [0x0000000779f80000,0x0000000779f80000,0x000000077ad80000)
 ParOldGen       total 104960K, used 13654K [0x00000006c1800000, 0x00000006c7e80000, 0x000000076b300000)
  object space 104960K, 13% used [0x00000006c1800000,0x00000006c25558f0,0x00000006c7e80000)
 Metaspace       used 33893K, capacity 35336K, committed 35496K, reserved 1079296K
  class space    used 4504K, capacity 4808K, committed 4864K, reserved 1048576K
Event: 8.419 GC heap after
Heap after GC invocations=11 (full 2):
 PSYoungGen      total 174592K, used 0K [0x000000076b300000, 0x000000077ad80000, 0x00000007c0000000)
  eden space 161280K, 0% used [0x000000076b300000,0x000000076b300000,0x0000000775080000)
  from space 13312K, 0% used [0x0000000775080000,0x0000000775080000,0x0000000775d80000)
  to   space 14336K, 0% used [0x0000000779f80000,0x0000000779f80000,0x000000077ad80000)
 ParOldGen       total 155648K, used 20492K [0x00000006c1800000, 0x00000006cb000000, 0x000000076b300000)
  object space 155648K, 13% used [0x00000006c1800000,0x00000006c2c030e8,0x00000006cb000000)
 Metaspace       used 33893K, capacity 35336K, committed 35496K, reserved 1079296K
  class space    used 4504K, capacity 4808K, committed 4864K, reserved 1048576K
}
Event: 9.772 GC heap before
{Heap before GC invocations=12 (full 2):
 PSYoungGen      total 174592K, used 161280K [0x000000076b300000, 0x000000077ad80000, 0x00000007c0000000)
  eden space 161280K, 100% used [0x000000076b300000,0x0000000775080000,0x0000000775080000)
  from space 13312K, 0% used [0x0000000775080000,0x0000000775080000,0x0000000775d80000)
  to   space 14336K, 0% used [0x0000000779f80000,0x0000000779f80000,0x000000077ad80000)
 ParOldGen       total 155648K, used 20492K [0x00000006c1800000, 0x00000006cb000000, 0x000000076b300000)
  object space 155648K, 13% used [0x00000006c1800000,0x00000006c2c030e8,0x00000006cb000000)
 Metaspace       used 35150K, capacity 36660K, committed 36992K, reserved 1081344K
  class space    used 4660K, capacity 4970K, committed 4992K, reserved 1048576K
Event: 9.774 GC heap after
Heap after GC invocations=12 (full 2):
 PSYoungGen      total 218624K, used 994K [0x000000076b300000, 0x000000077a280000, 0x00000007c0000000)
  eden space 215552K, 0% used [0x000000076b300000,0x000000076b300000,0x0000000778580000)
  from space 3072K, 32% used [0x0000000779f80000,0x000000077a0788a0,0x000000077a280000)
  to   space 14848K, 0% used [0x0000000778580000,0x0000000778580000,0x0000000779400000)
 ParOldGen       total 155648K, used 20500K [0x00000006c1800000, 0x00000006cb000000, 0x000000076b300000)
  object space 155648K, 13% used [0x00000006c1800000,0x00000006c2c050e8,0x00000006cb000000)
 Metaspace       used 35150K, capacity 36660K, committed 36992K, reserved 1081344K
  class space    used 4660K, capacity 4970K, committed 4992K, reserved 1048576K
}
Event: 11.631 GC heap before
{Heap before GC invocations=13 (full 2):
 PSYoungGen      total 218624K, used 216546K [0x000000076b300000, 0x000000077a280000, 0x00000007c0000000)
  eden space 215552K, 100% used [0x000000076b300000,0x0000000778580000,0x0000000778580000)
  from space 3072K, 32% used [0x0000000779f80000,0x000000077a0788a0,0x000000077a280000)
  to   space 14848K, 0% used [0x0000000778580000,0x0000000778580000,0x0000000779400000)
 ParOldGen       total 155648K, used 20500K [0x00000006c1800000, 0x00000006cb000000, 0x000000076b300000)
  object space 155648K, 13% used [0x00000006c1800000,0x00000006c2c050e8,0x00000006cb000000)
 Metaspace       used 37262K, capacity 38854K, committed 39168K, reserved 1083392K
  class space    used 4938K, capacity 5251K, committed 5376K, reserved 1048576K
Event: 11.636 GC heap after
Heap after GC invocations=13 (full 2):
 PSYoungGen      total 230400K, used 6496K [0x000000076b300000, 0x000000077e200000, 0x00000007c0000000)
  eden space 215552K, 0% used [0x000000076b300000,0x000000076b300000,0x0000000778580000)
  from space 14848K, 43% used [0x0000000778580000,0x0000000778bd8228,0x0000000779400000)
  to   space 14336K, 0% used [0x000000077d400000,0x000000077d400000,0x000000077e200000)
 ParOldGen       total 155648K, used 20508K [0x00000006c1800000, 0x00000006cb000000, 0x000000076b300000)
  object space 155648K, 13% used [0x00000006c1800000,0x00000006c2c070e8,0x00000006cb000000)
 Metaspace       used 37262K, capacity 38854K, committed 39168K, reserved 1083392K
  class space    used 4938K, capacity 5251K, committed 5376K, reserved 1048576K
}
Event: 16.798 GC heap before
{Heap before GC invocations=14 (full 2):
 PSYoungGen      total 230400K, used 222048K [0x000000076b300000, 0x000000077e200000, 0x00000007c0000000)
  eden space 215552K, 100% used [0x000000076b300000,0x0000000778580000,0x0000000778580000)
  from space 14848K, 43% used [0x0000000778580000,0x0000000778bd8228,0x0000000779400000)
  to   space 14336K, 0% used [0x000000077d400000,0x000000077d400000,0x000000077e200000)
 ParOldGen       total 155648K, used 20508K [0x00000006c1800000, 0x00000006cb000000, 0x000000076b300000)
  object space 155648K, 13% used [0x00000006c1800000,0x00000006c2c070e8,0x00000006cb000000)
 Metaspace       used 40950K, capacity 42792K, committed 43008K, reserved 1087488K
  class space    used 5440K, capacity 5775K, committed 5888K, reserved 1048576K
Event: 16.808 GC heap after
Heap after GC invocations=14 (full 2):
 PSYoungGen      total 286720K, used 11415K [0x000000076b300000, 0x000000077df80000, 0x00000007c0000000)
  eden space 274944K, 0% used [0x000000076b300000,0x000000076b300000,0x000000077bf80000)
  from space 11776K, 96% used [0x000000077d400000,0x000000077df25d88,0x000000077df80000)
  to   space 15360K, 0% used [0x000000077c180000,0x000000077c180000,0x000000077d080000)
 ParOldGen       total 155648K, used 20708K [0x00000006c1800000, 0x00000006cb000000, 0x000000076b300000)
  object space 155648K, 13% used [0x00000006c1800000,0x00000006c2c390e8,0x00000006cb000000)
 Metaspace       used 40950K, capacity 42792K, committed 43008K, reserved 1087488K
  class space    used 5440K, capacity 5775K, committed 5888K, reserved 1048576K
}
Event: 29.982 GC heap before
{Heap before GC invocations=15 (full 2):
 PSYoungGen      total 286720K, used 286359K [0x000000076b300000, 0x000000077df80000, 0x00000007c0000000)
  eden space 274944K, 100% used [0x000000076b300000,0x000000077bf80000,0x000000077bf80000)
  from space 11776K, 96% used [0x000000077d400000,0x000000077df25d88,0x000000077df80000)
  to   space 15360K, 0% used [0x000000077c180000,0x000000077c180000,0x000000077d080000)
 ParOldGen       total 155648K, used 20708K [0x00000006c1800000, 0x00000006cb000000, 0x000000076b300000)
  object space 155648K, 13% used [0x00000006c1800000,0x00000006c2c390e8,0x00000006cb000000)
 Metaspace       used 49625K, capacity 51604K, committed 51840K, reserved 1093632K
  class space    used 6646K, capacity 7017K, committed 7040K, reserved 1048576K
Event: 30.003 GC heap after
Heap after GC invocations=15 (full 2):
 PSYoungGen      total 292352K, used 15352K [0x000000076b300000, 0x0000000782600000, 0x00000007c0000000)
  eden space 276992K, 0% used [0x000000076b300000,0x000000076b300000,0x000000077c180000)
  from space 15360K, 99% used [0x000000077c180000,0x000000077d07e328,0x000000077d080000)
  to   space 18944K, 0% used [0x0000000781380000,0x0000000781380000,0x0000000782600000)
 ParOldGen       total 155648K, used 25120K [0x00000006c1800000, 0x00000006cb000000, 0x000000076b300000)
  object space 155648K, 16% used [0x00000006c1800000,0x00000006c3088088,0x00000006cb000000)
 Metaspace       used 49625K, capacity 51604K, committed 51840K, reserved 1093632K
  class space    used 6646K, capacity 7017K, committed 7040K, reserved 1048576K
}

Deoptimization events (0 events):
No events

Classes redefined (0 events):
No events

Internal exceptions (10 events):
Event: 50.054 Thread 0x0000000022dbf800 Exception <a 'java/net/SocketTimeoutException': Read timed out> (0x000000076b54ce18) thrown at [C:\re\workspace\8-2-build-windows-amd64-cygwin\jdk8u181\11358\hotspot\src\share\vm\prims\jni.cpp, line 735]
Event: 54.057 Thread 0x0000000022dbf800 Exception <a 'java/net/SocketTimeoutException': Read timed out> (0x000000076b556bc8) thrown at [C:\re\workspace\8-2-build-windows-amd64-cygwin\jdk8u181\11358\hotspot\src\share\vm\prims\jni.cpp, line 735]
Event: 58.045 Thread 0x0000000022dc3800 Exception <a 'java/net/SocketTimeoutException': Read timed out> (0x0000000775723620) thrown at [C:\re\workspace\8-2-build-windows-amd64-cygwin\jdk8u181\11358\hotspot\src\share\vm\prims\jni.cpp, line 735]
Event: 58.061 Thread 0x0000000022dbf800 Exception <a 'java/net/SocketTimeoutException': Read timed out> (0x000000076b560978) thrown at [C:\re\workspace\8-2-build-windows-amd64-cygwin\jdk8u181\11358\hotspot\src\share\vm\prims\jni.cpp, line 735]
Event: 62.066 Thread 0x0000000022dbf800 Exception <a 'java/net/SocketTimeoutException': Read timed out> (0x000000076b56a728) thrown at [C:\re\workspace\8-2-build-windows-amd64-cygwin\jdk8u181\11358\hotspot\src\share\vm\prims\jni.cpp, line 735]
Event: 66.049 Thread 0x0000000022dc3800 Exception <a 'java/net/SocketTimeoutException': Read timed out> (0x000000077573b468) thrown at [C:\re\workspace\8-2-build-windows-amd64-cygwin\jdk8u181\11358\hotspot\src\share\vm\prims\jni.cpp, line 735]
Event: 66.071 Thread 0x0000000022dbf800 Exception <a 'java/net/SocketTimeoutException': Read timed out> (0x000000076b5744d8) thrown at [C:\re\workspace\8-2-build-windows-amd64-cygwin\jdk8u181\11358\hotspot\src\share\vm\prims\jni.cpp, line 735]
Event: 70.076 Thread 0x0000000022dbf800 Exception <a 'java/net/SocketTimeoutException': Read timed out> (0x000000076b57e288) thrown at [C:\re\workspace\8-2-build-windows-amd64-cygwin\jdk8u181\11358\hotspot\src\share\vm\prims\jni.cpp, line 735]
Event: 71.717 Thread 0x0000000022a95800 Exception <a 'java/net/SocketTimeoutException': Read timed out> (0x0000000775ec22f0) thrown at [C:\re\workspace\8-2-build-windows-amd64-cygwin\jdk8u181\11358\hotspot\src\share\vm\prims\jni.cpp, line 735]
Event: 71.727 Thread 0x0000000022db9000 Exception <a 'java/io/IOException'> (0x000000077601f300) thrown at [C:\re\workspace\8-2-build-windows-amd64-cygwin\jdk8u181\11358\hotspot\src\share\vm\prims\jni.cpp, line 709]

Events (10 events):
Event: 71.722 loading class org/apache/catalina/webresources/AbstractSingleArchiveResourceSet
Event: 71.722 loading class org/apache/catalina/webresources/AbstractSingleArchiveResourceSet done
Event: 71.722 loading class org/apache/catalina/webresources/AbstractArchiveResourceSet
Event: 71.722 loading class org/apache/catalina/webresources/AbstractArchiveResourceSet done
Event: 71.727 Executing VM operation: RevokeBias
Event: 71.727 Executing VM operation: RevokeBias done
Event: 71.736 Executing VM operation: RevokeBias
Event: 71.736 Executing VM operation: RevokeBias done
Event: 71.736 Thread 0x0000000022dc4000 Thread exited: 0x0000000022dc4000
Event: 71.816 Thread 0x0000000023223800 Thread exited: 0x0000000023223800


Dynamic libraries:
0x00007ff79d5d0000 - 0x00007ff79d607000 	C:\Program Files\Java\jdk1.8.0_181\bin\java.exe
0x00007ff9ceea0000 - 0x00007ff9cf090000 	C:\WINDOWS\SYSTEM32\ntdll.dll
0x00007ff9ceb60000 - 0x00007ff9cec12000 	C:\WINDOWS\System32\KERNEL32.DLL
0x00007ff9cbec0000 - 0x00007ff9cc165000 	C:\WINDOWS\System32\KERNELBASE.dll
0x00007ff9cd040000 - 0x00007ff9cd0e3000 	C:\WINDOWS\System32\ADVAPI32.dll
0x00007ff9ccfa0000 - 0x00007ff9cd03e000 	C:\WINDOWS\System32\msvcrt.dll
0x00007ff9cecd0000 - 0x00007ff9ced67000 	C:\WINDOWS\System32\sechost.dll
0x00007ff9cea40000 - 0x00007ff9ceb5f000 	C:\WINDOWS\System32\RPCRT4.dll
0x00007ff9cd650000 - 0x00007ff9cd7e4000 	C:\WINDOWS\System32\USER32.dll
0x00007ff9ccad0000 - 0x00007ff9ccaf1000 	C:\WINDOWS\System32\win32u.dll
0x00007ff9cd560000 - 0x00007ff9cd586000 	C:\WINDOWS\System32\GDI32.dll
0x00007ff9ccb00000 - 0x00007ff9ccc98000 	C:\WINDOWS\System32\gdi32full.dll
0x00007ff9ccca0000 - 0x00007ff9ccd3e000 	C:\WINDOWS\System32\msvcp_win.dll
0x00007ff9cc9a0000 - 0x00007ff9cca9a000 	C:\WINDOWS\System32\ucrtbase.dll
0x00007ff9b6180000 - 0x00007ff9b6404000 	C:\WINDOWS\WinSxS\amd64_microsoft.windows.common-controls_6595b64144ccf1df_6.0.18362.1440_none_9e7dbfb9e45e8e67\COMCTL32.dll
0x00007ff9ce6f0000 - 0x00007ff9cea26000 	C:\WINDOWS\System32\combase.dll
0x00007ff9cbe10000 - 0x00007ff9cbe91000 	C:\WINDOWS\System32\bcryptPrimitives.dll
0x00007ff9ccf50000 - 0x00007ff9ccf7e000 	C:\WINDOWS\System32\IMM32.DLL
0x00000000632f0000 - 0x00000000633c2000 	C:\Program Files\Java\jdk1.8.0_181\jre\bin\msvcr100.dll
0x0000000062550000 - 0x0000000062df2000 	C:\Program Files\Java\jdk1.8.0_181\jre\bin\server\jvm.dll
0x00007ff9ccf80000 - 0x00007ff9ccf88000 	C:\WINDOWS\System32\PSAPI.DLL
0x00007ff9b2ad0000 - 0x00007ff9b2ad9000 	C:\WINDOWS\SYSTEM32\WSOCK32.dll
0x00007ff9c4240000 - 0x00007ff9c4264000 	C:\WINDOWS\SYSTEM32\WINMM.dll
0x00007ff9c3960000 - 0x00007ff9c396a000 	C:\WINDOWS\SYSTEM32\VERSION.dll
0x00007ff9ced70000 - 0x00007ff9ceddf000 	C:\WINDOWS\System32\WS2_32.dll
0x00007ff9c4210000 - 0x00007ff9c423d000 	C:\WINDOWS\SYSTEM32\WINMMBASE.dll
0x00007ff9cc8f0000 - 0x00007ff9cc93a000 	C:\WINDOWS\System32\cfgmgr32.dll
0x00000000632e0000 - 0x00000000632ef000 	C:\Program Files\Java\jdk1.8.0_181\jre\bin\verify.dll
0x00000000632b0000 - 0x00000000632d9000 	C:\Program Files\Java\jdk1.8.0_181\jre\bin\java.dll
0x0000000063260000 - 0x0000000063283000 	C:\Program Files\Java\jdk1.8.0_181\jre\bin\instrument.dll
0x0000000063290000 - 0x00000000632a6000 	C:\Program Files\Java\jdk1.8.0_181\jre\bin\zip.dll
0x00007ff9cd810000 - 0x00007ff9cdef8000 	C:\WINDOWS\System32\SHELL32.dll
0x00007ff9ce640000 - 0x00007ff9ce6e7000 	C:\WINDOWS\System32\shcore.dll
0x00007ff9cc170000 - 0x00007ff9cc8eb000 	C:\WINDOWS\System32\windows.storage.dll
0x00007ff9cbdd0000 - 0x00007ff9cbdee000 	C:\WINDOWS\System32\profapi.dll
0x00007ff9cbd80000 - 0x00007ff9cbdca000 	C:\WINDOWS\System32\powrprof.dll
0x00007ff9cbd50000 - 0x00007ff9cbd60000 	C:\WINDOWS\System32\UMPDC.dll
0x00007ff9cd5f0000 - 0x00007ff9cd642000 	C:\WINDOWS\System32\shlwapi.dll
0x00007ff9cbd60000 - 0x00007ff9cbd71000 	C:\WINDOWS\System32\kernel.appcore.dll
0x00007ff9cbea0000 - 0x00007ff9cbeb7000 	C:\WINDOWS\System32\cryptsp.dll
0x00007ff9c0030000 - 0x00007ff9c004a000 	E:\Program Files\JetBrains\IntelliJ IDEA 2020.1.2\bin\breakgen64.dll
0x0000000063240000 - 0x000000006325a000 	C:\Program Files\Java\jdk1.8.0_181\jre\bin\net.dll
0x00007ff9cb590000 - 0x00007ff9cb5f7000 	C:\WINDOWS\system32\mswsock.dll
0x00007ff9cb2e0000 - 0x00007ff9cb3ab000 	C:\WINDOWS\SYSTEM32\DNSAPI.dll
0x00007ff9cea30000 - 0x00007ff9cea38000 	C:\WINDOWS\System32\NSI.dll
0x00007ff9cb2a0000 - 0x00007ff9cb2da000 	C:\WINDOWS\SYSTEM32\IPHLPAPI.DLL
0x0000000062e00000 - 0x0000000062e26000 	C:\Program Files\Bonjour\mdnsNSP.dll
0x00007ff9beed0000 - 0x00007ff9beeda000 	C:\Windows\System32\rasadhlp.dll
0x00007ff9bf650000 - 0x00007ff9bf6c7000 	C:\WINDOWS\System32\fwpuclnt.dll
0x00007ff9ccaa0000 - 0x00007ff9ccac6000 	C:\WINDOWS\System32\bcrypt.dll
0x0000000063230000 - 0x000000006323d000 	C:\Program Files\Java\jdk1.8.0_181\jre\bin\management.dll
0x0000000063210000 - 0x0000000063221000 	C:\Program Files\Java\jdk1.8.0_181\jre\bin\nio.dll
0x00007ff9cb110000 - 0x00007ff9cb143000 	C:\WINDOWS\system32\rsaenh.dll
0x00007ff9cbc70000 - 0x00007ff9cbc95000 	C:\WINDOWS\SYSTEM32\USERENV.dll
0x00007ff9cb760000 - 0x00007ff9cb76c000 	C:\WINDOWS\SYSTEM32\CRYPTBASE.dll
0x00007ff9bff90000 - 0x00007ff9bffa6000 	C:\WINDOWS\SYSTEM32\dhcpcsvc6.DLL
0x00007ff9bff70000 - 0x00007ff9bff8c000 	C:\WINDOWS\SYSTEM32\dhcpcsvc.DLL
0x00007ff9ac060000 - 0x00007ff9ac076000 	C:\WINDOWS\system32\napinsp.dll
0x00007ff9ac040000 - 0x00007ff9ac05a000 	C:\WINDOWS\system32\pnrpnsp.dll
0x00007ff9ac030000 - 0x00007ff9ac03e000 	C:\WINDOWS\System32\winrnr.dll
0x00007ff9c4fb0000 - 0x00007ff9c4fcc000 	C:\WINDOWS\system32\NLAapi.dll
0x00007ff9c4380000 - 0x00007ff9c4395000 	C:\WINDOWS\system32\wshbth.dll
0x00007ff9b7bd0000 - 0x00007ff9b7c21000 	C:\Users\DELL\.javacpp\cache\libfreenect2-0.2.0-1.4.1-windows-x86_64.jar\org\bytedeco\javacpp\windows-x86_64\concrt140.dll
0x00007ff9b4fc0000 - 0x00007ff9b504d000 	C:\WINDOWS\SYSTEM32\MSVCP140.dll
0x00007ff9b5730000 - 0x00007ff9b574a000 	C:\WINDOWS\SYSTEM32\VCRUNTIME140.dll
0x00007ff9b5720000 - 0x00007ff9b572c000 	C:\WINDOWS\SYSTEM32\VCRUNTIME140_1.dll
0x00007ff9b7b30000 - 0x00007ff9b7bcd000 	C:\Users\DELL\.javacpp\cache\libfreenect2-0.2.0-1.4.1-windows-x86_64.jar\org\bytedeco\javacpp\windows-x86_64\msvcp140.dll
0x00007ff9b8680000 - 0x00007ff9b8697000 	C:\Users\DELL\.javacpp\cache\libfreenect2-0.2.0-1.4.1-windows-x86_64.jar\org\bytedeco\javacpp\windows-x86_64\vcruntime140.dll
0x0000000000ab0000 - 0x0000000000ab3000 	C:\Users\DELL\.javacpp\cache\libfreenect2-0.2.0-1.4.1-windows-x86_64.jar\org\bytedeco\javacpp\windows-x86_64\api-ms-win-crt-locale-l1-1-0.dll
0x0000000001090000 - 0x0000000001094000 	C:\Users\DELL\.javacpp\cache\libfreenect2-0.2.0-1.4.1-windows-x86_64.jar\org\bytedeco\javacpp\windows-x86_64\api-ms-win-crt-string-l1-1-0.dll
0x0000000020e80000 - 0x0000000020e84000 	C:\Users\DELL\.javacpp\cache\libfreenect2-0.2.0-1.4.1-windows-x86_64.jar\org\bytedeco\javacpp\windows-x86_64\api-ms-win-crt-stdio-l1-1-0.dll
0x0000000024320000 - 0x0000000024325000 	C:\Users\DELL\.javacpp\cache\libfreenect2-0.2.0-1.4.1-windows-x86_64.jar\org\bytedeco\javacpp\windows-x86_64\api-ms-win-crt-math-l1-1-0.dll
0x0000000024330000 - 0x0000000024333000 	C:\Users\DELL\.javacpp\cache\libfreenect2-0.2.0-1.4.1-windows-x86_64.jar\org\bytedeco\javacpp\windows-x86_64\api-ms-win-crt-heap-l1-1-0.dll
0x0000000024340000 - 0x0000000024344000 	C:\Users\DELL\.javacpp\cache\libfreenect2-0.2.0-1.4.1-windows-x86_64.jar\org\bytedeco\javacpp\windows-x86_64\api-ms-win-crt-runtime-l1-1-0.dll
0x0000000024350000 - 0x0000000024354000 	C:\Users\DELL\.javacpp\cache\libfreenect2-0.2.0-1.4.1-windows-x86_64.jar\org\bytedeco\javacpp\windows-x86_64\api-ms-win-crt-convert-l1-1-0.dll
0x0000000024360000 - 0x0000000024363000 	C:\Users\DELL\.javacpp\cache\libfreenect2-0.2.0-1.4.1-windows-x86_64.jar\org\bytedeco\javacpp\windows-x86_64\api-ms-win-crt-environment-l1-1-0.dll
0x0000000024370000 - 0x0000000024373000 	C:\Users\DELL\.javacpp\cache\libfreenect2-0.2.0-1.4.1-windows-x86_64.jar\org\bytedeco\javacpp\windows-x86_64\api-ms-win-crt-time-l1-1-0.dll
0x0000000024380000 - 0x0000000024383000 	C:\Users\DELL\.javacpp\cache\libfreenect2-0.2.0-1.4.1-windows-x86_64.jar\org\bytedeco\javacpp\windows-x86_64\api-ms-win-crt-filesystem-l1-1-0.dll
0x0000000024390000 - 0x0000000024393000 	C:\Users\DELL\.javacpp\cache\libfreenect2-0.2.0-1.4.1-windows-x86_64.jar\org\bytedeco\javacpp\windows-x86_64\api-ms-win-crt-utility-l1-1-0.dll
0x00000000243a0000 - 0x00000000243a5000 	C:\Users\DELL\.javacpp\cache\libfreenect2-0.2.0-1.4.1-windows-x86_64.jar\org\bytedeco\javacpp\windows-x86_64\api-ms-win-crt-multibyte-l1-1-0.dll
0x00007ff97c660000 - 0x00007ff97c964000 	C:\Users\DELL\.javacpp\cache\opencv-3.4.1-1.4.1-windows-x86_64.jar\org\bytedeco\javacpp\windows-x86_64\opencv_core341.dll
0x00007ff97c250000 - 0x00007ff97c655000 	C:\Users\DELL\.javacpp\cache\opencv-3.4.1-1.4.1-windows-x86_64.jar\org\bytedeco\javacpp\windows-x86_64\opencv_imgproc341.dll
0x00007ff975a70000 - 0x00007ff975dfe000 	C:\Users\DELL\.javacpp\cache\opencv-3.4.1-1.4.1-windows-x86_64.jar\org\bytedeco\javacpp\windows-x86_64\jniopencv_core.dll
0x00007ff9b68b0000 - 0x00007ff9b6a06000 	C:\Users\DELL\.javacpp\cache\opencv-3.4.1-1.4.1-windows-x86_64.jar\org\bytedeco\javacpp\windows-x86_64\jniopencv_imgproc.dll
0x00007ff977970000 - 0x00007ff977c3f000 	C:\Users\DELL\.javacpp\cache\opencv-3.4.1-1.4.1-windows-x86_64.jar\org\bytedeco\javacpp\windows-x86_64\opencv_imgcodecs341.dll
0x00007ff9b7af0000 - 0x00007ff9b7b24000 	C:\Users\DELL\.javacpp\cache\opencv-3.4.1-1.4.1-windows-x86_64.jar\org\bytedeco\javacpp\windows-x86_64\jniopencv_imgcodecs.dll
0x00007ff9b7a30000 - 0x00007ff9b7a81000 	C:\Users\DELL\.javacpp\cache\opencv-3.4.1-1.4.1-windows-x86_64.jar\org\bytedeco\javacpp\windows-x86_64\opencv_videoio341.dll
0x00007ff9ce030000 - 0x00007ff9ce187000 	C:\WINDOWS\System32\ole32.dll
0x00007ff9ce3b0000 - 0x00007ff9ce475000 	C:\WINDOWS\System32\OLEAUT32.dll
0x00007ff9b7a00000 - 0x00007ff9b7a29000 	C:\WINDOWS\SYSTEM32\MSVFW32.dll
0x00007ff9b78b0000 - 0x00007ff9b78c8000 	C:\WINDOWS\SYSTEM32\AVICAP32.dll
0x00007ff9b74e0000 - 0x00007ff9b7500000 	C:\WINDOWS\SYSTEM32\AVIFIL32.dll
0x00007ff9c42e0000 - 0x00007ff9c42fc000 	C:\WINDOWS\SYSTEM32\MSACM32.dll
0x00007ff9b74c0000 - 0x00007ff9b74df000 	C:\Users\DELL\.javacpp\cache\opencv-3.4.1-1.4.1-windows-x86_64.jar\org\bytedeco\javacpp\windows-x86_64\jniopencv_videoio.dll
0x00007ff9c60b0000 - 0x00007ff9c6149000 	C:\WINDOWS\system32\uxtheme.dll
0x00007ff9cec20000 - 0x00007ff9cecc2000 	C:\WINDOWS\System32\clbcatq.dll
0x00007ff9b5530000 - 0x00007ff9b5548000 	C:\Windows\System32\devenum.dll
0x00007ff9cd0f0000 - 0x00007ff9cd560000 	C:\WINDOWS\System32\setupapi.dll
0x00007ff9cad70000 - 0x00007ff9cada1000 	C:\WINDOWS\SYSTEM32\ntmarta.dll
0x00007ff9cbb30000 - 0x00007ff9cbb5a000 	C:\WINDOWS\SYSTEM32\DEVOBJ.dll
0x00007ff9cc940000 - 0x00007ff9cc99c000 	C:\WINDOWS\System32\WINTRUST.dll
0x00007ff9cbdf0000 - 0x00007ff9cbe02000 	C:\WINDOWS\System32\MSASN1.dll
0x00007ff9ccd40000 - 0x00007ff9cce91000 	C:\WINDOWS\System32\CRYPT32.dll
0x00007ff9c1830000 - 0x00007ff9c183b000 	C:\WINDOWS\SYSTEM32\msdmo.dll
0x00007ff9b7480000 - 0x00007ff9b74b4000 	C:\Windows\System32\qcap.dll
0x00007ff98f940000 - 0x00007ff98fb04000 	C:\Windows\System32\quartz.dll
0x00007ff9ce480000 - 0x00007ff9ce5b5000 	C:\WINDOWS\System32\MSCTF.dll
0x00007ff9b71e0000 - 0x00007ff9b722c000 	C:\Windows\System32\mfksproxy.dll
0x00007ff9b0760000 - 0x00007ff9b077c000 	C:\Windows\System32\ATL.DLL
0x00007ff9c2470000 - 0x00007ff9c266a000 	C:\Windows\System32\MFPlat.DLL
0x00007ff9c1e00000 - 0x00007ff9c1e2f000 	C:\Windows\System32\RTWorkQ.DLL
0x00007ff9b6db0000 - 0x00007ff9b6e0c000 	C:\Windows\System32\MFSENSORGROUP.dll
0x00007ff9b6d60000 - 0x00007ff9b6dad000 	C:\Windows\System32\ksproxy.ax
0x00007ff9c2d20000 - 0x00007ff9c2d29000 	C:\Windows\System32\ksuser.dll
0x00007ff9b33f0000 - 0x00007ff9b35b7000 	C:\Windows\System32\d3d9.dll
0x00007ff9c6570000 - 0x00007ff9c659d000 	C:\Windows\System32\dwmapi.dll
0x00007ff9ca970000 - 0x00007ff9ca990000 	C:\WINDOWS\SYSTEM32\dxcore.dll
0x00007ff9c4bd0000 - 0x00007ff9c4c59000 	C:\WINDOWS\SYSTEM32\policymanager.dll
0x00007ff9c4ae0000 - 0x00007ff9c4b6a000 	C:\Windows\System32\msvcp110_win.dll
0x00007ff9c0020000 - 0x00007ff9c002d000 	C:\Windows\System32\vidcap.ax
0x00007ff9b71b0000 - 0x00007ff9b71d6000 	C:\Windows\System32\kswdmcap.ax
0x00007ff990c10000 - 0x00007ff990d72000 	C:\Windows\System32\MFC42.dll
0x00007ff9b6800000 - 0x00007ff9b68a1000 	C:\Windows\System32\qedit.dll
0x00007ff9cdf60000 - 0x00007ff9ce030000 	C:\WINDOWS\System32\COMDLG32.dll
0x00007ff9b5f00000 - 0x00007ff9b60a6000 	C:\WINDOWS\WinSxS\amd64_microsoft.windows.gdiplus_6595b64144ccf1df_1.1.18362.1440_none_cf68b29f3ef10835\gdiplus.dll
0x00007ff9a2e50000 - 0x00007ff9a2f47000 	C:\Windows\System32\DDRAW.dll
0x00007ff9caa00000 - 0x00007ff9caaeb000 	C:\Windows\System32\dxgi.dll
0x00007ff9c3470000 - 0x00007ff9c3478000 	C:\Windows\System32\DCIMAN32.dll

VM Arguments:
jvm_args: -Djava.awt.headless=false -XX:TieredStopAtLevel=1 -Xverify:none -Dspring.output.ansi.enabled=always -Dcom.sun.management.jmxremote -Dspring.jmx.enabled=true -Dspring.liveBeansView.mbeanDomain -Dspring.application.admin.enabled=true -javaagent:E:\Program Files\JetBrains\IntelliJ IDEA 2020.1.2\lib\idea_rt.jar=2088:E:\Program Files\JetBrains\IntelliJ IDEA 2020.1.2\bin -Dfile.encoding=UTF-8 
java_command: cn.macswelle.campusecurity.nvrlistener.NvrlistenerApplication
java_class_path (initial): C:\Program Files\Java\jdk1.8.0_181\jre\lib\charsets.jar;C:\Program Files\Java\jdk1.8.0_181\jre\lib\deploy.jar;C:\Program Files\Java\jdk1.8.0_181\jre\lib\ext\access-bridge-64.jar;C:\Program Files\Java\jdk1.8.0_181\jre\lib\ext\cldrdata.jar;C:\Program Files\Java\jdk1.8.0_181\jre\lib\ext\dnsns.jar;C:\Program Files\Java\jdk1.8.0_181\jre\lib\ext\jaccess.jar;C:\Program Files\Java\jdk1.8.0_181\jre\lib\ext\jfxrt.jar;C:\Program Files\Java\jdk1.8.0_181\jre\lib\ext\localedata.jar;C:\Program Files\Java\jdk1.8.0_181\jre\lib\ext\nashorn.jar;C:\Program Files\Java\jdk1.8.0_181\jre\lib\ext\sunec.jar;C:\Program Files\Java\jdk1.8.0_181\jre\lib\ext\sunjce_provider.jar;C:\Program Files\Java\jdk1.8.0_181\jre\lib\ext\sunmscapi.jar;C:\Program Files\Java\jdk1.8.0_181\jre\lib\ext\sunpkcs11.jar;C:\Program Files\Java\jdk1.8.0_181\jre\lib\ext\zipfs.jar;C:\Program Files\Java\jdk1.8.0_181\jre\lib\javaws.jar;C:\Program Files\Java\jdk1.8.0_181\jre\lib\jce.jar;C:\Program Files\Java\jdk1.8.0_181\jre\lib\jfr.jar;C:\Program Files\Java\jdk1.8.0_181\jre\lib\jfxswt.jar;C:\Program Files\Java\jdk1.8.0_181\jre\lib\jsse.jar;C:\Program Files\Java\jdk1.8.0_181\jre\lib\management-agent.jar;C:\Program Files\Java\jdk1.8.0_181\jre\lib\plugin.jar;C:\Program Files\Java\jdk1.8.0_181\jre\lib\resources.jar;C:\Program Files\Java\jdk1.8.0_181\jre\lib\rt.jar;E:\code\J2EE\campusecurity\nvrlistener\target\classes;E:\code\J2EE\campusecurity\common\target\classes;F:\maven\repository\io\jsonwebtoken\jjwt\0.9.1\jjwt-0.9.1.jar;F:\maven\repository\cn\hutool\hutool-all\5.3.10\hutool-all-5.3.10.jar;F:\maven\repository\com\auth0\java-jwt\3.10.0\java-jwt-3.10.0.jar;F:\maven\repository\commons-codec\commons-codec\1.11\commons-codec-1.11.jar;E:\code\J2EE\campusecurity\feign-api\target\classes;F:\maven\repository\org\springframework\cloud\spring-cloud-starter-openfeign\2.0.4.RELEASE\spring-cloud-starter-openfeign-2.0.4.RELEASE.jar;F:\maven\repository\org\springframework\cloud\spring-cloud-openfeign-core\2.0.4.
Launcher Type: SUN_STANDARD

Environment Variables:
JAVA_HOME=C:\Program Files\Java\jdk1.8.0_181
CLASSPATH=.;C:\Program Files\Java\jdk1.8.0_181\lib;C:\Program Files\Java\jdk1.8.0_181\lib\tools.jar;C:\Program Files\Java\jdk1.8.0_181\lib\comm.jar;C:\Program Files (x86)\Java\jdk1.8.0_211\lib;C:\Program Files (x86)\Java\jdk1.8.0_211\lib\tools.jar;C:\Program Files (x86)\Java\jdk1.8.0_211\lib\comm.jar
USERNAME=DELL
OS=Windows_NT
PROCESSOR_IDENTIFIER=Intel64 Family 6 Model 142 Stepping 10, GenuineIntel



---------------  S Y S T E M  ---------------

OS: Windows 10.0 , 64 bit Build 18362 (10.0.18362.1350)

CPU:total 8 (initial active 8) (4 cores per cpu, 2 threads per core) family 6 model 142 stepping 10, cmov, cx8, fxsr, mmx, sse, sse2, sse3, ssse3, sse4.1, sse4.2, popcnt, avx, avx2, aes, clmul, erms, 3dnowpref, lzcnt, ht, tsc, tscinvbit, bmi1, bmi2, adx

Memory: 4k page, physical 16671976k(6311404k free), swap 21403160k(3018236k free)

vm_info: Java HotSpot(TM) 64-Bit Server VM (25.181-b13) for windows-amd64 JRE (1.8.0_181-b13), built on Jul  7 2018 04:01:33 by "java_re" with MS VC++ 10.0 (VS2010)

time: Mon Apr 12 21:00:14 2021
elapsed time: 72 seconds (0d 0h 1m 12s)

