#
# A fatal error has been detected by the Java Runtime Environment:
#
#  EXCEPTION_ACCESS_VIOLATION (0xc0000005) at pc=0x00007ff9ceea72a6, pid=16028, tid=0x0000000000002d3c
#
# JRE version: Java(TM) SE Runtime Environment (8.0_181-b13) (build 1.8.0_181-b13)
# Java VM: Java HotSpot(TM) 64-Bit Server VM (25.181-b13 mixed mode windows-amd64 compressed oops)
# Problematic frame:
# C  [ntdll.dll+0x72a6]
#
# Failed to write core dump. Minidumps are not enabled by default on client versions of Windows
#
# If you would like to submit a bug report, please visit:
#   http://bugreport.java.com/bugreport/crash.jsp
# The crash happened outside the Java Virtual Machine in native code.
# See problematic frame for where to report the bug.
#

---------------  T H R E A D  ---------------

Current thread (0x0000000021247800):  JavaThread "http-nio-8764-exec-3" daemon [_thread_in_native, id=11580, stack(0x0000000026850000,0x0000000026950000)]

siginfo: ExceptionCode=0xc0000005, writing address 0x0000000000000024

Registers:
RAX=0x0000000000000000, RBX=0x000000000143b598, RCX=0x000000000143b598, RDX=0x00000000fffffffa
RSP=0x000000002694c540, RBP=0x0000000000000000, RSI=0x0000000000000000, RDI=0x0000000000000000
R8 =0x0000000000000000, R9 =0x000000000143b500, R10=0x0000000000000000, R11=0x0000000000000246
R12=0x0000000000000000, R13=0x0000000001185000, R14=0x0000000000000001, R15=0x0000000000000000
RIP=0x00007ff9ceea72a6, EFLAGS=0x0000000000010213

Top of Stack: (sp=0x000000002694c540)
0x000000002694c540:   ffffffffffffffff 000000000143b598
0x000000002694c550:   0000000021247800 0000000027e71120
0x000000002694c560:   0000000027e57800 0000000027e57800
0x000000002694c570:   0000000000000537 0000000000000000
0x000000002694c580:   8000000000000000 00000000fffffffa
0x000000002694c590:   0000000001185000 0000000000000000
0x000000002694c5a0:   0000000000000000 00007ff9756435c8
0x000000002694c5b0:   0000001b00000005 0000000027e4f7c0
0x000000002694c5c0:   00000000000003ab 0000000000000000
0x000000002694c5d0:   000012edf9e3e494 0000000027e57e40
0x000000002694c5e0:   0000000021247800 0000000000000001
0x000000002694c5f0:   0000000000000001 0000000000000001
0x000000002694c600:   0000000000000000 000000000143b598
0x000000002694c610:   0000000000000000 00007ff9ceebb576
0x000000002694c620:   00000000231747e0 000000000000b766
0x000000002694c630:   00000000fffffffa ffffffffff676980 

Instructions: (pc=0x00007ff9ceea72a6)
0x00007ff9ceea7286:   48 39 73 18 0f 84 d1 00 00 00 48 8b 03 48 83 f8
0x00007ff9ceea7296:   ff 0f 84 d1 00 00 00 44 8b fe 48 83 f8 ff 74 03
0x00007ff9ceea72a6:   ff 40 24 4c 8b 73 18 4c 8d 2d 44 82 15 00 bd 22
0x00007ff9ceea72b6:   17 00 00 e8 c2 94 03 00 85 c0 0f 85 9e 18 0a 00 


Register to memory mapping:

RAX=0x0000000000000000 is an unknown value
RBX=0x000000000143b598 is an unknown value
RCX=0x000000000143b598 is an unknown value
RDX=0x00000000fffffffa is an unknown value
RSP=0x000000002694c540 is pointing into the stack for thread: 0x0000000021247800
RBP=0x0000000000000000 is an unknown value
RSI=0x0000000000000000 is an unknown value
RDI=0x0000000000000000 is an unknown value
R8 =0x0000000000000000 is an unknown value
R9 =0x000000000143b500 is an unknown value
R10=0x0000000000000000 is an unknown value
R11=0x0000000000000246 is an unknown value
R12=0x0000000000000000 is an unknown value
R13=0x0000000001185000 is an unknown value
R14=0x0000000000000001 is an unknown value
R15=0x0000000000000000 is an unknown value


Stack: [0x0000000026850000,0x0000000026950000],  sp=0x000000002694c540,  free space=1009k
Native frames: (J=compiled Java code, j=interpreted, Vv=VM code, C=native code)

Java frames: (J=compiled Java code, j=interpreted, Vv=VM code)
J 5192  org.bytedeco.javacpp.opencv_videoio$VideoCapture.retrieve(Lorg/bytedeco/javacpp/opencv_core$Mat;)Z (0 bytes) @ 0x000000000443528f [0x0000000004435240+0x4f]
J 5191 C1 org.bytedeco.javacv.OpenCVFrameGrabber.grab()Lorg/bytedeco/javacv/Frame; (255 bytes) @ 0x00000000044357bc [0x0000000004435760+0x5c]
j  cn.macswelle.campusecurity.nvrlistener.controller.CameraController.startUpStream()V+108
v  ~StubRoutines::call_stub
J 1730  sun.reflect.NativeMethodAccessorImpl.invoke0(Ljava/lang/reflect/Method;Ljava/lang/Object;[Ljava/lang/Object;)Ljava/lang/Object; (0 bytes) @ 0x0000000003db47bf [0x0000000003db4740+0x7f]
J 1729 C1 sun.reflect.NativeMethodAccessorImpl.invoke(Ljava/lang/Object;[Ljava/lang/Object;)Ljava/lang/Object; (104 bytes) @ 0x0000000003db4f64 [0x0000000003db4ba0+0x3c4]
J 999 C1 sun.reflect.DelegatingMethodAccessorImpl.invoke(Ljava/lang/Object;[Ljava/lang/Object;)Ljava/lang/Object; (10 bytes) @ 0x0000000003c753e4 [0x0000000003c753a0+0x44]
J 998 C1 java.lang.reflect.Method.invoke(Ljava/lang/Object;[Ljava/lang/Object;)Ljava/lang/Object; (62 bytes) @ 0x0000000003c74fe4 [0x0000000003c74ee0+0x104]
j  org.springframework.web.method.support.InvocableHandlerMethod.doInvoke([Ljava/lang/Object;)Ljava/lang/Object;+16
j  org.springframework.web.method.support.InvocableHandlerMethod.invokeForRequest(Lorg/springframework/web/context/request/NativeWebRequest;Lorg/springframework/web/method/support/ModelAndViewContainer;[Ljava/lang/Object;)Ljava/lang/Object;+75
j  org.springframework.web.servlet.mvc.method.annotation.ServletInvocableHandlerMethod.invokeAndHandle(Lorg/springframework/web/context/request/ServletWebRequest;Lorg/springframework/web/method/support/ModelAndViewContainer;[Ljava/lang/Object;)V+4
j  org.springframework.web.servlet.mvc.method.annotation.RequestMappingHandlerAdapter.invokeHandlerMethod(Ljavax/servlet/http/HttpServletRequest;Ljavax/servlet/http/HttpServletResponse;Lorg/springframework/web/method/HandlerMethod;)Lorg/springframework/web/servlet/ModelAndView;+276
j  org.springframework.web.servlet.mvc.method.annotation.RequestMappingHandlerAdapter.handleInternal(Ljavax/servlet/http/HttpServletRequest;Ljavax/servlet/http/HttpServletResponse;Lorg/springframework/web/method/HandlerMethod;)Lorg/springframework/web/servlet/ModelAndView;+81
j  org.springframework.web.servlet.mvc.method.AbstractHandlerMethodAdapter.handle(Ljavax/servlet/http/HttpServletRequest;Ljavax/servlet/http/HttpServletResponse;Ljava/lang/Object;)Lorg/springframework/web/servlet/ModelAndView;+7
j  org.springframework.web.servlet.DispatcherServlet.doDispatch(Ljavax/servlet/http/HttpServletRequest;Ljavax/servlet/http/HttpServletResponse;)V+310
j  org.springframework.web.servlet.DispatcherServlet.doService(Ljavax/servlet/http/HttpServletRequest;Ljavax/servlet/http/HttpServletResponse;)V+308
j  org.springframework.web.servlet.FrameworkServlet.processRequest(Ljavax/servlet/http/HttpServletRequest;Ljavax/servlet/http/HttpServletResponse;)V+71
j  org.springframework.web.servlet.FrameworkServlet.doGet(Ljavax/servlet/http/HttpServletRequest;Ljavax/servlet/http/HttpServletResponse;)V+3
j  javax.servlet.http.HttpServlet.service(Ljavax/servlet/http/HttpServletRequest;Ljavax/servlet/http/HttpServletResponse;)V+35
j  org.springframework.web.servlet.FrameworkServlet.service(Ljavax/servlet/http/HttpServletRequest;Ljavax/servlet/http/HttpServletResponse;)V+33
j  javax.servlet.http.HttpServlet.service(Ljavax/servlet/ServletRequest;Ljavax/servlet/ServletResponse;)V+30
j  org.apache.catalina.core.ApplicationFilterChain.internalDoFilter(Ljavax/servlet/ServletRequest;Ljavax/servlet/ServletResponse;)V+304
j  org.apache.catalina.core.ApplicationFilterChain.doFilter(Ljavax/servlet/ServletRequest;Ljavax/servlet/ServletResponse;)V+101
j  org.apache.tomcat.websocket.server.WsFilter.doFilter(Ljavax/servlet/ServletRequest;Ljavax/servlet/ServletResponse;Ljavax/servlet/FilterChain;)V+21
j  org.apache.catalina.core.ApplicationFilterChain.internalDoFilter(Ljavax/servlet/ServletRequest;Ljavax/servlet/ServletResponse;)V+135
j  org.apache.catalina.core.ApplicationFilterChain.doFilter(Ljavax/servlet/ServletRequest;Ljavax/servlet/ServletResponse;)V+101
j  org.springframework.web.filter.RequestContextFilter.doFilterInternal(Ljavax/servlet/http/HttpServletRequest;Ljavax/servlet/http/HttpServletResponse;Ljavax/servlet/FilterChain;)V+21
j  org.springframework.web.filter.OncePerRequestFilter.doFilter(Ljavax/servlet/ServletRequest;Ljavax/servlet/ServletResponse;Ljavax/servlet/FilterChain;)V+111
j  org.apache.catalina.core.ApplicationFilterChain.internalDoFilter(Ljavax/servlet/ServletRequest;Ljavax/servlet/ServletResponse;)V+135
j  org.apache.catalina.core.ApplicationFilterChain.doFilter(Ljavax/servlet/ServletRequest;Ljavax/servlet/ServletResponse;)V+101
j  org.springframework.web.filter.HttpPutFormContentFilter.doFilterInternal(Ljavax/servlet/http/HttpServletRequest;Ljavax/servlet/http/HttpServletResponse;Ljavax/servlet/FilterChain;)V+95
j  org.springframework.web.filter.OncePerRequestFilter.doFilter(Ljavax/servlet/ServletRequest;Ljavax/servlet/ServletResponse;Ljavax/servlet/FilterChain;)V+111
j  org.apache.catalina.core.ApplicationFilterChain.internalDoFilter(Ljavax/servlet/ServletRequest;Ljavax/servlet/ServletResponse;)V+135
j  org.apache.catalina.core.ApplicationFilterChain.doFilter(Ljavax/servlet/ServletRequest;Ljavax/servlet/ServletResponse;)V+101
j  org.springframework.web.filter.HiddenHttpMethodFilter.doFilterInternal(Ljavax/servlet/http/HttpServletRequest;Ljavax/servlet/http/HttpServletResponse;Ljavax/servlet/FilterChain;)V+87
j  org.springframework.web.filter.OncePerRequestFilter.doFilter(Ljavax/servlet/ServletRequest;Ljavax/servlet/ServletResponse;Ljavax/servlet/FilterChain;)V+111
j  org.apache.catalina.core.ApplicationFilterChain.internalDoFilter(Ljavax/servlet/ServletRequest;Ljavax/servlet/ServletResponse;)V+135
j  org.apache.catalina.core.ApplicationFilterChain.doFilter(Ljavax/servlet/ServletRequest;Ljavax/servlet/ServletResponse;)V+101
j  org.springframework.web.filter.CharacterEncodingFilter.doFilterInternal(Ljavax/servlet/http/HttpServletRequest;Ljavax/servlet/http/HttpServletResponse;Ljavax/servlet/FilterChain;)V+53
j  org.springframework.web.filter.OncePerRequestFilter.doFilter(Ljavax/servlet/ServletRequest;Ljavax/servlet/ServletResponse;Ljavax/servlet/FilterChain;)V+111
j  org.apache.catalina.core.ApplicationFilterChain.internalDoFilter(Ljavax/servlet/ServletRequest;Ljavax/servlet/ServletResponse;)V+135
j  org.apache.catalina.core.ApplicationFilterChain.doFilter(Ljavax/servlet/ServletRequest;Ljavax/servlet/ServletResponse;)V+101
j  org.apache.catalina.core.StandardWrapperValve.invoke(Lorg/apache/catalina/connector/Request;Lorg/apache/catalina/connector/Response;)V+688
j  org.apache.catalina.core.StandardContextValve.invoke(Lorg/apache/catalina/connector/Request;Lorg/apache/catalina/connector/Response;)V+166
j  org.apache.catalina.authenticator.AuthenticatorBase.invoke(Lorg/apache/catalina/connector/Request;Lorg/apache/catalina/connector/Response;)V+260
j  org.apache.catalina.core.StandardHostValve.invoke(Lorg/apache/catalina/connector/Request;Lorg/apache/catalina/connector/Response;)V+138
j  org.apache.catalina.valves.ErrorReportValve.invoke(Lorg/apache/catalina/connector/Request;Lorg/apache/catalina/connector/Response;)V+6
j  org.apache.catalina.core.StandardEngineValve.invoke(Lorg/apache/catalina/connector/Request;Lorg/apache/catalina/connector/Response;)V+71
j  org.apache.catalina.connector.CoyoteAdapter.service(Lorg/apache/coyote/Request;Lorg/apache/coyote/Response;)V+199
j  org.apache.coyote.http11.Http11Processor.service(Lorg/apache/tomcat/util/net/SocketWrapperBase;)Lorg/apache/tomcat/util/net/AbstractEndpoint$Handler$SocketState;+806
j  org.apache.coyote.AbstractProcessorLight.process(Lorg/apache/tomcat/util/net/SocketWrapperBase;Lorg/apache/tomcat/util/net/SocketEvent;)Lorg/apache/tomcat/util/net/AbstractEndpoint$Handler$SocketState;+113
j  org.apache.coyote.AbstractProtocol$ConnectionHandler.process(Lorg/apache/tomcat/util/net/SocketWrapperBase;Lorg/apache/tomcat/util/net/SocketEvent;)Lorg/apache/tomcat/util/net/AbstractEndpoint$Handler$SocketState;+414
j  org.apache.tomcat.util.net.NioEndpoint$SocketProcessor.doRun()V+191
j  org.apache.tomcat.util.net.SocketProcessorBase.run()V+21
j  java.util.concurrent.ThreadPoolExecutor.runWorker(Ljava/util/concurrent/ThreadPoolExecutor$Worker;)V+95
j  java.util.concurrent.ThreadPoolExecutor$Worker.run()V+5
j  org.apache.tomcat.util.threads.TaskThread$WrappingRunnable.run()V+4
j  java.lang.Thread.run()V+11
v  ~StubRoutines::call_stub

---------------  P R O C E S S  ---------------

Java Threads: ( => current thread )
  0x000000002385c800 JavaThread "Thread-34" [_thread_blocked, id=16204, stack(0x0000000030290000,0x0000000030390000)]
  0x0000000023854000 JavaThread "AWT-EventQueue-0" [_thread_blocked, id=16980, stack(0x000000002eb00000,0x000000002ec00000)]
  0x000000002385a000 JavaThread "AWT-Shutdown" [_thread_blocked, id=20376, stack(0x000000002d720000,0x000000002d820000)]
  0x0000000023859800 JavaThread "Java2D Disposer" daemon [_thread_blocked, id=7512, stack(0x000000002d620000,0x000000002d720000)]
  0x0000000023857000 JavaThread "DiscoveryClient-CacheRefreshExecutor-0" daemon [_thread_blocked, id=19040, stack(0x0000000027750000,0x0000000027850000)]
  0x0000000023855000 JavaThread "DiscoveryClient-HeartbeatExecutor-0" daemon [_thread_blocked, id=19612, stack(0x0000000027650000,0x0000000027750000)]
  0x0000000023858800 JavaThread "RMI TCP Connection(idle)" daemon [_thread_blocked, id=19776, stack(0x0000000027550000,0x0000000027650000)]
  0x0000000023856800 JavaThread "RMI TCP Connection(idle)" daemon [_thread_blocked, id=15028, stack(0x0000000027450000,0x0000000027550000)]
  0x0000000023858000 JavaThread "DestroyJavaVM" [_thread_blocked, id=18256, stack(0x00000000035f0000,0x00000000036f0000)]
  0x000000002124f000 JavaThread "http-nio-8764-AsyncTimeout" daemon [_thread_blocked, id=17436, stack(0x0000000027350000,0x0000000027450000)]
  0x000000002124e800 JavaThread "http-nio-8764-Acceptor-0" daemon [_thread_in_native, id=19832, stack(0x0000000027250000,0x0000000027350000)]
  0x000000002124d000 JavaThread "http-nio-8764-ClientPoller-1" daemon [_thread_in_native, id=19960, stack(0x0000000027150000,0x0000000027250000)]
  0x000000002124c000 JavaThread "http-nio-8764-ClientPoller-0" daemon [_thread_in_native, id=19164, stack(0x0000000027050000,0x0000000027150000)]
  0x000000002124d800 JavaThread "http-nio-8764-exec-10" daemon [_thread_blocked, id=13640, stack(0x0000000026f50000,0x0000000027050000)]
  0x0000000021248800 JavaThread "http-nio-8764-exec-9" daemon [_thread_blocked, id=15200, stack(0x0000000026e50000,0x0000000026f50000)]
  0x000000002124a800 JavaThread "http-nio-8764-exec-8" daemon [_thread_blocked, id=3060, stack(0x0000000026d50000,0x0000000026e50000)]
  0x000000002124a000 JavaThread "http-nio-8764-exec-7" daemon [_thread_blocked, id=10604, stack(0x0000000026c50000,0x0000000026d50000)]
  0x0000000021249000 JavaThread "http-nio-8764-exec-6" daemon [_thread_blocked, id=14056, stack(0x0000000026b50000,0x0000000026c50000)]
  0x000000002124b800 JavaThread "http-nio-8764-exec-5" daemon [_thread_blocked, id=15520, stack(0x0000000026a50000,0x0000000026b50000)]
  0x0000000021241000 JavaThread "http-nio-8764-exec-4" daemon [_thread_blocked, id=17708, stack(0x0000000026950000,0x0000000026a50000)]
=>0x0000000021247800 JavaThread "http-nio-8764-exec-3" daemon [_thread_in_native, id=11580, stack(0x0000000026850000,0x0000000026950000)]
  0x0000000021242800 JavaThread "http-nio-8764-exec-2" daemon [_thread_blocked, id=7488, stack(0x0000000026750000,0x0000000026850000)]
  0x0000000021247000 JavaThread "http-nio-8764-exec-1" daemon [_thread_blocked, id=20340, stack(0x0000000026650000,0x0000000026750000)]
  0x0000000021244800 JavaThread "NioBlockingSelector.BlockPoller-1" daemon [_thread_in_native, id=19808, stack(0x0000000026550000,0x0000000026650000)]
  0x0000000021245800 JavaThread "DiscoveryClient-InstanceInfoReplicator-0" daemon [_thread_blocked, id=19788, stack(0x0000000026250000,0x0000000026350000)]
  0x0000000021240000 JavaThread "DiscoveryClient-1" daemon [_thread_blocked, id=4404, stack(0x0000000024630000,0x0000000024730000)]
  0x0000000021241800 JavaThread "DiscoveryClient-0" daemon [_thread_blocked, id=19752, stack(0x0000000023060000,0x0000000023160000)]
  0x0000000021244000 JavaThread "AsyncResolver-bootstrap-0" daemon [_thread_blocked, id=15608, stack(0x0000000026050000,0x0000000026150000)]
  0x0000000021243000 JavaThread "Eureka-JerseyClient-Conn-Cleaner2" daemon [_thread_blocked, id=10824, stack(0x0000000025f50000,0x0000000026050000)]
  0x0000000021246000 JavaThread "RMI TCP Connection(idle)" daemon [_thread_blocked, id=8740, stack(0x0000000022c60000,0x0000000022d60000)]
  0x000000002342d000 JavaThread "RMI TCP Connection(idle)" daemon [_thread_blocked, id=7296, stack(0x000000002c830000,0x000000002c930000)]
  0x000000002342f800 JavaThread "JavaCPP Deallocator" daemon [_thread_blocked, id=20052, stack(0x0000000024c30000,0x0000000024d30000)]
  0x0000000023430000 JavaThread "container-0" [_thread_blocked, id=16532, stack(0x0000000024b30000,0x0000000024c30000)]
  0x000000002342e800 JavaThread "ContainerBackgroundProcessor[StandardEngine[Tomcat]]" daemon [_thread_blocked, id=19024, stack(0x0000000024a30000,0x0000000024b30000)]
  0x0000000020e1a800 JavaThread "RMI Scheduler(0)" daemon [_thread_blocked, id=8700, stack(0x0000000022360000,0x0000000022460000)]
  0x0000000020d97800 JavaThread "RMI TCP Connection(idle)" daemon [_thread_blocked, id=16176, stack(0x0000000022260000,0x0000000022360000)]
  0x0000000020977000 JavaThread "RMI TCP Accept-0" daemon [_thread_in_native, id=5564, stack(0x00000000217b0000,0x00000000218b0000)]
  0x000000002013d800 JavaThread "Service Thread" daemon [_thread_blocked, id=7676, stack(0x00000000206e0000,0x00000000207e0000)]
  0x00000000200aa000 JavaThread "C1 CompilerThread3" daemon [_thread_blocked, id=20408, stack(0x00000000205e0000,0x00000000206e0000)]
  0x00000000200a7800 JavaThread "C2 CompilerThread2" daemon [_thread_blocked, id=17848, stack(0x00000000204e0000,0x00000000205e0000)]
  0x00000000200a4800 JavaThread "C2 CompilerThread1" daemon [_thread_blocked, id=4604, stack(0x00000000203e0000,0x00000000204e0000)]
  0x00000000200a2000 JavaThread "C2 CompilerThread0" daemon [_thread_blocked, id=18504, stack(0x00000000202e0000,0x00000000203e0000)]
  0x0000000020068800 JavaThread "Monitor Ctrl-Break" daemon [_thread_in_native, id=20392, stack(0x00000000201e0000,0x00000000202e0000)]
  0x000000001f324000 JavaThread "Attach Listener" daemon [_thread_blocked, id=14004, stack(0x000000001f8e0000,0x000000001f9e0000)]
  0x000000001f323000 JavaThread "Signal Dispatcher" daemon [_thread_blocked, id=19568, stack(0x000000001f7e0000,0x000000001f8e0000)]
  0x000000001f300800 JavaThread "Finalizer" daemon [_thread_blocked, id=20344, stack(0x000000001f6e0000,0x000000001f7e0000)]
  0x000000001d424800 JavaThread "Reference Handler" daemon [_thread_blocked, id=11408, stack(0x000000001f1e0000,0x000000001f2e0000)]

Other Threads:
  0x000000001d41c000 VMThread [stack: 0x000000001f0e0000,0x000000001f1e0000] [id=19136]
  0x0000000020982800 WatcherThread [stack: 0x00000000218b0000,0x00000000219b0000] [id=8184]

VM state:not at safepoint (normal execution)

VM Mutex/Monitor currently owned by a thread: None

Heap:
 PSYoungGen      total 322560K, used 106681K [0x000000076b300000, 0x0000000784a00000, 0x00000007c0000000)
  eden space 308736K, 30% used [0x000000076b300000,0x0000000770fd1b70,0x000000077e080000)
  from space 13824K, 84% used [0x000000077e080000,0x000000077ebdc978,0x000000077ee00000)
  to   space 14848K, 0% used [0x0000000783b80000,0x0000000783b80000,0x0000000784a00000)
 ParOldGen       total 144384K, used 30345K [0x00000006c1800000, 0x00000006ca500000, 0x000000076b300000)
  object space 144384K, 21% used [0x00000006c1800000,0x00000006c35a24d0,0x00000006ca500000)
 Metaspace       used 54984K, capacity 57026K, committed 57472K, reserved 1099776K
  class space    used 7320K, capacity 7710K, committed 7808K, reserved 1048576K

Card table byte_map: [0x0000000012da0000,0x00000000135a0000] byte_map_base: 0x000000000f794000

Marking Bits: (ParMarkBitMap*) 0x0000000062d72d00
 Begin Bits: [0x00000000142f0000, 0x0000000018290000)
 End Bits:   [0x0000000018290000, 0x000000001c230000)

Polling page: 0x0000000001340000

CodeCache: size=245760Kb used=10872Kb max_used=10872Kb free=234887Kb
 bounds [0x00000000039e0000, 0x0000000004480000, 0x00000000129e0000]
 total_blobs=6042 nmethods=5274 adapters=679
 compilation: enabled

Compilation events (10 events):
Event: 86.468 Thread 0x00000000200aa000 5384       1       java.util.concurrent.ConcurrentHashMap$MapEntry::<init> (20 bytes)
Event: 86.469 Thread 0x00000000200aa000 nmethod 5384 0x000000000447eb10 code [0x000000000447ec60, 0x000000000447edb0]
Event: 86.469 Thread 0x00000000200aa000 5386       1       com.sun.jmx.interceptor.DefaultMBeanServerInterceptor::getResource (19 bytes)
Event: 86.469 Thread 0x00000000200aa000 nmethod 5386 0x000000000447ee10 code [0x000000000447ef80, 0x000000000447f170]
Event: 86.476 Thread 0x00000000200aa000 5387       1       com.fasterxml.jackson.databind.cfg.MapperConfigBase::getAttributes (5 bytes)
Event: 86.476 Thread 0x00000000200aa000 nmethod 5387 0x000000000447f250 code [0x000000000447f3a0, 0x000000000447f4b0]
Event: 86.480 Thread 0x00000000200aa000 5388       1       org.apache.tomcat.util.buf.AbstractChunk::recycle (21 bytes)
Event: 86.480 Thread 0x00000000200aa000 nmethod 5388 0x000000000447f510 code [0x000000000447f660, 0x000000000447f790]
Event: 86.499 Thread 0x00000000200aa000 5389       1       org.apache.http.message.BasicListHeaderIterator::nextHeader (47 bytes)
Event: 86.500 Thread 0x00000000200aa000 nmethod 5389 0x000000000447f810 code [0x000000000447f9a0, 0x000000000447fbe8]

GC Heap History (10 events):
Event: 8.616 GC heap before
{Heap before GC invocations=11 (full 2):
 PSYoungGen      total 186368K, used 10318K [0x000000076b300000, 0x000000077c080000, 0x00000007c0000000)
  eden space 172544K, 0% used [0x000000076b300000,0x000000076b300000,0x0000000775b80000)
  from space 13824K, 74% used [0x0000000775b80000,0x00000007765939f8,0x0000000776900000)
  to   space 14336K, 0% used [0x000000077b280000,0x000000077b280000,0x000000077c080000)
 ParOldGen       total 98304K, used 14795K [0x00000006c1800000, 0x00000006c7800000, 0x000000076b300000)
  object space 98304K, 15% used [0x00000006c1800000,0x00000006c2672cc8,0x00000006c7800000)
 Metaspace       used 33897K, capacity 35336K, committed 35496K, reserved 1079296K
  class space    used 4509K, capacity 4808K, committed 4864K, reserved 1048576K
Event: 8.655 GC heap after
Heap after GC invocations=11 (full 2):
 PSYoungGen      total 186368K, used 0K [0x000000076b300000, 0x000000077c080000, 0x00000007c0000000)
  eden space 172544K, 0% used [0x000000076b300000,0x000000076b300000,0x0000000775b80000)
  from space 13824K, 0% used [0x0000000775b80000,0x0000000775b80000,0x0000000776900000)
  to   space 14336K, 0% used [0x000000077b280000,0x000000077b280000,0x000000077c080000)
 ParOldGen       total 144384K, used 20312K [0x00000006c1800000, 0x00000006ca500000, 0x000000076b300000)
  object space 144384K, 14% used [0x00000006c1800000,0x00000006c2bd6138,0x00000006ca500000)
 Metaspace       used 33897K, capacity 35336K, committed 35496K, reserved 1079296K
  class space    used 4509K, capacity 4808K, committed 4864K, reserved 1048576K
}
Event: 11.475 GC heap before
{Heap before GC invocations=12 (full 2):
 PSYoungGen      total 186368K, used 172544K [0x000000076b300000, 0x000000077c080000, 0x00000007c0000000)
  eden space 172544K, 100% used [0x000000076b300000,0x0000000775b80000,0x0000000775b80000)
  from space 13824K, 0% used [0x0000000775b80000,0x0000000775b80000,0x0000000776900000)
  to   space 14336K, 0% used [0x000000077b280000,0x000000077b280000,0x000000077c080000)
 ParOldGen       total 144384K, used 20312K [0x00000006c1800000, 0x00000006ca500000, 0x000000076b300000)
  object space 144384K, 14% used [0x00000006c1800000,0x00000006c2bd6138,0x00000006ca500000)
 Metaspace       used 35182K, capacity 36714K, committed 36992K, reserved 1081344K
  class space    used 4672K, capacity 4979K, committed 4992K, reserved 1048576K
Event: 11.477 GC heap after
Heap after GC invocations=12 (full 2):
 PSYoungGen      total 236032K, used 1270K [0x000000076b300000, 0x000000077b480000, 0x00000007c0000000)
  eden space 233984K, 0% used [0x000000076b300000,0x000000076b300000,0x0000000779780000)
  from space 2048K, 62% used [0x000000077b280000,0x000000077b3bd9c0,0x000000077b480000)
  to   space 14848K, 0% used [0x0000000779780000,0x0000000779780000,0x000000077a600000)
 ParOldGen       total 144384K, used 20320K [0x00000006c1800000, 0x00000006ca500000, 0x000000076b300000)
  object space 144384K, 14% used [0x00000006c1800000,0x00000006c2bd8138,0x00000006ca500000)
 Metaspace       used 35182K, capacity 36714K, committed 36992K, reserved 1081344K
  class space    used 4672K, capacity 4979K, committed 4992K, reserved 1048576K
}
Event: 12.377 GC heap before
{Heap before GC invocations=13 (full 2):
 PSYoungGen      total 236032K, used 235254K [0x000000076b300000, 0x000000077b480000, 0x00000007c0000000)
  eden space 233984K, 100% used [0x000000076b300000,0x0000000779780000,0x0000000779780000)
  from space 2048K, 62% used [0x000000077b280000,0x000000077b3bd9c0,0x000000077b480000)
  to   space 14848K, 0% used [0x0000000779780000,0x0000000779780000,0x000000077a600000)
 ParOldGen       total 144384K, used 20320K [0x00000006c1800000, 0x00000006ca500000, 0x000000076b300000)
  object space 144384K, 14% used [0x00000006c1800000,0x00000006c2bd8138,0x00000006ca500000)
 Metaspace       used 37634K, capacity 39382K, committed 39424K, reserved 1083392K
  class space    used 5005K, capacity 5339K, committed 5376K, reserved 1048576K
Event: 12.383 GC heap after
Heap after GC invocations=13 (full 2):
 PSYoungGen      total 248832K, used 6721K [0x000000076b300000, 0x0000000780000000, 0x00000007c0000000)
  eden space 233984K, 0% used [0x000000076b300000,0x000000076b300000,0x0000000779780000)
  from space 14848K, 45% used [0x0000000779780000,0x0000000779e10508,0x000000077a600000)
  to   space 13824K, 0% used [0x000000077f280000,0x000000077f280000,0x0000000780000000)
 ParOldGen       total 144384K, used 20840K [0x00000006c1800000, 0x00000006ca500000, 0x000000076b300000)
  object space 144384K, 14% used [0x00000006c1800000,0x00000006c2c5a178,0x00000006ca500000)
 Metaspace       used 37634K, capacity 39382K, committed 39424K, reserved 1083392K
  class space    used 5005K, capacity 5339K, committed 5376K, reserved 1048576K
}
Event: 17.418 GC heap before
{Heap before GC invocations=14 (full 2):
 PSYoungGen      total 248832K, used 240705K [0x000000076b300000, 0x0000000780000000, 0x00000007c0000000)
  eden space 233984K, 100% used [0x000000076b300000,0x0000000779780000,0x0000000779780000)
  from space 14848K, 45% used [0x0000000779780000,0x0000000779e10508,0x000000077a600000)
  to   space 13824K, 0% used [0x000000077f280000,0x000000077f280000,0x0000000780000000)
 ParOldGen       total 144384K, used 20840K [0x00000006c1800000, 0x00000006ca500000, 0x000000076b300000)
  object space 144384K, 14% used [0x00000006c1800000,0x00000006c2c5a178,0x00000006ca500000)
 Metaspace       used 42634K, capacity 44518K, committed 44672K, reserved 1087488K
  class space    used 5679K, capacity 6006K, committed 6016K, reserved 1048576K
Event: 17.426 GC heap after
Heap after GC invocations=14 (full 2):
 PSYoungGen      total 314880K, used 8973K [0x000000076b300000, 0x000000077fb80000, 0x00000007c0000000)
  eden space 305664K, 0% used [0x000000076b300000,0x000000076b300000,0x000000077dd80000)
  from space 9216K, 97% used [0x000000077f280000,0x000000077fb434e8,0x000000077fb80000)
  to   space 13824K, 0% used [0x000000077e080000,0x000000077e080000,0x000000077ee00000)
 ParOldGen       total 144384K, used 25428K [0x00000006c1800000, 0x00000006ca500000, 0x000000076b300000)
  object space 144384K, 17% used [0x00000006c1800000,0x00000006c30d5188,0x00000006ca500000)
 Metaspace       used 42634K, capacity 44518K, committed 44672K, reserved 1087488K
  class space    used 5679K, capacity 6006K, committed 6016K, reserved 1048576K
}
Event: 34.932 GC heap before
{Heap before GC invocations=15 (full 2):
 PSYoungGen      total 314880K, used 314637K [0x000000076b300000, 0x000000077fb80000, 0x00000007c0000000)
  eden space 305664K, 100% used [0x000000076b300000,0x000000077dd80000,0x000000077dd80000)
  from space 9216K, 97% used [0x000000077f280000,0x000000077fb434e8,0x000000077fb80000)
  to   space 13824K, 0% used [0x000000077e080000,0x000000077e080000,0x000000077ee00000)
 ParOldGen       total 144384K, used 25428K [0x00000006c1800000, 0x00000006ca500000, 0x000000076b300000)
  object space 144384K, 17% used [0x00000006c1800000,0x00000006c30d5188,0x00000006ca500000)
 Metaspace       used 50779K, capacity 52782K, committed 53120K, reserved 1095680K
  class space    used 6795K, capacity 7176K, committed 7296K, reserved 1048576K
Event: 34.944 GC heap after
Heap after GC invocations=15 (full 2):
 PSYoungGen      total 322560K, used 11634K [0x000000076b300000, 0x0000000784a00000, 0x00000007c0000000)
  eden space 308736K, 0% used [0x000000076b300000,0x000000076b300000,0x000000077e080000)
  from space 13824K, 84% used [0x000000077e080000,0x000000077ebdc978,0x000000077ee00000)
  to   space 14848K, 0% used [0x0000000783b80000,0x0000000783b80000,0x0000000784a00000)
 ParOldGen       total 144384K, used 30345K [0x00000006c1800000, 0x00000006ca500000, 0x000000076b300000)
  object space 144384K, 21% used [0x00000006c1800000,0x00000006c35a24d0,0x00000006ca500000)
 Metaspace       used 50779K, capacity 52782K, committed 53120K, reserved 1095680K
  class space    used 6795K, capacity 7176K, committed 7296K, reserved 1048576K
}

Deoptimization events (0 events):
No events

Classes redefined (0 events):
No events

Internal exceptions (10 events):
Event: 66.390 Thread 0x0000000023855000 Exception <a 'java/net/SocketTimeoutException': Read timed out> (0x00000007704f2ef8) thrown at [C:\re\workspace\8-2-build-windows-amd64-cygwin\jdk8u181\11358\hotspot\src\share\vm\prims\jni.cpp, line 735]
Event: 70.394 Thread 0x0000000023855000 Exception <a 'java/net/SocketTimeoutException': Read timed out> (0x00000007704fcca8) thrown at [C:\re\workspace\8-2-build-windows-amd64-cygwin\jdk8u181\11358\hotspot\src\share\vm\prims\jni.cpp, line 735]
Event: 74.370 Thread 0x0000000023857000 Exception <a 'java/net/SocketTimeoutException': Read timed out> (0x00000007705f7d80) thrown at [C:\re\workspace\8-2-build-windows-amd64-cygwin\jdk8u181\11358\hotspot\src\share\vm\prims\jni.cpp, line 735]
Event: 74.399 Thread 0x0000000023855000 Exception <a 'java/net/SocketTimeoutException': Read timed out> (0x0000000770506a58) thrown at [C:\re\workspace\8-2-build-windows-amd64-cygwin\jdk8u181\11358\hotspot\src\share\vm\prims\jni.cpp, line 735]
Event: 78.401 Thread 0x0000000023855000 Exception <a 'java/net/SocketTimeoutException': Read timed out> (0x0000000770510808) thrown at [C:\re\workspace\8-2-build-windows-amd64-cygwin\jdk8u181\11358\hotspot\src\share\vm\prims\jni.cpp, line 735]
Event: 82.377 Thread 0x0000000023857000 Exception <a 'java/net/SocketTimeoutException': Read timed out> (0x00000007706090d0) thrown at [C:\re\workspace\8-2-build-windows-amd64-cygwin\jdk8u181\11358\hotspot\src\share\vm\prims\jni.cpp, line 735]
Event: 82.406 Thread 0x0000000023855000 Exception <a 'java/net/SocketTimeoutException': Read timed out> (0x000000077051a5b8) thrown at [C:\re\workspace\8-2-build-windows-amd64-cygwin\jdk8u181\11358\hotspot\src\share\vm\prims\jni.cpp, line 735]
Event: 86.410 Thread 0x0000000023855000 Exception <a 'java/net/SocketTimeoutException': Read timed out> (0x0000000770524368) thrown at [C:\re\workspace\8-2-build-windows-amd64-cygwin\jdk8u181\11358\hotspot\src\share\vm\prims\jni.cpp, line 735]
Event: 86.466 Thread 0x0000000021245800 Exception <a 'java/net/SocketTimeoutException': Read timed out> (0x0000000770d5c940) thrown at [C:\re\workspace\8-2-build-windows-amd64-cygwin\jdk8u181\11358\hotspot\src\share\vm\prims\jni.cpp, line 735]
Event: 86.480 Thread 0x000000002124b800 Exception <a 'java/io/IOException'> (0x0000000770f21a88) thrown at [C:\re\workspace\8-2-build-windows-amd64-cygwin\jdk8u181\11358\hotspot\src\share\vm\prims\jni.cpp, line 709]

Events (10 events):
Event: 86.472 loading class org/apache/catalina/webresources/AbstractArchiveResourceSet
Event: 86.472 loading class org/apache/catalina/webresources/AbstractArchiveResourceSet done
Event: 86.476 Executing VM operation: RevokeBias
Event: 86.476 Executing VM operation: RevokeBias done
Event: 86.476 Executing VM operation: RevokeBias
Event: 86.476 Executing VM operation: RevokeBias done
Event: 86.478 Executing VM operation: RevokeBias
Event: 86.478 Executing VM operation: RevokeBias done
Event: 86.479 Thread 0x000000002385b000 Thread exited: 0x000000002385b000
Event: 86.566 Thread 0x000000002385d000 Thread exited: 0x000000002385d000


Dynamic libraries:
0x00007ff79d5d0000 - 0x00007ff79d607000 	C:\Program Files\Java\jdk1.8.0_181\bin\java.exe
0x00007ff9ceea0000 - 0x00007ff9cf090000 	C:\WINDOWS\SYSTEM32\ntdll.dll
0x00007ff9ceb60000 - 0x00007ff9cec12000 	C:\WINDOWS\System32\KERNEL32.DLL
0x00007ff9cbec0000 - 0x00007ff9cc165000 	C:\WINDOWS\System32\KERNELBASE.dll
0x00007ff9cd040000 - 0x00007ff9cd0e3000 	C:\WINDOWS\System32\ADVAPI32.dll
0x00007ff9ccfa0000 - 0x00007ff9cd03e000 	C:\WINDOWS\System32\msvcrt.dll
0x00007ff9cecd0000 - 0x00007ff9ced67000 	C:\WINDOWS\System32\sechost.dll
0x00007ff9cea40000 - 0x00007ff9ceb5f000 	C:\WINDOWS\System32\RPCRT4.dll
0x00007ff9cd650000 - 0x00007ff9cd7e4000 	C:\WINDOWS\System32\USER32.dll
0x00007ff9ccad0000 - 0x00007ff9ccaf1000 	C:\WINDOWS\System32\win32u.dll
0x00007ff9cd560000 - 0x00007ff9cd586000 	C:\WINDOWS\System32\GDI32.dll
0x00007ff9ccb00000 - 0x00007ff9ccc98000 	C:\WINDOWS\System32\gdi32full.dll
0x00007ff9ccca0000 - 0x00007ff9ccd3e000 	C:\WINDOWS\System32\msvcp_win.dll
0x00007ff9cc9a0000 - 0x00007ff9cca9a000 	C:\WINDOWS\System32\ucrtbase.dll
0x00007ff9b6180000 - 0x00007ff9b6404000 	C:\WINDOWS\WinSxS\amd64_microsoft.windows.common-controls_6595b64144ccf1df_6.0.18362.1440_none_9e7dbfb9e45e8e67\COMCTL32.dll
0x00007ff9ce6f0000 - 0x00007ff9cea26000 	C:\WINDOWS\System32\combase.dll
0x00007ff9cbe10000 - 0x00007ff9cbe91000 	C:\WINDOWS\System32\bcryptPrimitives.dll
0x00007ff9ccf50000 - 0x00007ff9ccf7e000 	C:\WINDOWS\System32\IMM32.DLL
0x00000000632f0000 - 0x00000000633c2000 	C:\Program Files\Java\jdk1.8.0_181\jre\bin\msvcr100.dll
0x0000000062550000 - 0x0000000062df2000 	C:\Program Files\Java\jdk1.8.0_181\jre\bin\server\jvm.dll
0x00007ff9ccf80000 - 0x00007ff9ccf88000 	C:\WINDOWS\System32\PSAPI.DLL
0x00007ff9c4240000 - 0x00007ff9c4264000 	C:\WINDOWS\SYSTEM32\WINMM.dll
0x00007ff9b2ad0000 - 0x00007ff9b2ad9000 	C:\WINDOWS\SYSTEM32\WSOCK32.dll
0x00007ff9c3960000 - 0x00007ff9c396a000 	C:\WINDOWS\SYSTEM32\VERSION.dll
0x00007ff9ced70000 - 0x00007ff9ceddf000 	C:\WINDOWS\System32\WS2_32.dll
0x00007ff9c4210000 - 0x00007ff9c423d000 	C:\WINDOWS\SYSTEM32\WINMMBASE.dll
0x00007ff9cc8f0000 - 0x00007ff9cc93a000 	C:\WINDOWS\System32\cfgmgr32.dll
0x00000000632e0000 - 0x00000000632ef000 	C:\Program Files\Java\jdk1.8.0_181\jre\bin\verify.dll
0x00000000632b0000 - 0x00000000632d9000 	C:\Program Files\Java\jdk1.8.0_181\jre\bin\java.dll
0x0000000063260000 - 0x0000000063283000 	C:\Program Files\Java\jdk1.8.0_181\jre\bin\instrument.dll
0x0000000063290000 - 0x00000000632a6000 	C:\Program Files\Java\jdk1.8.0_181\jre\bin\zip.dll
0x00007ff9cd810000 - 0x00007ff9cdef8000 	C:\WINDOWS\System32\SHELL32.dll
0x00007ff9ce640000 - 0x00007ff9ce6e7000 	C:\WINDOWS\System32\shcore.dll
0x00007ff9cc170000 - 0x00007ff9cc8eb000 	C:\WINDOWS\System32\windows.storage.dll
0x00007ff9cbdd0000 - 0x00007ff9cbdee000 	C:\WINDOWS\System32\profapi.dll
0x00007ff9cbd80000 - 0x00007ff9cbdca000 	C:\WINDOWS\System32\powrprof.dll
0x00007ff9cbd50000 - 0x00007ff9cbd60000 	C:\WINDOWS\System32\UMPDC.dll
0x00007ff9cd5f0000 - 0x00007ff9cd642000 	C:\WINDOWS\System32\shlwapi.dll
0x00007ff9cbd60000 - 0x00007ff9cbd71000 	C:\WINDOWS\System32\kernel.appcore.dll
0x00007ff9cbea0000 - 0x00007ff9cbeb7000 	C:\WINDOWS\System32\cryptsp.dll
0x00007ff9c0030000 - 0x00007ff9c004a000 	E:\Program Files\JetBrains\IntelliJ IDEA 2020.1.2\bin\breakgen64.dll
0x0000000063240000 - 0x000000006325a000 	C:\Program Files\Java\jdk1.8.0_181\jre\bin\net.dll
0x00007ff9cb590000 - 0x00007ff9cb5f7000 	C:\WINDOWS\system32\mswsock.dll
0x00007ff9cb2e0000 - 0x00007ff9cb3ab000 	C:\WINDOWS\SYSTEM32\DNSAPI.dll
0x00007ff9cea30000 - 0x00007ff9cea38000 	C:\WINDOWS\System32\NSI.dll
0x00007ff9cb2a0000 - 0x00007ff9cb2da000 	C:\WINDOWS\SYSTEM32\IPHLPAPI.DLL
0x0000000062e00000 - 0x0000000062e26000 	C:\Program Files\Bonjour\mdnsNSP.dll
0x00007ff9beed0000 - 0x00007ff9beeda000 	C:\Windows\System32\rasadhlp.dll
0x00007ff9bf650000 - 0x00007ff9bf6c7000 	C:\WINDOWS\System32\fwpuclnt.dll
0x00007ff9ccaa0000 - 0x00007ff9ccac6000 	C:\WINDOWS\System32\bcrypt.dll
0x0000000063230000 - 0x000000006323d000 	C:\Program Files\Java\jdk1.8.0_181\jre\bin\management.dll
0x0000000063210000 - 0x0000000063221000 	C:\Program Files\Java\jdk1.8.0_181\jre\bin\nio.dll
0x00007ff9cb110000 - 0x00007ff9cb143000 	C:\WINDOWS\system32\rsaenh.dll
0x00007ff9cbc70000 - 0x00007ff9cbc95000 	C:\WINDOWS\SYSTEM32\USERENV.dll
0x00007ff9cb760000 - 0x00007ff9cb76c000 	C:\WINDOWS\SYSTEM32\CRYPTBASE.dll
0x00007ff9bff90000 - 0x00007ff9bffa6000 	C:\WINDOWS\SYSTEM32\dhcpcsvc6.DLL
0x00007ff9bff70000 - 0x00007ff9bff8c000 	C:\WINDOWS\SYSTEM32\dhcpcsvc.DLL
0x00007ff9ac060000 - 0x00007ff9ac076000 	C:\WINDOWS\system32\napinsp.dll
0x00007ff9ac040000 - 0x00007ff9ac05a000 	C:\WINDOWS\system32\pnrpnsp.dll
0x00007ff9ac030000 - 0x00007ff9ac03e000 	C:\WINDOWS\System32\winrnr.dll
0x00007ff9c4fb0000 - 0x00007ff9c4fcc000 	C:\WINDOWS\system32\NLAapi.dll
0x00007ff9c4380000 - 0x00007ff9c4395000 	C:\WINDOWS\system32\wshbth.dll
0x00007ff9b7c20000 - 0x00007ff9b7c71000 	C:\Users\DELL\.javacpp\cache\libfreenect2-0.2.0-1.4.1-windows-x86_64.jar\org\bytedeco\javacpp\windows-x86_64\concrt140.dll
0x00007ff9b4fc0000 - 0x00007ff9b504d000 	C:\WINDOWS\SYSTEM32\MSVCP140.dll
0x00007ff9b5730000 - 0x00007ff9b574a000 	C:\WINDOWS\SYSTEM32\VCRUNTIME140.dll
0x00007ff9b5720000 - 0x00007ff9b572c000 	C:\WINDOWS\SYSTEM32\VCRUNTIME140_1.dll
0x00007ff9b6da0000 - 0x00007ff9b6e3d000 	C:\Users\DELL\.javacpp\cache\libfreenect2-0.2.0-1.4.1-windows-x86_64.jar\org\bytedeco\javacpp\windows-x86_64\msvcp140.dll
0x00007ff9b9e30000 - 0x00007ff9b9e47000 	C:\Users\DELL\.javacpp\cache\libfreenect2-0.2.0-1.4.1-windows-x86_64.jar\org\bytedeco\javacpp\windows-x86_64\vcruntime140.dll
0x0000000003990000 - 0x0000000003993000 	C:\Users\DELL\.javacpp\cache\libfreenect2-0.2.0-1.4.1-windows-x86_64.jar\org\bytedeco\javacpp\windows-x86_64\api-ms-win-crt-locale-l1-1-0.dll
0x00000000039a0000 - 0x00000000039a4000 	C:\Users\DELL\.javacpp\cache\libfreenect2-0.2.0-1.4.1-windows-x86_64.jar\org\bytedeco\javacpp\windows-x86_64\api-ms-win-crt-string-l1-1-0.dll
0x00000000039b0000 - 0x00000000039b4000 	C:\Users\DELL\.javacpp\cache\libfreenect2-0.2.0-1.4.1-windows-x86_64.jar\org\bytedeco\javacpp\windows-x86_64\api-ms-win-crt-stdio-l1-1-0.dll
0x0000000024d30000 - 0x0000000024d35000 	C:\Users\DELL\.javacpp\cache\libfreenect2-0.2.0-1.4.1-windows-x86_64.jar\org\bytedeco\javacpp\windows-x86_64\api-ms-win-crt-math-l1-1-0.dll
0x0000000024d40000 - 0x0000000024d43000 	C:\Users\DELL\.javacpp\cache\libfreenect2-0.2.0-1.4.1-windows-x86_64.jar\org\bytedeco\javacpp\windows-x86_64\api-ms-win-crt-heap-l1-1-0.dll
0x0000000024d50000 - 0x0000000024d54000 	C:\Users\DELL\.javacpp\cache\libfreenect2-0.2.0-1.4.1-windows-x86_64.jar\org\bytedeco\javacpp\windows-x86_64\api-ms-win-crt-runtime-l1-1-0.dll
0x0000000024d60000 - 0x0000000024d64000 	C:\Users\DELL\.javacpp\cache\libfreenect2-0.2.0-1.4.1-windows-x86_64.jar\org\bytedeco\javacpp\windows-x86_64\api-ms-win-crt-convert-l1-1-0.dll
0x0000000024d70000 - 0x0000000024d73000 	C:\Users\DELL\.javacpp\cache\libfreenect2-0.2.0-1.4.1-windows-x86_64.jar\org\bytedeco\javacpp\windows-x86_64\api-ms-win-crt-environment-l1-1-0.dll
0x0000000024d80000 - 0x0000000024d83000 	C:\Users\DELL\.javacpp\cache\libfreenect2-0.2.0-1.4.1-windows-x86_64.jar\org\bytedeco\javacpp\windows-x86_64\api-ms-win-crt-time-l1-1-0.dll
0x0000000024d90000 - 0x0000000024d93000 	C:\Users\DELL\.javacpp\cache\libfreenect2-0.2.0-1.4.1-windows-x86_64.jar\org\bytedeco\javacpp\windows-x86_64\api-ms-win-crt-filesystem-l1-1-0.dll
0x0000000024da0000 - 0x0000000024da3000 	C:\Users\DELL\.javacpp\cache\libfreenect2-0.2.0-1.4.1-windows-x86_64.jar\org\bytedeco\javacpp\windows-x86_64\api-ms-win-crt-utility-l1-1-0.dll
0x0000000024db0000 - 0x0000000024db5000 	C:\Users\DELL\.javacpp\cache\libfreenect2-0.2.0-1.4.1-windows-x86_64.jar\org\bytedeco\javacpp\windows-x86_64\api-ms-win-crt-multibyte-l1-1-0.dll
0x00007ff97c660000 - 0x00007ff97c964000 	C:\Users\DELL\.javacpp\cache\opencv-3.4.1-1.4.1-windows-x86_64.jar\org\bytedeco\javacpp\windows-x86_64\opencv_core341.dll
0x00007ff97c250000 - 0x00007ff97c655000 	C:\Users\DELL\.javacpp\cache\opencv-3.4.1-1.4.1-windows-x86_64.jar\org\bytedeco\javacpp\windows-x86_64\opencv_imgproc341.dll
0x00007ff975a70000 - 0x00007ff975dfe000 	C:\Users\DELL\.javacpp\cache\opencv-3.4.1-1.4.1-windows-x86_64.jar\org\bytedeco\javacpp\windows-x86_64\jniopencv_core.dll
0x00007ff990c20000 - 0x00007ff990d76000 	C:\Users\DELL\.javacpp\cache\opencv-3.4.1-1.4.1-windows-x86_64.jar\org\bytedeco\javacpp\windows-x86_64\jniopencv_imgproc.dll
0x00007ff977970000 - 0x00007ff977c3f000 	C:\Users\DELL\.javacpp\cache\opencv-3.4.1-1.4.1-windows-x86_64.jar\org\bytedeco\javacpp\windows-x86_64\opencv_imgcodecs341.dll
0x00007ff9b7a50000 - 0x00007ff9b7a84000 	C:\Users\DELL\.javacpp\cache\opencv-3.4.1-1.4.1-windows-x86_64.jar\org\bytedeco\javacpp\windows-x86_64\jniopencv_imgcodecs.dll
0x00007ff9b74a0000 - 0x00007ff9b74f1000 	C:\Users\DELL\.javacpp\cache\opencv-3.4.1-1.4.1-windows-x86_64.jar\org\bytedeco\javacpp\windows-x86_64\opencv_videoio341.dll
0x00007ff9ce030000 - 0x00007ff9ce187000 	C:\WINDOWS\System32\ole32.dll
0x00007ff9ce3b0000 - 0x00007ff9ce475000 	C:\WINDOWS\System32\OLEAUT32.dll
0x00007ff9b7bf0000 - 0x00007ff9b7c19000 	C:\WINDOWS\SYSTEM32\MSVFW32.dll
0x00007ff9b7b00000 - 0x00007ff9b7b18000 	C:\WINDOWS\SYSTEM32\AVICAP32.dll
0x00007ff9b7a30000 - 0x00007ff9b7a50000 	C:\WINDOWS\SYSTEM32\AVIFIL32.dll
0x00007ff9c42e0000 - 0x00007ff9c42fc000 	C:\WINDOWS\SYSTEM32\MSACM32.dll
0x00007ff9b7a10000 - 0x00007ff9b7a2f000 	C:\Users\DELL\.javacpp\cache\opencv-3.4.1-1.4.1-windows-x86_64.jar\org\bytedeco\javacpp\windows-x86_64\jniopencv_videoio.dll
0x00007ff9c60b0000 - 0x00007ff9c6149000 	C:\WINDOWS\system32\uxtheme.dll
0x00007ff9cec20000 - 0x00007ff9cecc2000 	C:\WINDOWS\System32\clbcatq.dll
0x00007ff9b5530000 - 0x00007ff9b5548000 	C:\Windows\System32\devenum.dll
0x00007ff9cd0f0000 - 0x00007ff9cd560000 	C:\WINDOWS\System32\setupapi.dll
0x00007ff9cad70000 - 0x00007ff9cada1000 	C:\WINDOWS\SYSTEM32\ntmarta.dll
0x00007ff9cbb30000 - 0x00007ff9cbb5a000 	C:\WINDOWS\SYSTEM32\DEVOBJ.dll
0x00007ff9cc940000 - 0x00007ff9cc99c000 	C:\WINDOWS\System32\WINTRUST.dll
0x00007ff9cbdf0000 - 0x00007ff9cbe02000 	C:\WINDOWS\System32\MSASN1.dll
0x00007ff9ccd40000 - 0x00007ff9cce91000 	C:\WINDOWS\System32\CRYPT32.dll
0x00007ff9c1830000 - 0x00007ff9c183b000 	C:\WINDOWS\SYSTEM32\msdmo.dll
0x00007ff9b71f0000 - 0x00007ff9b7224000 	C:\Windows\System32\qcap.dll
0x00007ff97ad80000 - 0x00007ff97af44000 	C:\Windows\System32\quartz.dll
0x00007ff9ce480000 - 0x00007ff9ce5b5000 	C:\WINDOWS\System32\MSCTF.dll
0x00007ff9b71a0000 - 0x00007ff9b71ec000 	C:\Windows\System32\mfksproxy.dll
0x00007ff9b0760000 - 0x00007ff9b077c000 	C:\Windows\System32\ATL.DLL
0x00007ff9c2470000 - 0x00007ff9c266a000 	C:\Windows\System32\MFPlat.DLL
0x00007ff9c1e00000 - 0x00007ff9c1e2f000 	C:\Windows\System32\RTWorkQ.DLL
0x00007ff9b6d40000 - 0x00007ff9b6d9c000 	C:\Windows\System32\MFSENSORGROUP.dll
0x00007ff9b6a70000 - 0x00007ff9b6abd000 	C:\Windows\System32\ksproxy.ax
0x00007ff9c2d20000 - 0x00007ff9c2d29000 	C:\Windows\System32\ksuser.dll
0x00007ff9b33f0000 - 0x00007ff9b35b7000 	C:\Windows\System32\d3d9.dll
0x00007ff9c6570000 - 0x00007ff9c659d000 	C:\Windows\System32\dwmapi.dll
0x00007ff9ca970000 - 0x00007ff9ca990000 	C:\WINDOWS\SYSTEM32\dxcore.dll
0x00007ff9c4bd0000 - 0x00007ff9c4c59000 	C:\WINDOWS\SYSTEM32\policymanager.dll
0x00007ff9c4ae0000 - 0x00007ff9c4b6a000 	C:\Windows\System32\msvcp110_win.dll
0x00007ff9c0020000 - 0x00007ff9c002d000 	C:\Windows\System32\vidcap.ax
0x00007ff9b7470000 - 0x00007ff9b7496000 	C:\Windows\System32\kswdmcap.ax
0x00007ff97a4d0000 - 0x00007ff97a632000 	C:\Windows\System32\MFC42.dll
0x00007ff9b6650000 - 0x00007ff9b66f1000 	C:\Windows\System32\qedit.dll
0x00007ff9cdf60000 - 0x00007ff9ce030000 	C:\WINDOWS\System32\COMDLG32.dll
0x00007ff9b5f00000 - 0x00007ff9b60a6000 	C:\WINDOWS\WinSxS\amd64_microsoft.windows.gdiplus_6595b64144ccf1df_1.1.18362.1440_none_cf68b29f3ef10835\gdiplus.dll
0x00007ff9a2e50000 - 0x00007ff9a2f47000 	C:\Windows\System32\DDRAW.dll
0x00007ff9c3470000 - 0x00007ff9c3478000 	C:\Windows\System32\DCIMAN32.dll
0x00007ff9caa00000 - 0x00007ff9caaeb000 	C:\Windows\System32\dxgi.dll

VM Arguments:
jvm_args: -Djava.awt.headless=false -XX:TieredStopAtLevel=1 -Xverify:none -Dspring.output.ansi.enabled=always -Dcom.sun.management.jmxremote -Dspring.jmx.enabled=true -Dspring.liveBeansView.mbeanDomain -Dspring.application.admin.enabled=true -javaagent:E:\Program Files\JetBrains\IntelliJ IDEA 2020.1.2\lib\idea_rt.jar=10339:E:\Program Files\JetBrains\IntelliJ IDEA 2020.1.2\bin -Dfile.encoding=UTF-8 
java_command: cn.macswelle.campusecurity.nvrlistener.NvrlistenerApplication
java_class_path (initial): C:\Program Files\Java\jdk1.8.0_181\jre\lib\charsets.jar;C:\Program Files\Java\jdk1.8.0_181\jre\lib\deploy.jar;C:\Program Files\Java\jdk1.8.0_181\jre\lib\ext\access-bridge-64.jar;C:\Program Files\Java\jdk1.8.0_181\jre\lib\ext\cldrdata.jar;C:\Program Files\Java\jdk1.8.0_181\jre\lib\ext\dnsns.jar;C:\Program Files\Java\jdk1.8.0_181\jre\lib\ext\jaccess.jar;C:\Program Files\Java\jdk1.8.0_181\jre\lib\ext\jfxrt.jar;C:\Program Files\Java\jdk1.8.0_181\jre\lib\ext\localedata.jar;C:\Program Files\Java\jdk1.8.0_181\jre\lib\ext\nashorn.jar;C:\Program Files\Java\jdk1.8.0_181\jre\lib\ext\sunec.jar;C:\Program Files\Java\jdk1.8.0_181\jre\lib\ext\sunjce_provider.jar;C:\Program Files\Java\jdk1.8.0_181\jre\lib\ext\sunmscapi.jar;C:\Program Files\Java\jdk1.8.0_181\jre\lib\ext\sunpkcs11.jar;C:\Program Files\Java\jdk1.8.0_181\jre\lib\ext\zipfs.jar;C:\Program Files\Java\jdk1.8.0_181\jre\lib\javaws.jar;C:\Program Files\Java\jdk1.8.0_181\jre\lib\jce.jar;C:\Program Files\Java\jdk1.8.0_181\jre\lib\jfr.jar;C:\Program Files\Java\jdk1.8.0_181\jre\lib\jfxswt.jar;C:\Program Files\Java\jdk1.8.0_181\jre\lib\jsse.jar;C:\Program Files\Java\jdk1.8.0_181\jre\lib\management-agent.jar;C:\Program Files\Java\jdk1.8.0_181\jre\lib\plugin.jar;C:\Program Files\Java\jdk1.8.0_181\jre\lib\resources.jar;C:\Program Files\Java\jdk1.8.0_181\jre\lib\rt.jar;E:\code\J2EE\campusecurity\nvrlistener\target\classes;E:\code\J2EE\campusecurity\common\target\classes;F:\maven\repository\io\jsonwebtoken\jjwt\0.9.1\jjwt-0.9.1.jar;F:\maven\repository\cn\hutool\hutool-all\5.3.10\hutool-all-5.3.10.jar;F:\maven\repository\com\auth0\java-jwt\3.10.0\java-jwt-3.10.0.jar;F:\maven\repository\commons-codec\commons-codec\1.11\commons-codec-1.11.jar;E:\code\J2EE\campusecurity\feign-api\target\classes;F:\maven\repository\org\springframework\cloud\spring-cloud-starter-openfeign\2.0.4.RELEASE\spring-cloud-starter-openfeign-2.0.4.RELEASE.jar;F:\maven\repository\org\springframework\cloud\spring-cloud-openfeign-core\2.0.4.
Launcher Type: SUN_STANDARD

Environment Variables:
JAVA_HOME=C:\Program Files\Java\jdk1.8.0_181
CLASSPATH=.;C:\Program Files\Java\jdk1.8.0_181\lib;C:\Program Files\Java\jdk1.8.0_181\lib\tools.jar;C:\Program Files\Java\jdk1.8.0_181\lib\comm.jar;C:\Program Files (x86)\Java\jdk1.8.0_211\lib;C:\Program Files (x86)\Java\jdk1.8.0_211\lib\tools.jar;C:\Program Files (x86)\Java\jdk1.8.0_211\lib\comm.jar
USERNAME=DELL
OS=Windows_NT
PROCESSOR_IDENTIFIER=Intel64 Family 6 Model 142 Stepping 10, GenuineIntel



---------------  S Y S T E M  ---------------

OS: Windows 10.0 , 64 bit Build 18362 (10.0.18362.1350)

CPU:total 8 (initial active 8) (4 cores per cpu, 2 threads per core) family 6 model 142 stepping 10, cmov, cx8, fxsr, mmx, sse, sse2, sse3, ssse3, sse4.1, sse4.2, popcnt, avx, avx2, aes, clmul, erms, 3dnowpref, lzcnt, ht, tsc, tscinvbit, bmi1, bmi2, adx

Memory: 4k page, physical 16671976k(6066560k free), swap 21403160k(2916172k free)

vm_info: Java HotSpot(TM) 64-Bit Server VM (25.181-b13) for windows-amd64 JRE (1.8.0_181-b13), built on Jul  7 2018 04:01:33 by "java_re" with MS VC++ 10.0 (VS2010)

time: Mon Apr 12 20:32:26 2021
elapsed time: 86 seconds (0d 0h 1m 26s)

