#
# A fatal error has been detected by the Java Runtime Environment:
#
#  EXCEPTION_ACCESS_VIOLATION (0xc0000005) at pc=0x00007ff9ceea72a6, pid=9716, tid=0x00000000000043e4
#
# JRE version: Java(TM) SE Runtime Environment (8.0_181-b13) (build 1.8.0_181-b13)
# Java VM: Java HotSpot(TM) 64-Bit Server VM (25.181-b13 mixed mode windows-amd64 compressed oops)
# Problematic frame:
# C  [ntdll.dll+0x72a6]
#
# Failed to write core dump. Minidumps are not enabled by default on client versions of Windows
#
# If you would like to submit a bug report, please visit:
#   http://bugreport.java.com/bugreport/crash.jsp
# The crash happened outside the Java Virtual Machine in native code.
# See problematic frame for where to report the bug.
#

---------------  T H R E A D  ---------------

Current thread (0x0000000020835000):  JavaThread "http-nio-8764-exec-2" daemon [_thread_in_native, id=17380, stack(0x0000000026500000,0x0000000026600000)]

siginfo: ExceptionCode=0xc0000005, writing address 0x0000000000000024

Registers:
RAX=0x0000000000000000, RBX=0x000000000127fdc8, RCX=0x000000000127fdc8, RDX=0x00000000fffffffa
RSP=0x00000000265fc960, RBP=0x0000000000000000, RSI=0x0000000000000000, RDI=0x0000000000000000
R8 =0x0000000000000000, R9 =0x000000000127fd00, R10=0x0000000000000000, R11=0x0000000000000246
R12=0x0000000000000000, R13=0x0000000000fa2000, R14=0x0000000000000001, R15=0x0000000000000000
RIP=0x00007ff9ceea72a6, EFLAGS=0x0000000000010213

Top of Stack: (sp=0x00000000265fc960)
0x00000000265fc960:   ffffffffffffffff 000000000127fdc8
0x00000000265fc970:   0000000000000cb2 0000000000000005
0x00000000265fc980:   00000000243c8a00 00000000243c9000
0x00000000265fc990:   0000000027a32fd0 0000000000000000
0x00000000265fc9a0:   0000000027a00f00 00000000fffffffa
0x00000000265fc9b0:   0000000000fa2000 0000000000001914
0x00000000265fc9c0:   00007ff969a4a500 000000002784a6a0
0x00000000265fc9d0:   0000000000000000 00007ff969951adc
0x00000000265fc9e0:   000000002784a6a0 00000000243c9940
0x00000000265fc9f0:   000079d2b247695d 000000002ec9ce60
0x00000000265fca00:   0000000020835000 0000000000000001
0x00000000265fca10:   0000000000000001 0000000000000001
0x00000000265fca20:   0000000000000000 000000000127fdc8
0x00000000265fca30:   0000000000000000 00007ff9ceebb576
0x00000000265fca40:   00000000265fca70 00007ff9699535c8
0x00000000265fca50:   00000000fffffffa ffffffffff676980 

Instructions: (pc=0x00007ff9ceea72a6)
0x00007ff9ceea7286:   48 39 73 18 0f 84 d1 00 00 00 48 8b 03 48 83 f8
0x00007ff9ceea7296:   ff 0f 84 d1 00 00 00 44 8b fe 48 83 f8 ff 74 03
0x00007ff9ceea72a6:   ff 40 24 4c 8b 73 18 4c 8d 2d 44 82 15 00 bd 22
0x00007ff9ceea72b6:   17 00 00 e8 c2 94 03 00 85 c0 0f 85 9e 18 0a 00 


Register to memory mapping:

RAX=0x0000000000000000 is an unknown value
RBX=0x000000000127fdc8 is an unknown value
RCX=0x000000000127fdc8 is an unknown value
RDX=0x00000000fffffffa is an unknown value
RSP=0x00000000265fc960 is pointing into the stack for thread: 0x0000000020835000
RBP=0x0000000000000000 is an unknown value
RSI=0x0000000000000000 is an unknown value
RDI=0x0000000000000000 is an unknown value
R8 =0x0000000000000000 is an unknown value
R9 =0x000000000127fd00 is an unknown value
R10=0x0000000000000000 is an unknown value
R11=0x0000000000000246 is an unknown value
R12=0x0000000000000000 is an unknown value
R13=0x0000000000fa2000 is an unknown value
R14=0x0000000000000001 is an unknown value
R15=0x0000000000000000 is an unknown value


Stack: [0x0000000026500000,0x0000000026600000],  sp=0x00000000265fc960,  free space=1010k
Native frames: (J=compiled Java code, j=interpreted, Vv=VM code, C=native code)

Java frames: (J=compiled Java code, j=interpreted, Vv=VM code)
j  org.bytedeco.javacpp.opencv_videoio$VideoCapture.retrieve(Lorg/bytedeco/javacpp/opencv_core$Mat;)Z+0
j  org.bytedeco.javacv.OpenCVFrameGrabber.grab()Lorg/bytedeco/javacv/Frame;+8
j  cn.macswelle.campusecurity.nvrlistener.controller.CameraController.startUpStream()V+108
v  ~StubRoutines::call_stub
J 1613  sun.reflect.NativeMethodAccessorImpl.invoke0(Ljava/lang/reflect/Method;Ljava/lang/Object;[Ljava/lang/Object;)Ljava/lang/Object; (0 bytes) @ 0x0000000003b74bff [0x0000000003b74b80+0x7f]
J 1612 C1 sun.reflect.NativeMethodAccessorImpl.invoke(Ljava/lang/Object;[Ljava/lang/Object;)Ljava/lang/Object; (104 bytes) @ 0x0000000003b753a4 [0x0000000003b74fe0+0x3c4]
J 1018 C1 sun.reflect.DelegatingMethodAccessorImpl.invoke(Ljava/lang/Object;[Ljava/lang/Object;)Ljava/lang/Object; (10 bytes) @ 0x0000000003a68aa4 [0x0000000003a68a60+0x44]
J 1017 C1 java.lang.reflect.Method.invoke(Ljava/lang/Object;[Ljava/lang/Object;)Ljava/lang/Object; (62 bytes) @ 0x0000000003a683a4 [0x0000000003a682a0+0x104]
j  org.springframework.web.method.support.InvocableHandlerMethod.doInvoke([Ljava/lang/Object;)Ljava/lang/Object;+16
j  org.springframework.web.method.support.InvocableHandlerMethod.invokeForRequest(Lorg/springframework/web/context/request/NativeWebRequest;Lorg/springframework/web/method/support/ModelAndViewContainer;[Ljava/lang/Object;)Ljava/lang/Object;+75
j  org.springframework.web.servlet.mvc.method.annotation.ServletInvocableHandlerMethod.invokeAndHandle(Lorg/springframework/web/context/request/ServletWebRequest;Lorg/springframework/web/method/support/ModelAndViewContainer;[Ljava/lang/Object;)V+4
j  org.springframework.web.servlet.mvc.method.annotation.RequestMappingHandlerAdapter.invokeHandlerMethod(Ljavax/servlet/http/HttpServletRequest;Ljavax/servlet/http/HttpServletResponse;Lorg/springframework/web/method/HandlerMethod;)Lorg/springframework/web/servlet/ModelAndView;+276
j  org.springframework.web.servlet.mvc.method.annotation.RequestMappingHandlerAdapter.handleInternal(Ljavax/servlet/http/HttpServletRequest;Ljavax/servlet/http/HttpServletResponse;Lorg/springframework/web/method/HandlerMethod;)Lorg/springframework/web/servlet/ModelAndView;+81
j  org.springframework.web.servlet.mvc.method.AbstractHandlerMethodAdapter.handle(Ljavax/servlet/http/HttpServletRequest;Ljavax/servlet/http/HttpServletResponse;Ljava/lang/Object;)Lorg/springframework/web/servlet/ModelAndView;+7
j  org.springframework.web.servlet.DispatcherServlet.doDispatch(Ljavax/servlet/http/HttpServletRequest;Ljavax/servlet/http/HttpServletResponse;)V+310
j  org.springframework.web.servlet.DispatcherServlet.doService(Ljavax/servlet/http/HttpServletRequest;Ljavax/servlet/http/HttpServletResponse;)V+308
j  org.springframework.web.servlet.FrameworkServlet.processRequest(Ljavax/servlet/http/HttpServletRequest;Ljavax/servlet/http/HttpServletResponse;)V+71
j  org.springframework.web.servlet.FrameworkServlet.doGet(Ljavax/servlet/http/HttpServletRequest;Ljavax/servlet/http/HttpServletResponse;)V+3
j  javax.servlet.http.HttpServlet.service(Ljavax/servlet/http/HttpServletRequest;Ljavax/servlet/http/HttpServletResponse;)V+35
j  org.springframework.web.servlet.FrameworkServlet.service(Ljavax/servlet/http/HttpServletRequest;Ljavax/servlet/http/HttpServletResponse;)V+33
j  javax.servlet.http.HttpServlet.service(Ljavax/servlet/ServletRequest;Ljavax/servlet/ServletResponse;)V+30
j  org.apache.catalina.core.ApplicationFilterChain.internalDoFilter(Ljavax/servlet/ServletRequest;Ljavax/servlet/ServletResponse;)V+304
j  org.apache.catalina.core.ApplicationFilterChain.doFilter(Ljavax/servlet/ServletRequest;Ljavax/servlet/ServletResponse;)V+101
j  org.apache.tomcat.websocket.server.WsFilter.doFilter(Ljavax/servlet/ServletRequest;Ljavax/servlet/ServletResponse;Ljavax/servlet/FilterChain;)V+21
j  org.apache.catalina.core.ApplicationFilterChain.internalDoFilter(Ljavax/servlet/ServletRequest;Ljavax/servlet/ServletResponse;)V+135
j  org.apache.catalina.core.ApplicationFilterChain.doFilter(Ljavax/servlet/ServletRequest;Ljavax/servlet/ServletResponse;)V+101
j  org.springframework.web.filter.RequestContextFilter.doFilterInternal(Ljavax/servlet/http/HttpServletRequest;Ljavax/servlet/http/HttpServletResponse;Ljavax/servlet/FilterChain;)V+21
j  org.springframework.web.filter.OncePerRequestFilter.doFilter(Ljavax/servlet/ServletRequest;Ljavax/servlet/ServletResponse;Ljavax/servlet/FilterChain;)V+111
j  org.apache.catalina.core.ApplicationFilterChain.internalDoFilter(Ljavax/servlet/ServletRequest;Ljavax/servlet/ServletResponse;)V+135
j  org.apache.catalina.core.ApplicationFilterChain.doFilter(Ljavax/servlet/ServletRequest;Ljavax/servlet/ServletResponse;)V+101
j  org.springframework.web.filter.HttpPutFormContentFilter.doFilterInternal(Ljavax/servlet/http/HttpServletRequest;Ljavax/servlet/http/HttpServletResponse;Ljavax/servlet/FilterChain;)V+95
j  org.springframework.web.filter.OncePerRequestFilter.doFilter(Ljavax/servlet/ServletRequest;Ljavax/servlet/ServletResponse;Ljavax/servlet/FilterChain;)V+111
j  org.apache.catalina.core.ApplicationFilterChain.internalDoFilter(Ljavax/servlet/ServletRequest;Ljavax/servlet/ServletResponse;)V+135
j  org.apache.catalina.core.ApplicationFilterChain.doFilter(Ljavax/servlet/ServletRequest;Ljavax/servlet/ServletResponse;)V+101
j  org.springframework.web.filter.HiddenHttpMethodFilter.doFilterInternal(Ljavax/servlet/http/HttpServletRequest;Ljavax/servlet/http/HttpServletResponse;Ljavax/servlet/FilterChain;)V+87
j  org.springframework.web.filter.OncePerRequestFilter.doFilter(Ljavax/servlet/ServletRequest;Ljavax/servlet/ServletResponse;Ljavax/servlet/FilterChain;)V+111
j  org.apache.catalina.core.ApplicationFilterChain.internalDoFilter(Ljavax/servlet/ServletRequest;Ljavax/servlet/ServletResponse;)V+135
j  org.apache.catalina.core.ApplicationFilterChain.doFilter(Ljavax/servlet/ServletRequest;Ljavax/servlet/ServletResponse;)V+101
j  org.springframework.web.filter.CharacterEncodingFilter.doFilterInternal(Ljavax/servlet/http/HttpServletRequest;Ljavax/servlet/http/HttpServletResponse;Ljavax/servlet/FilterChain;)V+53
j  org.springframework.web.filter.OncePerRequestFilter.doFilter(Ljavax/servlet/ServletRequest;Ljavax/servlet/ServletResponse;Ljavax/servlet/FilterChain;)V+111
j  org.apache.catalina.core.ApplicationFilterChain.internalDoFilter(Ljavax/servlet/ServletRequest;Ljavax/servlet/ServletResponse;)V+135
j  org.apache.catalina.core.ApplicationFilterChain.doFilter(Ljavax/servlet/ServletRequest;Ljavax/servlet/ServletResponse;)V+101
j  org.apache.catalina.core.StandardWrapperValve.invoke(Lorg/apache/catalina/connector/Request;Lorg/apache/catalina/connector/Response;)V+688
j  org.apache.catalina.core.StandardContextValve.invoke(Lorg/apache/catalina/connector/Request;Lorg/apache/catalina/connector/Response;)V+166
j  org.apache.catalina.authenticator.AuthenticatorBase.invoke(Lorg/apache/catalina/connector/Request;Lorg/apache/catalina/connector/Response;)V+260
j  org.apache.catalina.core.StandardHostValve.invoke(Lorg/apache/catalina/connector/Request;Lorg/apache/catalina/connector/Response;)V+138
j  org.apache.catalina.valves.ErrorReportValve.invoke(Lorg/apache/catalina/connector/Request;Lorg/apache/catalina/connector/Response;)V+6
j  org.apache.catalina.core.StandardEngineValve.invoke(Lorg/apache/catalina/connector/Request;Lorg/apache/catalina/connector/Response;)V+71
j  org.apache.catalina.connector.CoyoteAdapter.service(Lorg/apache/coyote/Request;Lorg/apache/coyote/Response;)V+199
j  org.apache.coyote.http11.Http11Processor.service(Lorg/apache/tomcat/util/net/SocketWrapperBase;)Lorg/apache/tomcat/util/net/AbstractEndpoint$Handler$SocketState;+806
j  org.apache.coyote.AbstractProcessorLight.process(Lorg/apache/tomcat/util/net/SocketWrapperBase;Lorg/apache/tomcat/util/net/SocketEvent;)Lorg/apache/tomcat/util/net/AbstractEndpoint$Handler$SocketState;+113
j  org.apache.coyote.AbstractProtocol$ConnectionHandler.process(Lorg/apache/tomcat/util/net/SocketWrapperBase;Lorg/apache/tomcat/util/net/SocketEvent;)Lorg/apache/tomcat/util/net/AbstractEndpoint$Handler$SocketState;+414
j  org.apache.tomcat.util.net.NioEndpoint$SocketProcessor.doRun()V+191
j  org.apache.tomcat.util.net.SocketProcessorBase.run()V+21
j  java.util.concurrent.ThreadPoolExecutor.runWorker(Ljava/util/concurrent/ThreadPoolExecutor$Worker;)V+95
j  java.util.concurrent.ThreadPoolExecutor$Worker.run()V+5
j  org.apache.tomcat.util.threads.TaskThread$WrappingRunnable.run()V+4
j  java.lang.Thread.run()V+11
v  ~StubRoutines::call_stub

---------------  P R O C E S S  ---------------

Java Threads: ( => current thread )
  0x0000000021158800 JavaThread "Thread-44" [_thread_blocked, id=12404, stack(0x000000003a220000,0x000000003a320000)]
  0x00000000233ce000 JavaThread "AWT-EventQueue-0" [_thread_blocked, id=2340, stack(0x000000002e290000,0x000000002e390000)]
  0x00000000233d3800 JavaThread "AWT-Shutdown" [_thread_blocked, id=4948, stack(0x000000002ceb0000,0x000000002cfb0000)]
  0x00000000233cf000 JavaThread "Java2D Disposer" daemon [_thread_blocked, id=18300, stack(0x000000002cdb0000,0x000000002ceb0000)]
  0x00000000233cc000 JavaThread "DiscoveryClient-CacheRefreshExecutor-0" daemon [_thread_blocked, id=2756, stack(0x0000000027500000,0x0000000027600000)]
  0x00000000233d1000 JavaThread "DiscoveryClient-HeartbeatExecutor-0" daemon [_thread_blocked, id=13468, stack(0x0000000027400000,0x0000000027500000)]
  0x00000000233d2800 JavaThread "RMI TCP Connection(idle)" daemon [_thread_blocked, id=1596, stack(0x0000000027300000,0x0000000027400000)]
  0x00000000233d0800 JavaThread "RMI TCP Connection(idle)" daemon [_thread_blocked, id=1932, stack(0x0000000027200000,0x0000000027300000)]
  0x00000000233d2000 JavaThread "DestroyJavaVM" [_thread_blocked, id=15608, stack(0x0000000003440000,0x0000000003540000)]
  0x00000000233cd800 JavaThread "http-nio-8764-AsyncTimeout" daemon [_thread_blocked, id=15380, stack(0x0000000027100000,0x0000000027200000)]
  0x00000000233cf800 JavaThread "http-nio-8764-Acceptor-0" daemon [_thread_in_native, id=1200, stack(0x0000000027000000,0x0000000027100000)]
  0x00000000233c8000 JavaThread "http-nio-8764-ClientPoller-1" daemon [_thread_in_native, id=16988, stack(0x0000000026f00000,0x0000000027000000)]
  0x00000000233c5000 JavaThread "http-nio-8764-ClientPoller-0" daemon [_thread_in_native, id=2992, stack(0x0000000026e00000,0x0000000026f00000)]
  0x00000000233c4800 JavaThread "http-nio-8764-exec-10" daemon [_thread_blocked, id=17416, stack(0x0000000026d00000,0x0000000026e00000)]
  0x00000000233c7800 JavaThread "http-nio-8764-exec-9" daemon [_thread_blocked, id=3908, stack(0x0000000026c00000,0x0000000026d00000)]
  0x00000000233cb000 JavaThread "http-nio-8764-exec-8" daemon [_thread_blocked, id=13880, stack(0x0000000026b00000,0x0000000026c00000)]
  0x00000000233c6800 JavaThread "http-nio-8764-exec-7" daemon [_thread_blocked, id=9556, stack(0x0000000026a00000,0x0000000026b00000)]
  0x00000000233ca800 JavaThread "http-nio-8764-exec-6" daemon [_thread_blocked, id=16704, stack(0x0000000026900000,0x0000000026a00000)]
  0x00000000233c6000 JavaThread "http-nio-8764-exec-5" daemon [_thread_blocked, id=5664, stack(0x0000000026800000,0x0000000026900000)]
  0x00000000233c9000 JavaThread "http-nio-8764-exec-4" daemon [_thread_blocked, id=2528, stack(0x0000000026700000,0x0000000026800000)]
  0x00000000233c9800 JavaThread "http-nio-8764-exec-3" daemon [_thread_blocked, id=17480, stack(0x0000000026600000,0x0000000026700000)]
=>0x0000000020835000 JavaThread "http-nio-8764-exec-2" daemon [_thread_in_native, id=17380, stack(0x0000000026500000,0x0000000026600000)]
  0x0000000020834000 JavaThread "http-nio-8764-exec-1" daemon [_thread_blocked, id=3848, stack(0x0000000026400000,0x0000000026500000)]
  0x0000000020833800 JavaThread "NioBlockingSelector.BlockPoller-1" daemon [_thread_in_native, id=16212, stack(0x0000000026300000,0x0000000026400000)]
  0x0000000020832800 JavaThread "DiscoveryClient-InstanceInfoReplicator-0" daemon [_thread_blocked, id=15880, stack(0x0000000026000000,0x0000000026100000)]
  0x0000000020838000 JavaThread "DiscoveryClient-1" daemon [_thread_blocked, id=3148, stack(0x0000000025f00000,0x0000000026000000)]
  0x0000000020838800 JavaThread "DiscoveryClient-0" daemon [_thread_blocked, id=13624, stack(0x00000000242b0000,0x00000000243b0000)]
  0x0000000020837000 JavaThread "AsyncResolver-bootstrap-0" daemon [_thread_blocked, id=18244, stack(0x0000000025e00000,0x0000000025f00000)]
  0x0000000020832000 JavaThread "Eureka-JerseyClient-Conn-Cleaner2" daemon [_thread_blocked, id=17876, stack(0x0000000025d00000,0x0000000025e00000)]
  0x0000000020836800 JavaThread "JavaCPP Deallocator" daemon [_thread_blocked, id=7496, stack(0x00000000249b0000,0x0000000024ab0000)]
  0x000000001ff6a000 JavaThread "container-0" [_thread_blocked, id=8612, stack(0x00000000248b0000,0x00000000249b0000)]
  0x0000000021332800 JavaThread "ContainerBackgroundProcessor[StandardEngine[Tomcat]]" daemon [_thread_blocked, id=8472, stack(0x00000000246b0000,0x00000000247b0000)]
  0x0000000020be8800 JavaThread "RMI Scheduler(0)" daemon [_thread_blocked, id=7368, stack(0x00000000223e0000,0x00000000224e0000)]
  0x0000000020c26000 JavaThread "RMI TCP Connection(4)-192.168.18.49" daemon [_thread_in_native, id=13676, stack(0x00000000220e0000,0x00000000221e0000)]
  0x0000000020797800 JavaThread "RMI TCP Accept-0" daemon [_thread_in_native, id=5116, stack(0x00000000215d0000,0x00000000216d0000)]
  0x000000001fe8c800 JavaThread "Service Thread" daemon [_thread_blocked, id=15884, stack(0x0000000020500000,0x0000000020600000)]
  0x000000001fed4000 JavaThread "C1 CompilerThread3" daemon [_thread_blocked, id=5916, stack(0x0000000020400000,0x0000000020500000)]
  0x000000001fec9800 JavaThread "C2 CompilerThread2" daemon [_thread_blocked, id=4980, stack(0x0000000020300000,0x0000000020400000)]
  0x000000001fec2800 JavaThread "C2 CompilerThread1" daemon [_thread_blocked, id=12876, stack(0x0000000020200000,0x0000000020300000)]
  0x000000001fec0000 JavaThread "C2 CompilerThread0" daemon [_thread_blocked, id=10952, stack(0x0000000020100000,0x0000000020200000)]
  0x000000001fe8c000 JavaThread "Monitor Ctrl-Break" daemon [_thread_in_native, id=4732, stack(0x0000000020000000,0x0000000020100000)]
  0x000000001f146000 JavaThread "Attach Listener" daemon [_thread_blocked, id=396, stack(0x000000001f700000,0x000000001f800000)]
  0x000000001f145000 JavaThread "Signal Dispatcher" daemon [_thread_blocked, id=10660, stack(0x000000001f600000,0x000000001f700000)]
  0x000000001f120800 JavaThread "Finalizer" daemon [_thread_blocked, id=16808, stack(0x000000001f500000,0x000000001f600000)]
  0x000000001d205800 JavaThread "Reference Handler" daemon [_thread_blocked, id=18232, stack(0x000000001f000000,0x000000001f100000)]

Other Threads:
  0x000000001d1fd000 VMThread [stack: 0x000000001ef00000,0x000000001f000000] [id=11180]
  0x000000002079b000 WatcherThread [stack: 0x0000000021730000,0x0000000021830000] [id=6040]

VM state:not at safepoint (normal execution)

VM Mutex/Monitor currently owned by a thread: None

Heap:
 PSYoungGen      total 273408K, used 19030K [0x000000076b300000, 0x0000000780080000, 0x00000007c0000000)
  eden space 259072K, 4% used [0x000000076b300000,0x000000076bde6630,0x000000077b000000)
  from space 14336K, 54% used [0x000000077b000000,0x000000077b7af2b0,0x000000077be00000)
  to   space 13824K, 0% used [0x000000077f300000,0x000000077f300000,0x0000000780080000)
 ParOldGen       total 145408K, used 30845K [0x00000006c1800000, 0x00000006ca600000, 0x000000076b300000)
  object space 145408K, 21% used [0x00000006c1800000,0x00000006c361f4e8,0x00000006ca600000)
 Metaspace       used 52598K, capacity 54612K, committed 55040K, reserved 1097728K
  class space    used 7012K, capacity 7381K, committed 7424K, reserved 1048576K

Card table byte_map: [0x0000000012b80000,0x0000000013380000] byte_map_base: 0x000000000f574000

Marking Bits: (ParMarkBitMap*) 0x0000000062d72d00
 Begin Bits: [0x00000000140d0000, 0x0000000018070000)
 End Bits:   [0x0000000018070000, 0x000000001c010000)

Polling page: 0x0000000000df0000

CodeCache: size=245760Kb used=10354Kb max_used=10354Kb free=235405Kb
 bounds [0x00000000037c0000, 0x00000000041e0000, 0x00000000127c0000]
 total_blobs=5677 nmethods=4933 adapters=656
 compilation: enabled

Compilation events (10 events):
Event: 40.023 Thread 0x000000001fed4000 5030       1       org.apache.tomcat.util.buf.MessageBytes::equalsIgnoreCase (78 bytes)
Event: 40.023 Thread 0x000000001fed4000 nmethod 5030 0x00000000041dd250 code [0x00000000041dd3e0, 0x00000000041dd5e8]
Event: 40.026 Thread 0x000000001fed4000 5031       1       org.apache.tomcat.util.buf.ByteChunk::equalsIgnoreCase (76 bytes)
Event: 40.027 Thread 0x000000001fed4000 nmethod 5031 0x00000000041dd710 code [0x00000000041dd8a0, 0x00000000041ddb88]
Event: 40.028 Thread 0x000000001fed4000 5032       1       java.nio.StringCharBuffer::get (19 bytes)
Event: 40.029 Thread 0x000000001fed4000 nmethod 5032 0x00000000041dded0 code [0x00000000041de040, 0x00000000041de258]
Event: 40.030 Thread 0x000000001fed4000 5033       1       java.nio.channels.spi.AbstractInterruptibleChannel::blockedOn (13 bytes)
Event: 40.030 Thread 0x000000001fed4000 nmethod 5033 0x00000000041de390 code [0x00000000041de500, 0x00000000041de7f0]
Event: 40.030 Thread 0x000000001fed4000 5034       1       java.lang.System$2::blockedOn (6 bytes)
Event: 40.030 Thread 0x000000001fed4000 nmethod 5034 0x00000000041de950 code [0x00000000041deaa0, 0x00000000041ded70]

GC Heap History (10 events):
Event: 14.700 GC heap before
{Heap before GC invocations=13 (full 2):
 PSYoungGen      total 172032K, used 160768K [0x000000076b300000, 0x0000000776800000, 0x00000007c0000000)
  eden space 160768K, 100% used [0x000000076b300000,0x0000000775000000,0x0000000775000000)
  from space 11264K, 0% used [0x0000000775d00000,0x0000000775d00000,0x0000000776800000)
  to   space 12288K, 0% used [0x0000000775000000,0x0000000775000000,0x0000000775c00000)
 ParOldGen       total 145408K, used 19366K [0x00000006c1800000, 0x00000006ca600000, 0x000000076b300000)
  object space 145408K, 13% used [0x00000006c1800000,0x00000006c2ae9988,0x00000006ca600000)
 Metaspace       used 35058K, capacity 36546K, committed 36992K, reserved 1081344K
  class space    used 4657K, capacity 4945K, committed 4992K, reserved 1048576K
Event: 14.702 GC heap after
Heap after GC invocations=13 (full 2):
 PSYoungGen      total 173056K, used 982K [0x000000076b300000, 0x0000000779c00000, 0x00000007c0000000)
  eden space 160768K, 0% used [0x000000076b300000,0x000000076b300000,0x0000000775000000)
  from space 12288K, 7% used [0x0000000775000000,0x00000007750f59c0,0x0000000775c00000)
  to   space 12800K, 0% used [0x0000000778f80000,0x0000000778f80000,0x0000000779c00000)
 ParOldGen       total 145408K, used 19374K [0x00000006c1800000, 0x00000006ca600000, 0x000000076b300000)
  object space 145408K, 13% used [0x00000006c1800000,0x00000006c2aeb988,0x00000006ca600000)
 Metaspace       used 35058K, capacity 36546K, committed 36992K, reserved 1081344K
  class space    used 4657K, capacity 4945K, committed 4992K, reserved 1048576K
}
Event: 16.353 GC heap before
{Heap before GC invocations=14 (full 2):
 PSYoungGen      total 173056K, used 161750K [0x000000076b300000, 0x0000000779c00000, 0x00000007c0000000)
  eden space 160768K, 100% used [0x000000076b300000,0x0000000775000000,0x0000000775000000)
  from space 12288K, 7% used [0x0000000775000000,0x00000007750f59c0,0x0000000775c00000)
  to   space 12800K, 0% used [0x0000000778f80000,0x0000000778f80000,0x0000000779c00000)
 ParOldGen       total 145408K, used 19374K [0x00000006c1800000, 0x00000006ca600000, 0x000000076b300000)
  object space 145408K, 13% used [0x00000006c1800000,0x00000006c2aeb988,0x00000006ca600000)
 Metaspace       used 36787K, capacity 38360K, committed 38528K, reserved 1083392K
  class space    used 4874K, capacity 5178K, committed 5248K, reserved 1048576K
Event: 16.357 GC heap after
Heap after GC invocations=14 (full 2):
 PSYoungGen      total 214528K, used 5005K [0x000000076b300000, 0x0000000779600000, 0x00000007c0000000)
  eden space 207872K, 0% used [0x000000076b300000,0x000000076b300000,0x0000000777e00000)
  from space 6656K, 75% used [0x0000000778f80000,0x00000007794637b0,0x0000000779600000)
  to   space 12288K, 0% used [0x0000000777e00000,0x0000000777e00000,0x0000000778a00000)
 ParOldGen       total 145408K, used 19574K [0x00000006c1800000, 0x00000006ca600000, 0x000000076b300000)
  object space 145408K, 13% used [0x00000006c1800000,0x00000006c2b1d988,0x00000006ca600000)
 Metaspace       used 36787K, capacity 38360K, committed 38528K, reserved 1083392K
  class space    used 4874K, capacity 5178K, committed 5248K, reserved 1048576K
}
Event: 20.868 GC heap before
{Heap before GC invocations=15 (full 2):
 PSYoungGen      total 214528K, used 212877K [0x000000076b300000, 0x0000000779600000, 0x00000007c0000000)
  eden space 207872K, 100% used [0x000000076b300000,0x0000000777e00000,0x0000000777e00000)
  from space 6656K, 75% used [0x0000000778f80000,0x00000007794637b0,0x0000000779600000)
  to   space 12288K, 0% used [0x0000000777e00000,0x0000000777e00000,0x0000000778a00000)
 ParOldGen       total 145408K, used 19574K [0x00000006c1800000, 0x00000006ca600000, 0x000000076b300000)
  object space 145408K, 13% used [0x00000006c1800000,0x00000006c2b1d988,0x00000006ca600000)
 Metaspace       used 38379K, capacity 40176K, committed 40320K, reserved 1083392K
  class space    used 5131K, capacity 5459K, committed 5504K, reserved 1048576K
Event: 20.874 GC heap after
Heap after GC invocations=15 (full 2):
 PSYoungGen      total 220160K, used 5063K [0x000000076b300000, 0x000000077ca00000, 0x00000007c0000000)
  eden space 207872K, 0% used [0x000000076b300000,0x000000076b300000,0x0000000777e00000)
  from space 12288K, 41% used [0x0000000777e00000,0x00000007782f1c78,0x0000000778a00000)
  to   space 12288K, 0% used [0x000000077be00000,0x000000077be00000,0x000000077ca00000)
 ParOldGen       total 145408K, used 23078K [0x00000006c1800000, 0x00000006ca600000, 0x000000076b300000)
  object space 145408K, 15% used [0x00000006c1800000,0x00000006c2e89988,0x00000006ca600000)
 Metaspace       used 38379K, capacity 40176K, committed 40320K, reserved 1083392K
  class space    used 5131K, capacity 5459K, committed 5504K, reserved 1048576K
}
Event: 22.922 GC heap before
{Heap before GC invocations=16 (full 2):
 PSYoungGen      total 220160K, used 212935K [0x000000076b300000, 0x000000077ca00000, 0x00000007c0000000)
  eden space 207872K, 100% used [0x000000076b300000,0x0000000777e00000,0x0000000777e00000)
  from space 12288K, 41% used [0x0000000777e00000,0x00000007782f1c78,0x0000000778a00000)
  to   space 12288K, 0% used [0x000000077be00000,0x000000077be00000,0x000000077ca00000)
 ParOldGen       total 145408K, used 23078K [0x00000006c1800000, 0x00000006ca600000, 0x000000076b300000)
  object space 145408K, 15% used [0x00000006c1800000,0x00000006c2e89988,0x00000006ca600000)
 Metaspace       used 44879K, capacity 46750K, committed 47104K, reserved 1089536K
  class space    used 6032K, capacity 6362K, committed 6400K, reserved 1048576K
Event: 22.932 GC heap after
Heap after GC invocations=16 (full 2):
 PSYoungGen      total 271360K, used 12279K [0x000000076b300000, 0x000000077cc00000, 0x00000007c0000000)
  eden space 259072K, 0% used [0x000000076b300000,0x000000076b300000,0x000000077b000000)
  from space 12288K, 99% used [0x000000077be00000,0x000000077c9fde40,0x000000077ca00000)
  to   space 14336K, 0% used [0x000000077b000000,0x000000077b000000,0x000000077be00000)
 ParOldGen       total 145408K, used 23936K [0x00000006c1800000, 0x00000006ca600000, 0x000000076b300000)
  object space 145408K, 16% used [0x00000006c1800000,0x00000006c2f601b0,0x00000006ca600000)
 Metaspace       used 44879K, capacity 46750K, committed 47104K, reserved 1089536K
  class space    used 6032K, capacity 6362K, committed 6400K, reserved 1048576K
}
Event: 39.985 GC heap before
{Heap before GC invocations=17 (full 2):
 PSYoungGen      total 271360K, used 271351K [0x000000076b300000, 0x000000077cc00000, 0x00000007c0000000)
  eden space 259072K, 100% used [0x000000076b300000,0x000000077b000000,0x000000077b000000)
  from space 12288K, 99% used [0x000000077be00000,0x000000077c9fde40,0x000000077ca00000)
  to   space 14336K, 0% used [0x000000077b000000,0x000000077b000000,0x000000077be00000)
 ParOldGen       total 145408K, used 23936K [0x00000006c1800000, 0x00000006ca600000, 0x000000076b300000)
  object space 145408K, 16% used [0x00000006c1800000,0x00000006c2f601b0,0x00000006ca600000)
 Metaspace       used 52561K, capacity 54594K, committed 54784K, reserved 1097728K
  class space    used 7005K, capacity 7378K, committed 7424K, reserved 1048576K
Event: 40.000 GC heap after
Heap after GC invocations=17 (full 2):
 PSYoungGen      total 273408K, used 7868K [0x000000076b300000, 0x0000000780080000, 0x00000007c0000000)
  eden space 259072K, 0% used [0x000000076b300000,0x000000076b300000,0x000000077b000000)
  from space 14336K, 54% used [0x000000077b000000,0x000000077b7af2b0,0x000000077be00000)
  to   space 13824K, 0% used [0x000000077f300000,0x000000077f300000,0x0000000780080000)
 ParOldGen       total 145408K, used 30845K [0x00000006c1800000, 0x00000006ca600000, 0x000000076b300000)
  object space 145408K, 21% used [0x00000006c1800000,0x00000006c361f4e8,0x00000006ca600000)
 Metaspace       used 52561K, capacity 54594K, committed 54784K, reserved 1097728K
  class space    used 7005K, capacity 7378K, committed 7424K, reserved 1048576K
}

Deoptimization events (0 events):
No events

Classes redefined (0 events):
No events

Internal exceptions (10 events):
Event: 31.335 Thread 0x0000000020835000 Exception <a 'sun/nio/fs/WindowsException'> (0x000000077310e2d8) thrown at [C:\re\workspace\8-2-build-windows-amd64-cygwin\jdk8u181\11358\hotspot\src\share\vm\prims\jni.cpp, line 709]
Event: 31.335 Thread 0x0000000020835000 Exception <a 'sun/nio/fs/WindowsException'> (0x000000077310fd20) thrown at [C:\re\workspace\8-2-build-windows-amd64-cygwin\jdk8u181\11358\hotspot\src\share\vm\prims\jni.cpp, line 709]
Event: 31.335 Thread 0x0000000020835000 Exception <a 'sun/nio/fs/WindowsException'> (0x0000000773111720) thrown at [C:\re\workspace\8-2-build-windows-amd64-cygwin\jdk8u181\11358\hotspot\src\share\vm\prims\jni.cpp, line 709]
Event: 31.335 Thread 0x0000000020835000 Exception <a 'sun/nio/fs/WindowsException'> (0x0000000773113148) thrown at [C:\re\workspace\8-2-build-windows-amd64-cygwin\jdk8u181\11358\hotspot\src\share\vm\prims\jni.cpp, line 709]
Event: 33.492 Thread 0x0000000020835000 Exception <a 'java/io/FileNotFoundException'> (0x000000077a52cbb0) thrown at [C:\re\workspace\8-2-build-windows-amd64-cygwin\jdk8u181\11358\hotspot\src\share\vm\prims\jni.cpp, line 709]
Event: 33.518 Thread 0x0000000020835000 Exception <a 'java/io/FileNotFoundException'> (0x000000077a5feed0) thrown at [C:\re\workspace\8-2-build-windows-amd64-cygwin\jdk8u181\11358\hotspot\src\share\vm\prims\jni.cpp, line 709]
Event: 34.999 Thread 0x00000000233d1000 Exception <a 'java/net/SocketTimeoutException': Read timed out> (0x000000076f572280) thrown at [C:\re\workspace\8-2-build-windows-amd64-cygwin\jdk8u181\11358\hotspot\src\share\vm\prims\jni.cpp, line 735]
Event: 38.994 Thread 0x00000000233cc000 Exception <a 'java/net/SocketTimeoutException': Read timed out> (0x00000007710f1850) thrown at [C:\re\workspace\8-2-build-windows-amd64-cygwin\jdk8u181\11358\hotspot\src\share\vm\prims\jni.cpp, line 735]
Event: 39.004 Thread 0x00000000233d1000 Exception <a 'java/net/SocketTimeoutException': Read timed out> (0x000000076f57c030) thrown at [C:\re\workspace\8-2-build-windows-amd64-cygwin\jdk8u181\11358\hotspot\src\share\vm\prims\jni.cpp, line 735]
Event: 40.004 Thread 0x0000000020832800 Exception <a 'java/net/SocketTimeoutException': Read timed out> (0x000000076b69d450) thrown at [C:\re\workspace\8-2-build-windows-amd64-cygwin\jdk8u181\11358\hotspot\src\share\vm\prims\jni.cpp, line 735]

Events (10 events):
Event: 40.020 loading class org/apache/catalina/webresources/AbstractArchiveResourceSet done
Event: 40.024 Executing VM operation: RevokeBias
Event: 40.024 Executing VM operation: RevokeBias done
Event: 40.024 Executing VM operation: RevokeBias
Event: 40.025 Executing VM operation: RevokeBias done
Event: 40.027 Executing VM operation: RevokeBias
Event: 40.027 Executing VM operation: RevokeBias done
Event: 40.028 Executing VM operation: RevokeBias
Event: 40.029 Executing VM operation: RevokeBias done
Event: 40.101 Thread 0x000000002115a000 Thread exited: 0x000000002115a000


Dynamic libraries:
0x00007ff79d5d0000 - 0x00007ff79d607000 	C:\Program Files\Java\jdk1.8.0_181\bin\java.exe
0x00007ff9ceea0000 - 0x00007ff9cf090000 	C:\WINDOWS\SYSTEM32\ntdll.dll
0x00007ff9ceb60000 - 0x00007ff9cec12000 	C:\WINDOWS\System32\KERNEL32.DLL
0x00007ff9cbec0000 - 0x00007ff9cc165000 	C:\WINDOWS\System32\KERNELBASE.dll
0x00007ff9cd040000 - 0x00007ff9cd0e3000 	C:\WINDOWS\System32\ADVAPI32.dll
0x00007ff9ccfa0000 - 0x00007ff9cd03e000 	C:\WINDOWS\System32\msvcrt.dll
0x00007ff9cecd0000 - 0x00007ff9ced67000 	C:\WINDOWS\System32\sechost.dll
0x00007ff9cea40000 - 0x00007ff9ceb5f000 	C:\WINDOWS\System32\RPCRT4.dll
0x00007ff9cd650000 - 0x00007ff9cd7e4000 	C:\WINDOWS\System32\USER32.dll
0x00007ff9ccad0000 - 0x00007ff9ccaf1000 	C:\WINDOWS\System32\win32u.dll
0x00007ff9cd560000 - 0x00007ff9cd586000 	C:\WINDOWS\System32\GDI32.dll
0x00007ff9ccb00000 - 0x00007ff9ccc98000 	C:\WINDOWS\System32\gdi32full.dll
0x00007ff9ccca0000 - 0x00007ff9ccd3e000 	C:\WINDOWS\System32\msvcp_win.dll
0x00007ff9cc9a0000 - 0x00007ff9cca9a000 	C:\WINDOWS\System32\ucrtbase.dll
0x00007ff9b6180000 - 0x00007ff9b6404000 	C:\WINDOWS\WinSxS\amd64_microsoft.windows.common-controls_6595b64144ccf1df_6.0.18362.1440_none_9e7dbfb9e45e8e67\COMCTL32.dll
0x00007ff9ce6f0000 - 0x00007ff9cea26000 	C:\WINDOWS\System32\combase.dll
0x00007ff9cbe10000 - 0x00007ff9cbe91000 	C:\WINDOWS\System32\bcryptPrimitives.dll
0x00007ff9ccf50000 - 0x00007ff9ccf7e000 	C:\WINDOWS\System32\IMM32.DLL
0x00000000632f0000 - 0x00000000633c2000 	C:\Program Files\Java\jdk1.8.0_181\jre\bin\msvcr100.dll
0x0000000062550000 - 0x0000000062df2000 	C:\Program Files\Java\jdk1.8.0_181\jre\bin\server\jvm.dll
0x00007ff9ccf80000 - 0x00007ff9ccf88000 	C:\WINDOWS\System32\PSAPI.DLL
0x00007ff9b2ad0000 - 0x00007ff9b2ad9000 	C:\WINDOWS\SYSTEM32\WSOCK32.dll
0x00007ff9ced70000 - 0x00007ff9ceddf000 	C:\WINDOWS\System32\WS2_32.dll
0x00007ff9c4240000 - 0x00007ff9c4264000 	C:\WINDOWS\SYSTEM32\WINMM.dll
0x00007ff9c3960000 - 0x00007ff9c396a000 	C:\WINDOWS\SYSTEM32\VERSION.dll
0x00007ff9c4210000 - 0x00007ff9c423d000 	C:\WINDOWS\SYSTEM32\WINMMBASE.dll
0x00007ff9cc8f0000 - 0x00007ff9cc93a000 	C:\WINDOWS\System32\cfgmgr32.dll
0x00000000632e0000 - 0x00000000632ef000 	C:\Program Files\Java\jdk1.8.0_181\jre\bin\verify.dll
0x00000000632b0000 - 0x00000000632d9000 	C:\Program Files\Java\jdk1.8.0_181\jre\bin\java.dll
0x0000000063260000 - 0x0000000063283000 	C:\Program Files\Java\jdk1.8.0_181\jre\bin\instrument.dll
0x0000000063290000 - 0x00000000632a6000 	C:\Program Files\Java\jdk1.8.0_181\jre\bin\zip.dll
0x00007ff9cd810000 - 0x00007ff9cdef8000 	C:\WINDOWS\System32\SHELL32.dll
0x00007ff9ce640000 - 0x00007ff9ce6e7000 	C:\WINDOWS\System32\shcore.dll
0x00007ff9cc170000 - 0x00007ff9cc8eb000 	C:\WINDOWS\System32\windows.storage.dll
0x00007ff9cbdd0000 - 0x00007ff9cbdee000 	C:\WINDOWS\System32\profapi.dll
0x00007ff9cbd80000 - 0x00007ff9cbdca000 	C:\WINDOWS\System32\powrprof.dll
0x00007ff9cbd50000 - 0x00007ff9cbd60000 	C:\WINDOWS\System32\UMPDC.dll
0x00007ff9cd5f0000 - 0x00007ff9cd642000 	C:\WINDOWS\System32\shlwapi.dll
0x00007ff9cbd60000 - 0x00007ff9cbd71000 	C:\WINDOWS\System32\kernel.appcore.dll
0x00007ff9cbea0000 - 0x00007ff9cbeb7000 	C:\WINDOWS\System32\cryptsp.dll
0x00007ff9c0030000 - 0x00007ff9c004a000 	E:\Program Files\JetBrains\IntelliJ IDEA 2020.1.2\bin\breakgen64.dll
0x0000000063240000 - 0x000000006325a000 	C:\Program Files\Java\jdk1.8.0_181\jre\bin\net.dll
0x00007ff9cb590000 - 0x00007ff9cb5f7000 	C:\WINDOWS\system32\mswsock.dll
0x00007ff9cb2e0000 - 0x00007ff9cb3ab000 	C:\WINDOWS\SYSTEM32\DNSAPI.dll
0x00007ff9cea30000 - 0x00007ff9cea38000 	C:\WINDOWS\System32\NSI.dll
0x00007ff9cb2a0000 - 0x00007ff9cb2da000 	C:\WINDOWS\SYSTEM32\IPHLPAPI.DLL
0x0000000062e00000 - 0x0000000062e26000 	C:\Program Files\Bonjour\mdnsNSP.dll
0x00007ff9beed0000 - 0x00007ff9beeda000 	C:\Windows\System32\rasadhlp.dll
0x00007ff9bf650000 - 0x00007ff9bf6c7000 	C:\WINDOWS\System32\fwpuclnt.dll
0x00007ff9ccaa0000 - 0x00007ff9ccac6000 	C:\WINDOWS\System32\bcrypt.dll
0x0000000063230000 - 0x000000006323d000 	C:\Program Files\Java\jdk1.8.0_181\jre\bin\management.dll
0x0000000063210000 - 0x0000000063221000 	C:\Program Files\Java\jdk1.8.0_181\jre\bin\nio.dll
0x00007ff9cb110000 - 0x00007ff9cb143000 	C:\WINDOWS\system32\rsaenh.dll
0x00007ff9cbc70000 - 0x00007ff9cbc95000 	C:\WINDOWS\SYSTEM32\USERENV.dll
0x00007ff9cb760000 - 0x00007ff9cb76c000 	C:\WINDOWS\SYSTEM32\CRYPTBASE.dll
0x00007ff9bff90000 - 0x00007ff9bffa6000 	C:\WINDOWS\SYSTEM32\dhcpcsvc6.DLL
0x00007ff9bff70000 - 0x00007ff9bff8c000 	C:\WINDOWS\SYSTEM32\dhcpcsvc.DLL
0x00007ff9ac060000 - 0x00007ff9ac076000 	C:\WINDOWS\system32\napinsp.dll
0x00007ff9ac040000 - 0x00007ff9ac05a000 	C:\WINDOWS\system32\pnrpnsp.dll
0x00007ff9ac030000 - 0x00007ff9ac03e000 	C:\WINDOWS\System32\winrnr.dll
0x00007ff9c4fb0000 - 0x00007ff9c4fcc000 	C:\WINDOWS\system32\NLAapi.dll
0x00007ff9c4380000 - 0x00007ff9c4395000 	C:\WINDOWS\system32\wshbth.dll
0x00007ff9a9cd0000 - 0x00007ff9a9d21000 	C:\Users\DELL\.javacpp\cache\libfreenect2-0.2.0-1.4.1-windows-x86_64.jar\org\bytedeco\javacpp\windows-x86_64\concrt140.dll
0x00007ff9b4fc0000 - 0x00007ff9b504d000 	C:\WINDOWS\SYSTEM32\MSVCP140.dll
0x00007ff9b5730000 - 0x00007ff9b574a000 	C:\WINDOWS\SYSTEM32\VCRUNTIME140.dll
0x00007ff9b5720000 - 0x00007ff9b572c000 	C:\WINDOWS\SYSTEM32\VCRUNTIME140_1.dll
0x00007ff9a7720000 - 0x00007ff9a77bd000 	C:\Users\DELL\.javacpp\cache\libfreenect2-0.2.0-1.4.1-windows-x86_64.jar\org\bytedeco\javacpp\windows-x86_64\msvcp140.dll
0x00007ff9b1350000 - 0x00007ff9b1367000 	C:\Users\DELL\.javacpp\cache\libfreenect2-0.2.0-1.4.1-windows-x86_64.jar\org\bytedeco\javacpp\windows-x86_64\vcruntime140.dll
0x0000000001740000 - 0x0000000001743000 	C:\Users\DELL\.javacpp\cache\libfreenect2-0.2.0-1.4.1-windows-x86_64.jar\org\bytedeco\javacpp\windows-x86_64\api-ms-win-crt-locale-l1-1-0.dll
0x0000000002fc0000 - 0x0000000002fc4000 	C:\Users\DELL\.javacpp\cache\libfreenect2-0.2.0-1.4.1-windows-x86_64.jar\org\bytedeco\javacpp\windows-x86_64\api-ms-win-crt-string-l1-1-0.dll
0x0000000002fd0000 - 0x0000000002fd4000 	C:\Users\DELL\.javacpp\cache\libfreenect2-0.2.0-1.4.1-windows-x86_64.jar\org\bytedeco\javacpp\windows-x86_64\api-ms-win-crt-stdio-l1-1-0.dll
0x0000000002fe0000 - 0x0000000002fe5000 	C:\Users\DELL\.javacpp\cache\libfreenect2-0.2.0-1.4.1-windows-x86_64.jar\org\bytedeco\javacpp\windows-x86_64\api-ms-win-crt-math-l1-1-0.dll
0x0000000003740000 - 0x0000000003743000 	C:\Users\DELL\.javacpp\cache\libfreenect2-0.2.0-1.4.1-windows-x86_64.jar\org\bytedeco\javacpp\windows-x86_64\api-ms-win-crt-heap-l1-1-0.dll
0x0000000003750000 - 0x0000000003754000 	C:\Users\DELL\.javacpp\cache\libfreenect2-0.2.0-1.4.1-windows-x86_64.jar\org\bytedeco\javacpp\windows-x86_64\api-ms-win-crt-runtime-l1-1-0.dll
0x0000000003760000 - 0x0000000003764000 	C:\Users\DELL\.javacpp\cache\libfreenect2-0.2.0-1.4.1-windows-x86_64.jar\org\bytedeco\javacpp\windows-x86_64\api-ms-win-crt-convert-l1-1-0.dll
0x0000000003770000 - 0x0000000003773000 	C:\Users\DELL\.javacpp\cache\libfreenect2-0.2.0-1.4.1-windows-x86_64.jar\org\bytedeco\javacpp\windows-x86_64\api-ms-win-crt-environment-l1-1-0.dll
0x0000000003780000 - 0x0000000003783000 	C:\Users\DELL\.javacpp\cache\libfreenect2-0.2.0-1.4.1-windows-x86_64.jar\org\bytedeco\javacpp\windows-x86_64\api-ms-win-crt-time-l1-1-0.dll
0x0000000003790000 - 0x0000000003793000 	C:\Users\DELL\.javacpp\cache\libfreenect2-0.2.0-1.4.1-windows-x86_64.jar\org\bytedeco\javacpp\windows-x86_64\api-ms-win-crt-filesystem-l1-1-0.dll
0x00000000037a0000 - 0x00000000037a3000 	C:\Users\DELL\.javacpp\cache\libfreenect2-0.2.0-1.4.1-windows-x86_64.jar\org\bytedeco\javacpp\windows-x86_64\api-ms-win-crt-utility-l1-1-0.dll
0x00000000216d0000 - 0x00000000216d5000 	C:\Users\DELL\.javacpp\cache\libfreenect2-0.2.0-1.4.1-windows-x86_64.jar\org\bytedeco\javacpp\windows-x86_64\api-ms-win-crt-multibyte-l1-1-0.dll
0x00007ff975af0000 - 0x00007ff975df4000 	C:\Users\DELL\.javacpp\cache\opencv-3.4.1-1.4.1-windows-x86_64.jar\org\bytedeco\javacpp\windows-x86_64\opencv_core341.dll
0x00007ff9756e0000 - 0x00007ff975ae5000 	C:\Users\DELL\.javacpp\cache\opencv-3.4.1-1.4.1-windows-x86_64.jar\org\bytedeco\javacpp\windows-x86_64\opencv_imgproc341.dll
0x00007ff975350000 - 0x00007ff9756de000 	C:\Users\DELL\.javacpp\cache\opencv-3.4.1-1.4.1-windows-x86_64.jar\org\bytedeco\javacpp\windows-x86_64\jniopencv_core.dll
0x00007ff990c20000 - 0x00007ff990d76000 	C:\Users\DELL\.javacpp\cache\opencv-3.4.1-1.4.1-windows-x86_64.jar\org\bytedeco\javacpp\windows-x86_64\jniopencv_imgproc.dll
0x00007ff977970000 - 0x00007ff977c3f000 	C:\Users\DELL\.javacpp\cache\opencv-3.4.1-1.4.1-windows-x86_64.jar\org\bytedeco\javacpp\windows-x86_64\opencv_imgcodecs341.dll
0x00007ff9ac500000 - 0x00007ff9ac534000 	C:\Users\DELL\.javacpp\cache\opencv-3.4.1-1.4.1-windows-x86_64.jar\org\bytedeco\javacpp\windows-x86_64\jniopencv_imgcodecs.dll
0x00007ff9a6ba0000 - 0x00007ff9a6bf1000 	C:\Users\DELL\.javacpp\cache\opencv-3.4.1-1.4.1-windows-x86_64.jar\org\bytedeco\javacpp\windows-x86_64\opencv_videoio341.dll
0x00007ff9ce030000 - 0x00007ff9ce187000 	C:\WINDOWS\System32\ole32.dll
0x00007ff9ce3b0000 - 0x00007ff9ce475000 	C:\WINDOWS\System32\OLEAUT32.dll
0x00007ff9b7470000 - 0x00007ff9b7499000 	C:\WINDOWS\SYSTEM32\MSVFW32.dll
0x00007ff9b78b0000 - 0x00007ff9b78c8000 	C:\WINDOWS\SYSTEM32\AVICAP32.dll
0x00007ff9b08f0000 - 0x00007ff9b0910000 	C:\WINDOWS\SYSTEM32\AVIFIL32.dll
0x00007ff9b01d0000 - 0x00007ff9b01ec000 	C:\WINDOWS\SYSTEM32\MSACM32.dll
0x00007ff9ac670000 - 0x00007ff9ac68f000 	C:\Users\DELL\.javacpp\cache\opencv-3.4.1-1.4.1-windows-x86_64.jar\org\bytedeco\javacpp\windows-x86_64\jniopencv_videoio.dll
0x00007ff9c60b0000 - 0x00007ff9c6149000 	C:\WINDOWS\system32\uxtheme.dll
0x00007ff9cec20000 - 0x00007ff9cecc2000 	C:\WINDOWS\System32\clbcatq.dll
0x00007ff9b5530000 - 0x00007ff9b5548000 	C:\Windows\System32\devenum.dll
0x00007ff9cd0f0000 - 0x00007ff9cd560000 	C:\WINDOWS\System32\setupapi.dll
0x00007ff9cad70000 - 0x00007ff9cada1000 	C:\WINDOWS\SYSTEM32\ntmarta.dll
0x00007ff9cbb30000 - 0x00007ff9cbb5a000 	C:\WINDOWS\SYSTEM32\DEVOBJ.dll
0x00007ff9cc940000 - 0x00007ff9cc99c000 	C:\WINDOWS\System32\WINTRUST.dll
0x00007ff9cbdf0000 - 0x00007ff9cbe02000 	C:\WINDOWS\System32\MSASN1.dll
0x00007ff9ccd40000 - 0x00007ff9cce91000 	C:\WINDOWS\System32\CRYPT32.dll
0x00007ff9c1830000 - 0x00007ff9c183b000 	C:\WINDOWS\SYSTEM32\msdmo.dll
0x00007ff9aa7e0000 - 0x00007ff9aa814000 	C:\Windows\System32\qcap.dll
0x00007ff98f940000 - 0x00007ff98fb04000 	C:\Windows\System32\quartz.dll
0x00007ff9ce480000 - 0x00007ff9ce5b5000 	C:\WINDOWS\System32\MSCTF.dll
0x00007ff9a9b80000 - 0x00007ff9a9bcc000 	C:\Windows\System32\mfksproxy.dll
0x00007ff9b0760000 - 0x00007ff9b077c000 	C:\Windows\System32\ATL.DLL
0x00007ff9c2470000 - 0x00007ff9c266a000 	C:\Windows\System32\MFPlat.DLL
0x00007ff9c1e00000 - 0x00007ff9c1e2f000 	C:\Windows\System32\RTWorkQ.DLL
0x00007ff9a5d20000 - 0x00007ff9a5d7c000 	C:\Windows\System32\MFSENSORGROUP.dll
0x00007ff9a76d0000 - 0x00007ff9a771d000 	C:\Windows\System32\ksproxy.ax
0x00007ff9b33f0000 - 0x00007ff9b35b7000 	C:\Windows\System32\d3d9.dll
0x00007ff9c2d20000 - 0x00007ff9c2d29000 	C:\Windows\System32\ksuser.dll
0x00007ff9c6570000 - 0x00007ff9c659d000 	C:\Windows\System32\dwmapi.dll
0x00007ff9ca970000 - 0x00007ff9ca990000 	C:\WINDOWS\SYSTEM32\dxcore.dll
0x00007ff9c4bd0000 - 0x00007ff9c4c59000 	C:\WINDOWS\SYSTEM32\policymanager.dll
0x00007ff9c4ae0000 - 0x00007ff9c4b6a000 	C:\Windows\System32\msvcp110_win.dll
0x00007ff9c0d40000 - 0x00007ff9c0d4d000 	C:\Windows\System32\vidcap.ax
0x00007ff9a9dc0000 - 0x00007ff9a9de6000 	C:\Windows\System32\kswdmcap.ax
0x00007ff97c200000 - 0x00007ff97c362000 	C:\Windows\System32\MFC42.dll
0x00007ff994c50000 - 0x00007ff994cf1000 	C:\Windows\System32\qedit.dll
0x00007ff9cdf60000 - 0x00007ff9ce030000 	C:\WINDOWS\System32\COMDLG32.dll
0x00007ff9b5f00000 - 0x00007ff9b60a6000 	C:\WINDOWS\WinSxS\amd64_microsoft.windows.gdiplus_6595b64144ccf1df_1.1.18362.1440_none_cf68b29f3ef10835\gdiplus.dll
0x00007ff9a2e50000 - 0x00007ff9a2f47000 	C:\Windows\System32\DDRAW.dll
0x00007ff9c3470000 - 0x00007ff9c3478000 	C:\Windows\System32\DCIMAN32.dll
0x00007ff9caa00000 - 0x00007ff9caaeb000 	C:\Windows\System32\dxgi.dll

VM Arguments:
jvm_args: -Djava.awt.headless=false -XX:TieredStopAtLevel=1 -Xverify:none -Dspring.output.ansi.enabled=always -Dcom.sun.management.jmxremote -Dspring.jmx.enabled=true -Dspring.liveBeansView.mbeanDomain -Dspring.application.admin.enabled=true -javaagent:E:\Program Files\JetBrains\IntelliJ IDEA 2020.1.2\lib\idea_rt.jar=10957:E:\Program Files\JetBrains\IntelliJ IDEA 2020.1.2\bin -Dfile.encoding=UTF-8 
java_command: cn.macswelle.campusecurity.nvrlistener.NvrlistenerApplication
java_class_path (initial): C:\Program Files\Java\jdk1.8.0_181\jre\lib\charsets.jar;C:\Program Files\Java\jdk1.8.0_181\jre\lib\deploy.jar;C:\Program Files\Java\jdk1.8.0_181\jre\lib\ext\access-bridge-64.jar;C:\Program Files\Java\jdk1.8.0_181\jre\lib\ext\cldrdata.jar;C:\Program Files\Java\jdk1.8.0_181\jre\lib\ext\dnsns.jar;C:\Program Files\Java\jdk1.8.0_181\jre\lib\ext\jaccess.jar;C:\Program Files\Java\jdk1.8.0_181\jre\lib\ext\jfxrt.jar;C:\Program Files\Java\jdk1.8.0_181\jre\lib\ext\localedata.jar;C:\Program Files\Java\jdk1.8.0_181\jre\lib\ext\nashorn.jar;C:\Program Files\Java\jdk1.8.0_181\jre\lib\ext\sunec.jar;C:\Program Files\Java\jdk1.8.0_181\jre\lib\ext\sunjce_provider.jar;C:\Program Files\Java\jdk1.8.0_181\jre\lib\ext\sunmscapi.jar;C:\Program Files\Java\jdk1.8.0_181\jre\lib\ext\sunpkcs11.jar;C:\Program Files\Java\jdk1.8.0_181\jre\lib\ext\zipfs.jar;C:\Program Files\Java\jdk1.8.0_181\jre\lib\javaws.jar;C:\Program Files\Java\jdk1.8.0_181\jre\lib\jce.jar;C:\Program Files\Java\jdk1.8.0_181\jre\lib\jfr.jar;C:\Program Files\Java\jdk1.8.0_181\jre\lib\jfxswt.jar;C:\Program Files\Java\jdk1.8.0_181\jre\lib\jsse.jar;C:\Program Files\Java\jdk1.8.0_181\jre\lib\management-agent.jar;C:\Program Files\Java\jdk1.8.0_181\jre\lib\plugin.jar;C:\Program Files\Java\jdk1.8.0_181\jre\lib\resources.jar;C:\Program Files\Java\jdk1.8.0_181\jre\lib\rt.jar;E:\code\J2EE\campusecurity\nvrlistener\target\classes;E:\code\J2EE\campusecurity\common\target\classes;F:\maven\repository\io\jsonwebtoken\jjwt\0.9.1\jjwt-0.9.1.jar;F:\maven\repository\cn\hutool\hutool-all\5.3.10\hutool-all-5.3.10.jar;F:\maven\repository\com\auth0\java-jwt\3.10.0\java-jwt-3.10.0.jar;F:\maven\repository\commons-codec\commons-codec\1.11\commons-codec-1.11.jar;E:\code\J2EE\campusecurity\feign-api\target\classes;F:\maven\repository\org\springframework\cloud\spring-cloud-starter-openfeign\2.0.4.RELEASE\spring-cloud-starter-openfeign-2.0.4.RELEASE.jar;F:\maven\repository\org\springframework\cloud\spring-cloud-openfeign-core\2.0.4.
Launcher Type: SUN_STANDARD

Environment Variables:
JAVA_HOME=C:\Program Files\Java\jdk1.8.0_181
CLASSPATH=.;C:\Program Files\Java\jdk1.8.0_181\lib;C:\Program Files\Java\jdk1.8.0_181\lib\tools.jar;C:\Program Files\Java\jdk1.8.0_181\lib\comm.jar;C:\Program Files (x86)\Java\jdk1.8.0_211\lib;C:\Program Files (x86)\Java\jdk1.8.0_211\lib\tools.jar;C:\Program Files (x86)\Java\jdk1.8.0_211\lib\comm.jar
USERNAME=DELL
OS=Windows_NT
PROCESSOR_IDENTIFIER=Intel64 Family 6 Model 142 Stepping 10, GenuineIntel



---------------  S Y S T E M  ---------------

OS: Windows 10.0 , 64 bit Build 18362 (10.0.18362.1350)

CPU:total 8 (initial active 8) (4 cores per cpu, 2 threads per core) family 6 model 142 stepping 10, cmov, cx8, fxsr, mmx, sse, sse2, sse3, ssse3, sse4.1, sse4.2, popcnt, avx, avx2, aes, clmul, erms, 3dnowpref, lzcnt, ht, tsc, tscinvbit, bmi1, bmi2, adx

Memory: 4k page, physical 16671976k(6649624k free), swap 19426084k(2696000k free)

vm_info: Java HotSpot(TM) 64-Bit Server VM (25.181-b13) for windows-amd64 JRE (1.8.0_181-b13), built on Jul  7 2018 04:01:33 by "java_re" with MS VC++ 10.0 (VS2010)

time: Mon Apr 12 17:43:13 2021
elapsed time: 40 seconds (0d 0h 0m 40s)

